[2024-04-25 05:05:56,559] [builder.py:193]            [INFO]     |====================================================================================================|
[2024-04-25 05:05:56,559] [builder.py:193]            [INFO]     |                                    Bourne Collection in Movies                                     |
[2024-04-25 05:05:56,559] [builder.py:193]            [INFO]     |====================================================================================================|
[2024-04-25 05:05:56,559] [builder.py:194]            [INFO]     |                                                                                                    |
[2024-04-25 05:05:56,559] [builder.py:205]            [INFO]     |================================ Building Definition From Templates ================================|
[2024-04-25 05:05:56,559] [builder.py:206]            [DEBUG]    |                                                                                                    |
[2024-04-25 05:05:56,559] [builder.py:216]            [DEBUG]    | Templates Called: Franchise                                                                        |
[2024-04-25 05:05:56,560] [builder.py:217]            [DEBUG]    |                                                                                                    |
[2024-04-25 05:05:56,560] [meta.py:550]               [DEBUG]    |==================================== Final Template Attributes =====================================|
[2024-04-25 05:05:56,561] [meta.py:551]               [DEBUG]    |                                                                                                    |
[2024-04-25 05:05:56,561] [meta.py:552]               [DEBUG]    | {'url_poster': 'https://theposterdb.com/api/assets/16464', 'sort_title': '++++_Bourne', 'collection_mode': 'hide', 'collection_order': 'release', 'delete_not_scheduled': True, 'run_again': True, 'visible_home': False, 'visible_shared': False, 'sync_mode': 'sync'} |
[2024-04-25 05:05:56,561] [meta.py:553]               [DEBUG]    |                                                                                                    |
[2024-04-25 05:05:56,561] [builder.py:233]            [INFO]     |=================================== Validating Bourne Attributes ===================================|
[2024-04-25 05:05:56,721] [builder.py:500]            [DEBUG]    |                                                                                                    |
[2024-04-25 05:05:56,722] [builder.py:501]            [DEBUG]    | Validating Method: delete_not_scheduled                                                            |
[2024-04-25 05:05:56,722] [builder.py:502]            [DEBUG]    | Value: True                                                                                        |
[2024-04-25 05:05:56,722] [builder.py:558]            [DEBUG]    |                                                                                                    |
[2024-04-25 05:05:56,722] [builder.py:559]            [DEBUG]    | Validating Method: run_again                                                                       |
[2024-04-25 05:05:56,722] [builder.py:560]            [DEBUG]    | Value: True                                                                                        |
[2024-04-25 05:05:56,722] [builder.py:579]            [DEBUG]    |                                                                                                    |
[2024-04-25 05:05:56,722] [builder.py:580]            [DEBUG]    | Validating Method: sync_mode                                                                       |
[2024-04-25 05:05:56,722] [builder.py:584]            [DEBUG]    | Value: sync                                                                                        |
[2024-04-25 05:05:56,722] [builder.py:682]            [DEBUG]    |                                                                                                    |
[2024-04-25 05:05:56,723] [builder.py:683]            [DEBUG]    | Validating Method: collection_order                                                                |
[2024-04-25 05:05:56,723] [builder.py:684]            [DEBUG]    | Value: release                                                                                     |
[2024-04-25 05:05:56,723] [builder.py:715]            [DEBUG]    |                                                                                                    |
[2024-04-25 05:05:56,723] [builder.py:719]            [DEBUG]    | Validating Method: imdb_list                                                                       |
[2024-04-25 05:05:56,723] [builder.py:720]            [DEBUG]    | Value: https://www.imdb.com/list/ls026772377/                                                      |
[2024-04-25 05:05:57,327] [builder.py:715]            [DEBUG]    |                                                                                                    |
[2024-04-25 05:05:57,327] [builder.py:719]            [DEBUG]    | Validating Method: summary                                                                         |
[2024-04-25 05:05:57,328] [builder.py:720]            [DEBUG]    | Value: The Bourne franchise consists of action-thriller installments based on the character Jason Bourne, created by author Robert Ludlum. The franchise includes five theatrical films, and a spin-off prequel television series. |
[2024-04-25 05:05:57,328] [builder.py:715]            [DEBUG]    |                                                                                                    |
[2024-04-25 05:05:57,328] [builder.py:719]            [DEBUG]    | Validating Method: url_poster                                                                      |
[2024-04-25 05:05:57,328] [builder.py:720]            [DEBUG]    | Value: https://theposterdb.com/api/assets/16464                                                    |
[2024-04-25 05:05:57,731] [builder.py:715]            [DEBUG]    |                                                                                                    |
[2024-04-25 05:05:57,732] [builder.py:719]            [DEBUG]    | Validating Method: sort_title                                                                      |
[2024-04-25 05:05:57,732] [builder.py:720]            [DEBUG]    | Value: ++++_Bourne                                                                                 |
[2024-04-25 05:05:57,732] [builder.py:715]            [DEBUG]    |                                                                                                    |
[2024-04-25 05:05:57,732] [builder.py:719]            [DEBUG]    | Validating Method: collection_mode                                                                 |
[2024-04-25 05:05:57,732] [builder.py:720]            [DEBUG]    | Value: hide                                                                                        |
[2024-04-25 05:05:57,732] [builder.py:715]            [DEBUG]    |                                                                                                    |
[2024-04-25 05:05:57,732] [builder.py:719]            [DEBUG]    | Validating Method: visible_home                                                                    |
[2024-04-25 05:05:57,732] [builder.py:720]            [DEBUG]    | Value: False                                                                                       |
[2024-04-25 05:05:57,732] [builder.py:715]            [DEBUG]    |                                                                                                    |
[2024-04-25 05:05:57,733] [builder.py:719]            [DEBUG]    | Validating Method: visible_shared                                                                  |
[2024-04-25 05:05:57,733] [builder.py:720]            [DEBUG]    | Value: False                                                                                       |
[2024-04-25 05:05:57,733] [builder.py:885]            [INFO]     |                                                                                                    |
[2024-04-25 05:05:57,733] [builder.py:886]            [INFO]     | Validation Successful                                                                              |
[2024-04-25 05:05:57,733] [plex_meta_manager.py:636]  [INFO]     |                                                                                                    |
[2024-04-25 05:05:57,733] [plex_meta_manager.py:638]  [INFO]     |==================================== Running Bourne Collection =====================================|
[2024-04-25 05:05:57,733] [plex_meta_manager.py:652]  [INFO]     |                                                                                                    |
[2024-04-25 05:05:57,733] [plex_meta_manager.py:653]  [INFO]     | Sync Mode: sync                                                                                    |
[2024-04-25 05:05:57,733] [plex_meta_manager.py:656]  [DEBUG]    |                                                                                                    |
[2024-04-25 05:05:57,733] [plex_meta_manager.py:657]  [DEBUG]    | Builder: imdb_list: {'url': 'https://www.imdb.com/list/ls026772377/', 'limit': 0}                  |
[2024-04-25 05:05:57,734] [plex_meta_manager.py:658]  [INFO]     |                                                                                                    |
[2024-04-25 05:05:57,734] [imdb.py:205]               [INFO]     | Processing IMDb List: https://www.imdb.com/list/ls026772377/                                       |
[2024-04-25 05:06:00,777] [builder.py:1665]           [DEBUG]    |                                                                                                    |
[2024-04-25 05:06:00,777] [builder.py:1666]           [DEBUG]    | 5 IDs Found                                                                                        |
[2024-04-25 05:06:00,777] [builder.py:1668]           [DEBUG]    |                                                                                                    |
[2024-04-25 05:06:00,779] [builder.py:2249]           [INFO]     |                                                                                                    |
[2024-04-25 05:06:00,779] [builder.py:2250]           [INFO]     |=================================== Adding to Bourne Collection ====================================|
[2024-04-25 05:06:00,780] [builder.py:2251]           [INFO]     |                                                                                                    |
[2024-04-25 05:06:00,780] [builder.py:2265]           [INFO]     | 1/5 | Bourne Collection | = | The Bourne Identity (2002)                                           |
[2024-04-25 05:06:00,780] [builder.py:2265]           [INFO]     | 2/5 | Bourne Collection | = | The Bourne Supremacy (2004)                                          |
[2024-04-25 05:06:00,780] [builder.py:2265]           [INFO]     | 3/5 | Bourne Collection | = | The Bourne Ultimatum (2007)                                          |
[2024-04-25 05:06:00,780] [builder.py:2265]           [INFO]     | 4/5 | Bourne Collection | = | The Bourne Legacy (2012)                                             |
[2024-04-25 05:06:00,780] [builder.py:2265]           [INFO]     | 5/5 | Bourne Collection | = | Jason Bourne (2016)                                                  |
[2024-04-25 05:06:00,780] [builder.py:2285]           [INFO]     |                                                                                                    |
[2024-04-25 05:06:00,781] [builder.py:2287]           [INFO]     | 5 Movies Processed 0 Movies Added                                                                  |
[2024-04-25 05:06:00,788] [builder.py:2623]           [INFO]     |                                                                                                    |
[2024-04-25 05:06:00,788] [builder.py:2624]           [INFO]     |============================== Updating Details of Bourne Collection ===============================|
[2024-04-25 05:06:00,788] [builder.py:2625]           [INFO]     |                                                                                                    |
[2024-04-25 05:06:00,797] [builder.py:2689]           [INFO]     | Collection Metadata Edits                                                                          |
[2024-04-25 05:06:00,800] [util.py:178]               [DEBUG]    | 2 posters found:                                                                                   |
[2024-04-25 05:06:00,800] [util.py:180]               [DEBUG]    | Method: url_poster Poster: https://theposterdb.com/api/assets/16464                                |
[2024-04-25 05:06:00,800] [util.py:180]               [DEBUG]    | Method: asset_directory Poster: {'attribute': 'asset_directory', 'location': '//config/assets/movies/Bourne/poster.png', 'prefix': "Bourne's ", 'is_poster': True, 'is_url': False, 'compare': 346361, 'message': "Bourne's poster to [File] //config/assets/movies/Bourne/poster.png"} |
[2024-04-25 05:06:00,801] [library.py:177]            [INFO]     | Detail: Bourne's poster update not needed                                                          |
[2024-04-25 05:06:00,960] [plex_meta_manager.py:780]  [INFO]     |                                                                                                    |
[2024-04-25 05:06:00,960] [plex_meta_manager.py:781]  [INFO]     |====================================================================================================|
[2024-04-25 05:06:00,961] [plex_meta_manager.py:781]  [INFO]     |                                     Finished Bourne Collection                                     |
[2024-04-25 05:06:00,961] [plex_meta_manager.py:781]  [INFO]     |                                    Collection Run Time: 0:00:04                                    |
[2024-04-25 05:06:00,961] [plex_meta_manager.py:781]  [INFO]     |====================================================================================================|
