[2024-04-25 05:01:35,886] [builder.py:193]            [INFO]     |====================================================================================================|
[2024-04-25 05:01:35,886] [builder.py:193]            [INFO]     |                               Alfred Hitchcock Collection in Movies                                |
[2024-04-25 05:01:35,886] [builder.py:193]            [INFO]     |====================================================================================================|
[2024-04-25 05:01:35,886] [builder.py:194]            [INFO]     |                                                                                                    |
[2024-04-25 05:01:35,886] [builder.py:205]            [INFO]     |================================ Building Definition From Templates ================================|
[2024-04-25 05:01:35,887] [builder.py:206]            [DEBUG]    |                                                                                                    |
[2024-04-25 05:01:35,887] [builder.py:216]            [DEBUG]    | Templates Called: Director                                                                         |
[2024-04-25 05:01:35,887] [builder.py:217]            [DEBUG]    |                                                                                                    |
[2024-04-25 05:01:35,887] [meta.py:550]               [DEBUG]    |==================================== Final Template Attributes =====================================|
[2024-04-25 05:01:35,887] [meta.py:551]               [DEBUG]    |                                                                                                    |
[2024-04-25 05:01:35,887] [meta.py:552]               [DEBUG]    | {'tmdb_person': 2636, 'sort_title': '++_Alfred Hitchcock', 'collection_order': 'release', 'collection_mode': 'hide'} |
[2024-04-25 05:01:35,888] [meta.py:553]               [DEBUG]    |                                                                                                    |
[2024-04-25 05:01:35,888] [builder.py:233]            [INFO]     |============================== Validating Alfred Hitchcock Attributes ==============================|
[2024-04-25 05:01:36,027] [builder.py:591]            [DEBUG]    |                                                                                                    |
[2024-04-25 05:01:36,027] [builder.py:592]            [DEBUG]    | Validating Method: tmdb_person                                                                     |
[2024-04-25 05:01:36,027] [builder.py:596]            [DEBUG]    | Value: 2636                                                                                        |
[2024-04-25 05:01:36,156] [builder.py:682]            [DEBUG]    |                                                                                                    |
[2024-04-25 05:01:36,157] [builder.py:683]            [DEBUG]    | Validating Method: collection_order                                                                |
[2024-04-25 05:01:36,157] [builder.py:684]            [DEBUG]    | Value: release                                                                                     |
[2024-04-25 05:01:36,157] [builder.py:715]            [DEBUG]    |                                                                                                    |
[2024-04-25 05:01:36,157] [builder.py:719]            [DEBUG]    | Validating Method: director                                                                        |
[2024-04-25 05:01:36,157] [builder.py:720]            [DEBUG]    | Value: tmdb                                                                                        |
[2024-04-25 05:01:36,258] [builder.py:715]            [DEBUG]    |                                                                                                    |
[2024-04-25 05:01:36,258] [builder.py:719]            [DEBUG]    | Validating Method: summary                                                                         |
[2024-04-25 05:01:36,258] [builder.py:720]            [DEBUG]    | Value: Sir Alfred Joseph Hitchcock, KBE (13 August 1899 – 29 April 1980), was an English director and producer. He became known for thrillers, earning him the nickname 'Master of Suspense'. After a successful career in his native country, Hitchcock moved to Hollywood. Over a career spanning more than half a century, Hitchcock fashioned for himself a distinctive and recognizable directorial style. He pioneered the use of a camera made to move in a way that mimics a person's gaze, forcing viewers to engage in a form of voyeurism. He framed shots to maximize anxiety, fear, or empathy, and used innovative film editing. |
[2024-04-25 05:01:36,258] [builder.py:715]            [DEBUG]    |                                                                                                    |
[2024-04-25 05:01:36,258] [builder.py:719]            [DEBUG]    | Validating Method: sort_title                                                                      |
[2024-04-25 05:01:36,258] [builder.py:720]            [DEBUG]    | Value: ++_Alfred Hitchcock                                                                         |
[2024-04-25 05:01:36,258] [builder.py:715]            [DEBUG]    |                                                                                                    |
[2024-04-25 05:01:36,259] [builder.py:719]            [DEBUG]    | Validating Method: collection_mode                                                                 |
[2024-04-25 05:01:36,259] [builder.py:720]            [DEBUG]    | Value: hide                                                                                        |
[2024-04-25 05:01:36,259] [builder.py:885]            [INFO]     |                                                                                                    |
[2024-04-25 05:01:36,259] [builder.py:886]            [INFO]     | Validation Successful                                                                              |
[2024-04-25 05:01:36,259] [plex_meta_manager.py:636]  [INFO]     |                                                                                                    |
[2024-04-25 05:01:36,259] [plex_meta_manager.py:638]  [INFO]     |=============================== Running Alfred Hitchcock Collection ================================|
[2024-04-25 05:01:36,259] [plex_meta_manager.py:652]  [INFO]     |                                                                                                    |
[2024-04-25 05:01:36,259] [plex_meta_manager.py:653]  [INFO]     | Sync Mode: append                                                                                  |
[2024-04-25 05:01:36,259] [plex_meta_manager.py:656]  [DEBUG]    |                                                                                                    |
[2024-04-25 05:01:36,259] [plex_meta_manager.py:657]  [DEBUG]    | Builder: plex_search: (1, "Plex Movie Search\nSort By: ['title.asc']\nFilter:\n  Match any of the following:\n    Director is Alfred Hitchcock", '?type=1&sort=titleSort&push=1&director=92691&pop=1') |
[2024-04-25 05:01:36,259] [plex_meta_manager.py:658]  [INFO]     |                                                                                                    |
[2024-04-25 05:01:36,260] [plex.py:946]               [INFO]     | Processing Plex Movie Search                                                                       |
                                                                 | Sort By: ['title.asc']                                                                             |
                                                                 | Filter:                                                                                            |
                                                                 |   Match any of the following:                                                                      |
                                                                 |     Director is Alfred Hitchcock                                                                   |
[2024-04-25 05:01:36,282] [builder.py:1665]           [DEBUG]    |                                                                                                    |
[2024-04-25 05:01:36,282] [builder.py:1666]           [DEBUG]    | 5 IDs Found                                                                                        |
[2024-04-25 05:01:36,282] [builder.py:1668]           [DEBUG]    |                                                                                                    |
[2024-04-25 05:01:36,282] [builder.py:2249]           [INFO]     |                                                                                                    |
[2024-04-25 05:01:36,283] [builder.py:2250]           [INFO]     |============================== Adding to Alfred Hitchcock Collection ===============================|
[2024-04-25 05:01:36,283] [builder.py:2251]           [INFO]     |                                                                                                    |
[2024-04-25 05:01:36,283] [builder.py:2265]           [INFO]     | 1/5 | Alfred Hitchcock Collection | = | North by Northwest (1959)                                  |
[2024-04-25 05:01:36,283] [builder.py:2265]           [INFO]     | 2/5 | Alfred Hitchcock Collection | = | Psycho (1960)                                              |
[2024-04-25 05:01:36,283] [builder.py:2265]           [INFO]     | 3/5 | Alfred Hitchcock Collection | = | Rear Window (1954)                                         |
[2024-04-25 05:01:36,283] [builder.py:2265]           [INFO]     | 4/5 | Alfred Hitchcock Collection | = | Strangers on a Train (1951)                                |
[2024-04-25 05:01:36,283] [builder.py:2265]           [INFO]     | 5/5 | Alfred Hitchcock Collection | = | Vertigo (1958)                                             |
[2024-04-25 05:01:36,283] [builder.py:2285]           [INFO]     |                                                                                                    |
[2024-04-25 05:01:36,283] [builder.py:2287]           [INFO]     | 5 Movies Processed 0 Movies Added                                                                  |
[2024-04-25 05:01:36,288] [builder.py:2623]           [INFO]     |                                                                                                    |
[2024-04-25 05:01:36,288] [builder.py:2624]           [INFO]     |========================= Updating Details of Alfred Hitchcock Collection ==========================|
[2024-04-25 05:01:36,288] [builder.py:2625]           [INFO]     |                                                                                                    |
[2024-04-25 05:01:36,295] [builder.py:2689]           [INFO]     | Collection Metadata Edits                                                                          |
[2024-04-25 05:01:36,295] [util.py:178]               [DEBUG]    | 1 poster found:                                                                                    |
[2024-04-25 05:01:36,295] [util.py:180]               [DEBUG]    | Method: tmdb_person Poster: https://image.tmdb.org/t/p/original/108fiNM6poRieMg7RIqLJRxdAwG.jpg    |
[2024-04-25 05:01:36,296] [library.py:177]            [INFO]     | Detail: poster update not needed                                                                   |
[2024-04-25 05:01:36,428] [plex_meta_manager.py:780]  [INFO]     |                                                                                                    |
[2024-04-25 05:01:36,429] [plex_meta_manager.py:781]  [INFO]     |====================================================================================================|
[2024-04-25 05:01:36,429] [plex_meta_manager.py:781]  [INFO]     |                                Finished Alfred Hitchcock Collection                                |
[2024-04-25 05:01:36,429] [plex_meta_manager.py:781]  [INFO]     |                                    Collection Run Time: 0:00:00                                    |
[2024-04-25 05:01:36,429] [plex_meta_manager.py:781]  [INFO]     |====================================================================================================|
