[2024-04-25 05:07:47,642] [builder.py:193]            [INFO]     |====================================================================================================|
[2024-04-25 05:07:47,642] [builder.py:193]            [INFO]     |                               Independence Day Collection in Movies                                |
[2024-04-25 05:07:47,642] [builder.py:193]            [INFO]     |====================================================================================================|
[2024-04-25 05:07:47,642] [builder.py:194]            [INFO]     |                                                                                                    |
[2024-04-25 05:07:47,642] [builder.py:205]            [INFO]     |================================ Building Definition From Templates ================================|
[2024-04-25 05:07:47,643] [builder.py:206]            [DEBUG]    |                                                                                                    |
[2024-04-25 05:07:47,643] [builder.py:216]            [DEBUG]    | Templates Called: Holiday                                                                          |
[2024-04-25 05:07:47,643] [builder.py:217]            [DEBUG]    |                                                                                                    |
[2024-04-25 05:07:47,644] [meta.py:550]               [DEBUG]    |==================================== Final Template Attributes =====================================|
[2024-04-25 05:07:47,644] [meta.py:551]               [DEBUG]    |                                                                                                    |
[2024-04-25 05:07:47,644] [meta.py:552]               [DEBUG]    | {'sort_title': 'Independence Day', 'url_poster': 'https://theposterdb.com/api/assets/240645', 'collection_order': 'release.desc', 'schedule': 'daily', 'delete_not_scheduled': False, 'run_again': True, 'sync_mode': 'sync'} |
[2024-04-25 05:07:47,644] [meta.py:553]               [DEBUG]    |                                                                                                    |
[2024-04-25 05:07:47,644] [builder.py:233]            [INFO]     |============================== Validating Independence Day Attributes ==============================|
[2024-04-25 05:07:47,740] [builder.py:500]            [DEBUG]    |                                                                                                    |
[2024-04-25 05:07:47,741] [builder.py:501]            [DEBUG]    | Validating Method: delete_not_scheduled                                                            |
[2024-04-25 05:07:47,741] [builder.py:502]            [DEBUG]    | Value: False                                                                                       |
[2024-04-25 05:07:47,741] [builder.py:519]            [DEBUG]    |                                                                                                    |
[2024-04-25 05:07:47,741] [builder.py:520]            [DEBUG]    | Validating Method: schedule                                                                        |
[2024-04-25 05:07:47,741] [builder.py:524]            [DEBUG]    | Value: daily                                                                                       |
[2024-04-25 05:07:47,741] [builder.py:558]            [DEBUG]    |                                                                                                    |
[2024-04-25 05:07:47,741] [builder.py:559]            [DEBUG]    | Validating Method: run_again                                                                       |
[2024-04-25 05:07:47,741] [builder.py:560]            [DEBUG]    | Value: True                                                                                        |
[2024-04-25 05:07:47,742] [builder.py:579]            [DEBUG]    |                                                                                                    |
[2024-04-25 05:07:47,742] [builder.py:580]            [DEBUG]    | Validating Method: sync_mode                                                                       |
[2024-04-25 05:07:47,742] [builder.py:584]            [DEBUG]    | Value: sync                                                                                        |
[2024-04-25 05:07:47,742] [builder.py:682]            [DEBUG]    |                                                                                                    |
[2024-04-25 05:07:47,742] [builder.py:683]            [DEBUG]    | Validating Method: collection_order                                                                |
[2024-04-25 05:07:47,742] [builder.py:684]            [DEBUG]    | Value: release.desc                                                                                |
[2024-04-25 05:07:47,742] [builder.py:715]            [DEBUG]    |                                                                                                    |
[2024-04-25 05:07:47,742] [builder.py:719]            [DEBUG]    | Validating Method: visible_home                                                                    |
[2024-04-25 05:07:47,742] [builder.py:720]            [DEBUG]    | Value: range(07/01-07/05)                                                                          |
[2024-04-25 05:07:47,743] [builder.py:715]            [DEBUG]    |                                                                                                    |
[2024-04-25 05:07:47,743] [builder.py:719]            [DEBUG]    | Validating Method: visible_shared                                                                  |
[2024-04-25 05:07:47,743] [builder.py:720]            [DEBUG]    | Value: range(07/01-07/05)                                                                          |
[2024-04-25 05:07:47,743] [builder.py:715]            [DEBUG]    |                                                                                                    |
[2024-04-25 05:07:47,743] [builder.py:719]            [DEBUG]    | Validating Method: imdb_list                                                                       |
[2024-04-25 05:07:47,743] [builder.py:720]            [DEBUG]    | Value: ['https://www.imdb.com/list/ls552600367/']                                                  |
[2024-04-25 05:07:48,299] [builder.py:715]            [DEBUG]    |                                                                                                    |
[2024-04-25 05:07:48,299] [builder.py:719]            [DEBUG]    | Validating Method: summary                                                                         |
[2024-04-25 05:07:48,300] [builder.py:720]            [DEBUG]    | Value: This collection revolves around the plot involving the Fourth of July.                      |
[2024-04-25 05:07:48,300] [builder.py:715]            [DEBUG]    |                                                                                                    |
[2024-04-25 05:07:48,300] [builder.py:719]            [DEBUG]    | Validating Method: sort_title                                                                      |
[2024-04-25 05:07:48,300] [builder.py:720]            [DEBUG]    | Value: Independence Day                                                                            |
[2024-04-25 05:07:48,300] [builder.py:715]            [DEBUG]    |                                                                                                    |
[2024-04-25 05:07:48,300] [builder.py:719]            [DEBUG]    | Validating Method: url_poster                                                                      |
[2024-04-25 05:07:48,300] [builder.py:720]            [DEBUG]    | Value: https://theposterdb.com/api/assets/240645                                                   |
[2024-04-25 05:07:48,800] [builder.py:885]            [INFO]     |                                                                                                    |
[2024-04-25 05:07:48,800] [builder.py:886]            [INFO]     | Validation Successful                                                                              |
[2024-04-25 05:07:48,800] [plex_meta_manager.py:636]  [INFO]     |                                                                                                    |
[2024-04-25 05:07:48,800] [plex_meta_manager.py:638]  [INFO]     |=============================== Running Independence Day Collection ================================|
[2024-04-25 05:07:48,800] [plex_meta_manager.py:652]  [INFO]     |                                                                                                    |
[2024-04-25 05:07:48,800] [plex_meta_manager.py:653]  [INFO]     | Sync Mode: sync                                                                                    |
[2024-04-25 05:07:48,801] [plex_meta_manager.py:656]  [DEBUG]    |                                                                                                    |
[2024-04-25 05:07:48,801] [plex_meta_manager.py:657]  [DEBUG]    | Builder: imdb_list: {'url': 'https://www.imdb.com/list/ls552600367/', 'limit': 0}                  |
[2024-04-25 05:07:48,801] [plex_meta_manager.py:658]  [INFO]     |                                                                                                    |
[2024-04-25 05:07:48,801] [imdb.py:205]               [INFO]     | Processing IMDb List: https://www.imdb.com/list/ls552600367/                                       |
[2024-04-25 05:07:51,808] [builder.py:1665]           [DEBUG]    |                                                                                                    |
[2024-04-25 05:07:51,808] [builder.py:1666]           [DEBUG]    | 2 IDs Found                                                                                        |
[2024-04-25 05:07:51,808] [builder.py:1668]           [DEBUG]    |                                                                                                    |
[2024-04-25 05:07:51,810] [builder.py:2249]           [INFO]     |                                                                                                    |
[2024-04-25 05:07:51,810] [builder.py:2250]           [INFO]     |============================== Adding to Independence Day Collection ===============================|
[2024-04-25 05:07:51,810] [builder.py:2251]           [INFO]     |                                                                                                    |
[2024-04-25 05:07:51,810] [builder.py:2265]           [INFO]     | 1/2 | Independence Day Collection | = | Independence Day (1996)                                    |
[2024-04-25 05:07:51,810] [builder.py:2265]           [INFO]     | 2/2 | Independence Day Collection | = | Independence Day: Resurgence (2016)                        |
[2024-04-25 05:07:51,810] [builder.py:2285]           [INFO]     |                                                                                                    |
[2024-04-25 05:07:51,811] [builder.py:2287]           [INFO]     | 2 Movies Processed 0 Movies Added                                                                  |
[2024-04-25 05:07:51,816] [builder.py:2623]           [INFO]     |                                                                                                    |
[2024-04-25 05:07:51,816] [builder.py:2624]           [INFO]     |========================= Updating Details of Independence Day Collection ==========================|
[2024-04-25 05:07:51,816] [builder.py:2625]           [INFO]     |                                                                                                    |
[2024-04-25 05:07:51,823] [builder.py:2689]           [INFO]     | Collection Metadata Edits                                                                          |
[2024-04-25 05:07:51,827] [util.py:178]               [DEBUG]    | 2 posters found:                                                                                   |
[2024-04-25 05:07:51,827] [util.py:180]               [DEBUG]    | Method: url_poster Poster: https://theposterdb.com/api/assets/240645                               |
[2024-04-25 05:07:51,827] [util.py:180]               [DEBUG]    | Method: asset_directory Poster: {'attribute': 'asset_directory', 'location': '//config/assets/movies/Independence Day/poster.png', 'prefix': "Independence Day's ", 'is_poster': True, 'is_url': False, 'compare': 2984744, 'message': "Independence Day's poster to [File] //config/assets/movies/Independence Day/poster.png"} |
[2024-04-25 05:07:51,828] [library.py:177]            [INFO]     | Detail: Independence Day's poster update not needed                                                |
[2024-04-25 05:07:51,934] [builder.py:2780]           [INFO]     |                                                                                                    |
[2024-04-25 05:07:51,934] [builder.py:2781]           [INFO]     |=============================== Sorting Independence Day Collection ================================|
[2024-04-25 05:07:51,934] [builder.py:2782]           [INFO]     |                                                                                                    |
[2024-04-25 05:07:51,970] [builder.py:2816]           [INFO]     | No Sorting Required                                                                                |
[2024-04-25 05:07:51,970] [plex_meta_manager.py:780]  [INFO]     |                                                                                                    |
[2024-04-25 05:07:51,970] [plex_meta_manager.py:781]  [INFO]     |====================================================================================================|
[2024-04-25 05:07:51,970] [plex_meta_manager.py:781]  [INFO]     |                                Finished Independence Day Collection                                |
[2024-04-25 05:07:51,970] [plex_meta_manager.py:781]  [INFO]     |                                    Collection Run Time: 0:00:04                                    |
[2024-04-25 05:07:51,970] [plex_meta_manager.py:781]  [INFO]     |====================================================================================================|
