[2024-04-25 05:06:52,522] [builder.py:193]            [INFO]     |====================================================================================================|
[2024-04-25 05:06:52,522] [builder.py:193]            [INFO]     |                                   Christmas Collection in Movies                                   |
[2024-04-25 05:06:52,522] [builder.py:193]            [INFO]     |====================================================================================================|
[2024-04-25 05:06:52,522] [builder.py:194]            [INFO]     |                                                                                                    |
[2024-04-25 05:06:52,522] [builder.py:205]            [INFO]     |================================ Building Definition From Templates ================================|
[2024-04-25 05:06:52,522] [builder.py:206]            [DEBUG]    |                                                                                                    |
[2024-04-25 05:06:52,523] [builder.py:216]            [DEBUG]    | Templates Called: Holiday                                                                          |
[2024-04-25 05:06:52,523] [builder.py:217]            [DEBUG]    |                                                                                                    |
[2024-04-25 05:06:52,523] [meta.py:550]               [DEBUG]    |==================================== Final Template Attributes =====================================|
[2024-04-25 05:06:52,524] [meta.py:551]               [DEBUG]    |                                                                                                    |
[2024-04-25 05:06:52,524] [meta.py:552]               [DEBUG]    | {'sort_title': 'Christmas', 'url_poster': 'https://theposterdb.com/api/assets/212635', 'collection_order': 'release.desc', 'schedule': 'daily', 'delete_not_scheduled': False, 'run_again': True, 'sync_mode': 'sync'} |
[2024-04-25 05:06:52,524] [meta.py:553]               [DEBUG]    |                                                                                                    |
[2024-04-25 05:06:52,524] [builder.py:233]            [INFO]     |================================= Validating Christmas Attributes ==================================|
[2024-04-25 05:06:52,898] [builder.py:500]            [DEBUG]    |                                                                                                    |
[2024-04-25 05:06:52,898] [builder.py:501]            [DEBUG]    | Validating Method: delete_not_scheduled                                                            |
[2024-04-25 05:06:52,898] [builder.py:502]            [DEBUG]    | Value: False                                                                                       |
[2024-04-25 05:06:52,899] [builder.py:519]            [DEBUG]    |                                                                                                    |
[2024-04-25 05:06:52,899] [builder.py:520]            [DEBUG]    | Validating Method: schedule                                                                        |
[2024-04-25 05:06:52,899] [builder.py:524]            [DEBUG]    | Value: daily                                                                                       |
[2024-04-25 05:06:52,899] [builder.py:558]            [DEBUG]    |                                                                                                    |
[2024-04-25 05:06:52,899] [builder.py:559]            [DEBUG]    | Validating Method: run_again                                                                       |
[2024-04-25 05:06:52,899] [builder.py:560]            [DEBUG]    | Value: True                                                                                        |
[2024-04-25 05:06:52,899] [builder.py:579]            [DEBUG]    |                                                                                                    |
[2024-04-25 05:06:52,899] [builder.py:580]            [DEBUG]    | Validating Method: sync_mode                                                                       |
[2024-04-25 05:06:52,899] [builder.py:584]            [DEBUG]    | Value: sync                                                                                        |
[2024-04-25 05:06:52,899] [builder.py:682]            [DEBUG]    |                                                                                                    |
[2024-04-25 05:06:52,899] [builder.py:683]            [DEBUG]    | Validating Method: collection_order                                                                |
[2024-04-25 05:06:52,900] [builder.py:684]            [DEBUG]    | Value: release.desc                                                                                |
[2024-04-25 05:06:52,900] [builder.py:715]            [DEBUG]    |                                                                                                    |
[2024-04-25 05:06:52,900] [builder.py:719]            [DEBUG]    | Validating Method: visible_home                                                                    |
[2024-04-25 05:06:52,900] [builder.py:720]            [DEBUG]    | Value: range(11/29-12/31)                                                                          |
[2024-04-25 05:06:52,901] [builder.py:715]            [DEBUG]    |                                                                                                    |
[2024-04-25 05:06:52,901] [builder.py:719]            [DEBUG]    | Validating Method: visible_shared                                                                  |
[2024-04-25 05:06:52,901] [builder.py:720]            [DEBUG]    | Value: range(11/29-12/31)                                                                          |
[2024-04-25 05:06:52,901] [builder.py:715]            [DEBUG]    |                                                                                                    |
[2024-04-25 05:06:52,901] [builder.py:719]            [DEBUG]    | Validating Method: trakt_list                                                                      |
[2024-04-25 05:06:52,902] [builder.py:720]            [DEBUG]    | Value: ['https://trakt.tv/users/jjjonesjr33/lists/christmas', 'https://trakt.tv/users/jjjonesjr33/lists/christmas-static-list'] |
[2024-04-25 05:06:53,579] [builder.py:715]            [DEBUG]    |                                                                                                    |
[2024-04-25 05:06:53,579] [builder.py:719]            [DEBUG]    | Validating Method: summary                                                                         |
[2024-04-25 05:06:53,579] [builder.py:720]            [DEBUG]    | Value: This collection revolves around the plot involving Christmas.                               |
[2024-04-25 05:06:53,579] [builder.py:715]            [DEBUG]    |                                                                                                    |
[2024-04-25 05:06:53,579] [builder.py:719]            [DEBUG]    | Validating Method: sort_title                                                                      |
[2024-04-25 05:06:53,579] [builder.py:720]            [DEBUG]    | Value: Christmas                                                                                   |
[2024-04-25 05:06:53,580] [builder.py:715]            [DEBUG]    |                                                                                                    |
[2024-04-25 05:06:53,580] [builder.py:719]            [DEBUG]    | Validating Method: url_poster                                                                      |
[2024-04-25 05:06:53,580] [builder.py:720]            [DEBUG]    | Value: https://theposterdb.com/api/assets/212635                                                   |
[2024-04-25 05:06:53,723] [builder.py:918]            [WARNING]  | Collection Warning: No Poster Found at https://theposterdb.com/api/assets/212635                   |
[2024-04-25 05:06:53,723] [builder.py:885]            [INFO]     |                                                                                                    |
[2024-04-25 05:06:53,723] [builder.py:886]            [INFO]     | Validation Successful                                                                              |
[2024-04-25 05:06:53,723] [plex_meta_manager.py:636]  [INFO]     |                                                                                                    |
[2024-04-25 05:06:53,723] [plex_meta_manager.py:638]  [INFO]     |=================================== Running Christmas Collection ===================================|
[2024-04-25 05:06:53,724] [plex_meta_manager.py:652]  [INFO]     |                                                                                                    |
[2024-04-25 05:06:53,724] [plex_meta_manager.py:653]  [INFO]     | Sync Mode: sync                                                                                    |
[2024-04-25 05:06:53,724] [plex_meta_manager.py:656]  [DEBUG]    |                                                                                                    |
[2024-04-25 05:06:53,724] [plex_meta_manager.py:657]  [DEBUG]    | Builder: trakt_list: https://trakt.tv/users/jjjonesjr33/lists/christmas                            |
[2024-04-25 05:06:53,724] [plex_meta_manager.py:658]  [INFO]     |                                                                                                    |
[2024-04-25 05:06:53,724] [trakt.py:493]              [INFO]     | Processing Trakt List: https://trakt.tv/users/jjjonesjr33/lists/christmas                          |
[2024-04-25 05:06:53,952] [builder.py:1665]           [DEBUG]    |                                                                                                    |
[2024-04-25 05:06:53,952] [builder.py:1666]           [DEBUG]    | 443 IDs Found                                                                                      |
[2024-04-25 05:06:53,953] [builder.py:1668]           [DEBUG]    |                                                                                                    |
[2024-04-25 05:06:53,955] [plex_meta_manager.py:656]  [DEBUG]    |                                                                                                    |
[2024-04-25 05:06:53,955] [plex_meta_manager.py:657]  [DEBUG]    | Builder: trakt_list: https://trakt.tv/users/jjjonesjr33/lists/christmas-static-list                |
[2024-04-25 05:06:53,955] [plex_meta_manager.py:658]  [INFO]     |                                                                                                    |
[2024-04-25 05:06:53,955] [trakt.py:493]              [INFO]     | Processing Trakt List: https://trakt.tv/users/jjjonesjr33/lists/christmas-static-list              |
[2024-04-25 05:06:54,325] [builder.py:1665]           [DEBUG]    |                                                                                                    |
[2024-04-25 05:06:54,326] [builder.py:1666]           [DEBUG]    | 1208 IDs Found                                                                                     |
[2024-04-25 05:06:54,326] [builder.py:1668]           [DEBUG]    |                                                                                                    |
[2024-04-25 05:06:54,337] [builder.py:2249]           [INFO]     |                                                                                                    |
[2024-04-25 05:06:54,337] [builder.py:2250]           [INFO]     |================================== Adding to Christmas Collection ==================================|
[2024-04-25 05:06:54,338] [builder.py:2251]           [INFO]     |                                                                                                    |
[2024-04-25 05:06:54,338] [builder.py:2265]           [INFO]     |  1/62 | Christmas Collection | = | It's a Wonderful Life (1946)                                    |
[2024-04-25 05:06:54,338] [builder.py:2265]           [INFO]     |  2/62 | Christmas Collection | = | The Nightmare Before Christmas (1993)                           |
[2024-04-25 05:06:54,338] [builder.py:2265]           [INFO]     |  3/62 | Christmas Collection | = | How the Grinch Stole Christmas! (1966)                          |
[2024-04-25 05:06:54,339] [builder.py:2265]           [INFO]     |  4/62 | Christmas Collection | = | A Charlie Brown Christmas (1965)                                |
[2024-04-25 05:06:54,339] [builder.py:2265]           [INFO]     |  5/62 | Christmas Collection | = | Klaus (2019)                                                    |
[2024-04-25 05:06:54,339] [builder.py:2265]           [INFO]     |  6/62 | Christmas Collection | = | Rudolph the Red-Nosed Reindeer (1964)                           |
[2024-04-25 05:06:54,339] [builder.py:2265]           [INFO]     |  7/62 | Christmas Collection | = | Scrooge (1951)                                                  |
[2024-04-25 05:06:54,339] [builder.py:2265]           [INFO]     |  8/62 | Christmas Collection | = | Trading Places (1983)                                           |
[2024-04-25 05:06:54,340] [builder.py:2265]           [INFO]     |  9/62 | Christmas Collection | = | The Year Without a Santa Claus (1974)                           |
[2024-04-25 05:06:54,340] [builder.py:2265]           [INFO]     | 10/62 | Christmas Collection | = | The Muppet Christmas Carol (1992)                               |
[2024-04-25 05:06:54,340] [builder.py:2265]           [INFO]     | 11/62 | Christmas Collection | = | Gremlins (1984)                                                 |
[2024-04-25 05:06:54,340] [builder.py:2265]           [INFO]     | 12/62 | Christmas Collection | = | Arthur Christmas (2011)                                         |
[2024-04-25 05:06:54,341] [builder.py:2265]           [INFO]     | 13/62 | Christmas Collection | = | A Christmas Carol (1984)                                        |
[2024-04-25 05:06:54,341] [builder.py:2265]           [INFO]     | 14/62 | Christmas Collection | = | Elf (2003)                                                      |
[2024-04-25 05:06:54,341] [builder.py:2265]           [INFO]     | 15/62 | Christmas Collection | = | Home Alone (1990)                                               |
[2024-04-25 05:06:54,341] [builder.py:2265]           [INFO]     | 16/62 | Christmas Collection | = | Frosty the Snowman (1969)                                       |
[2024-04-25 05:06:54,341] [builder.py:2265]           [INFO]     | 17/62 | Christmas Collection | = | The Polar Express (2004)                                        |
[2024-04-25 05:06:54,341] [builder.py:2265]           [INFO]     | 18/62 | Christmas Collection | = | A Christmas Carol (2009)                                        |
[2024-04-25 05:06:54,342] [builder.py:2265]           [INFO]     | 19/62 | Christmas Collection | = | The Santa Clause (1994)                                         |
[2024-04-25 05:06:54,342] [builder.py:2265]           [INFO]     | 20/62 | Christmas Collection | = | Prancer (1989)                                                  |
[2024-04-25 05:06:54,342] [builder.py:2265]           [INFO]     | 21/62 | Christmas Collection | = | The Christmas Chronicles (2018)                                 |
[2024-04-25 05:06:54,342] [builder.py:2265]           [INFO]     | 22/62 | Christmas Collection | = | The Grinch (2018)                                               |
[2024-04-25 05:06:54,342] [builder.py:2265]           [INFO]     | 23/62 | Christmas Collection | = | The Family Man (2000)                                           |
[2024-04-25 05:06:54,342] [builder.py:2265]           [INFO]     | 24/62 | Christmas Collection | = | Home Alone 2: Lost in New York (1992)                           |
[2024-04-25 05:06:54,343] [builder.py:2265]           [INFO]     | 25/62 | Christmas Collection | = | How the Grinch Stole Christmas (2000)                           |
[2024-04-25 05:06:54,343] [builder.py:2265]           [INFO]     | 26/62 | Christmas Collection | = | The Santa Clause 2 (2002)                                       |
[2024-04-25 05:06:54,343] [builder.py:2265]           [INFO]     | 27/62 | Christmas Collection | = | The Santa Clause 3: The Escape Clause (2006)                    |
[2024-04-25 05:06:54,343] [builder.py:2265]           [INFO]     | 28/62 | Christmas Collection | = | Trapped in Paradise (1994)                                      |
[2024-04-25 05:06:54,343] [builder.py:2265]           [INFO]     | 29/62 | Christmas Collection | = | The Boss Baby: Christmas Bonus (2022)                           |
[2024-04-25 05:06:54,343] [builder.py:2265]           [INFO]     | 30/62 | Christmas Collection | = | The Christmas Chronicles: Part Two (2020)                       |
[2024-04-25 05:06:54,343] [builder.py:2265]           [INFO]     | 31/62 | Christmas Collection | = | The Star (2017)                                                 |
[2024-04-25 05:06:54,343] [builder.py:2265]           [INFO]     | 32/62 | Christmas Collection | = | Love Actually (2003)                                            |
[2024-04-25 05:06:54,344] [builder.py:2265]           [INFO]     | 33/62 | Christmas Collection | = | The Christmas Candle (2013)                                     |
[2024-04-25 05:06:54,344] [builder.py:2265]           [INFO]     | 34/62 | Christmas Collection | = | Legend of Frosty the Snowman (2005)                             |
[2024-04-25 05:06:54,344] [builder.py:2265]           [INFO]     | 35/62 | Christmas Collection | = | Curious George: A Very Monkey Christmas (2009)                  |
[2024-04-25 05:06:54,344] [builder.py:2265]           [INFO]     | 36/62 | Christmas Collection | = | A Christmas Story (1983)                                        |
[2024-04-25 05:06:54,344] [builder.py:2265]           [INFO]     | 37/62 | Christmas Collection | = | Mickey's Christmas Carol (1983)                                 |
[2024-04-25 05:06:54,345] [builder.py:2265]           [INFO]     | 38/62 | Christmas Collection | = | Kiss Kiss Bang Bang (2005)                                      |
[2024-04-25 05:06:54,345] [builder.py:2265]           [INFO]     | 39/62 | Christmas Collection | = | Scrooged (1988)                                                 |
[2024-04-25 05:06:54,345] [builder.py:2265]           [INFO]     | 40/62 | Christmas Collection | = | The Chronicles of Narnia: The Lion, the Witch and the Wardrobe (2005) |
[2024-04-25 05:06:54,345] [builder.py:2265]           [INFO]     | 41/62 | Christmas Collection | = | The Long Kiss Goodnight (1996)                                  |
[2024-04-25 05:06:54,345] [builder.py:2265]           [INFO]     | 42/62 | Christmas Collection | = | Brazil (1985)                                                   |
[2024-04-25 05:06:54,345] [builder.py:2265]           [INFO]     | 43/62 | Christmas Collection | = | While You Were Sleeping (1995)                                  |
[2024-04-25 05:06:54,346] [builder.py:2265]           [INFO]     | 44/62 | Christmas Collection | = | Die Hard 2 (1990)                                               |
[2024-04-25 05:06:54,346] [builder.py:2265]           [INFO]     | 45/62 | Christmas Collection | = | Die Hard (1988)                                                 |
[2024-04-25 05:06:54,346] [builder.py:2265]           [INFO]     | 46/62 | Christmas Collection | = | About a Boy (2002)                                              |
[2024-04-25 05:06:54,346] [builder.py:2265]           [INFO]     | 47/62 | Christmas Collection | = | Ghostbusters II (1989)                                          |
[2024-04-25 05:06:54,346] [builder.py:2265]           [INFO]     | 48/62 | Christmas Collection | = | Lethal Weapon (1987)                                            |
[2024-04-25 05:06:54,347] [builder.py:2265]           [INFO]     | 49/62 | Christmas Collection | = | Planes, Trains & Automobiles (1987)                             |
[2024-04-25 05:06:54,347] [builder.py:2265]           [INFO]     | 50/62 | Christmas Collection | = | The Holiday (2006)                                              |
[2024-04-25 05:06:54,347] [builder.py:2265]           [INFO]     | 51/62 | Christmas Collection | = | The Family Stone (2005)                                         |
[2024-04-25 05:06:54,347] [builder.py:2265]           [INFO]     | 52/62 | Christmas Collection | = | 8-Bit Christmas (2021)                                          |
[2024-04-25 05:06:54,347] [builder.py:2265]           [INFO]     | 53/62 | Christmas Collection | = | Santa Claus Is Comin' to Town (1970)                            |
[2024-04-25 05:06:54,348] [builder.py:2265]           [INFO]     | 54/62 | Christmas Collection | = | Better Off Dead (1985)                                          |
[2024-04-25 05:06:54,348] [builder.py:2265]           [INFO]     | 55/62 | Christmas Collection | = | Big (1988)                                                      |
[2024-04-25 05:06:54,348] [builder.py:2265]           [INFO]     | 56/62 | Christmas Collection | = | Home for the Holidays (1995)                                    |
[2024-04-25 05:06:54,348] [builder.py:2265]           [INFO]     | 57/62 | Christmas Collection | = | Iron Man (2008)                                                 |
[2024-04-25 05:06:54,348] [builder.py:2265]           [INFO]     | 58/62 | Christmas Collection | = | Iron Man 3 (2013)                                               |
[2024-04-25 05:06:54,348] [builder.py:2265]           [INFO]     | 59/62 | Christmas Collection | = | Rise of the Guardians (2012)                                    |
[2024-04-25 05:06:54,349] [builder.py:2265]           [INFO]     | 60/62 | Christmas Collection | = | Serendipity (2001)                                              |
[2024-04-25 05:06:54,349] [builder.py:2265]           [INFO]     | 61/62 | Christmas Collection | = | The Nativity Story (2006)                                       |
[2024-04-25 05:06:54,349] [builder.py:2265]           [INFO]     | 62/62 | Christmas Collection | = | The Shop Around the Corner (1940)                               |
[2024-04-25 05:06:54,349] [builder.py:2285]           [INFO]     |                                                                                                    |
[2024-04-25 05:06:54,349] [builder.py:2287]           [INFO]     | 62 Movies Processed 0 Movies Added                                                                 |
[2024-04-25 05:06:54,349] [builder.py:2295]           [INFO]     |                                                                                                    |
[2024-04-25 05:06:54,349] [builder.py:2296]           [INFO]     |================================ Removed from Christmas Collection =================================|
[2024-04-25 05:06:54,349] [builder.py:2297]           [INFO]     |                                                                                                    |
[2024-04-25 05:06:54,349] [builder.py:2302]           [INFO]     | 1/1 | Christmas Collection | - | Spirited (2022)                                                   |
[2024-04-25 05:06:55,567] [builder.py:2314]           [INFO]     |                                                                                                    |
[2024-04-25 05:06:55,567] [builder.py:2315]           [INFO]     | 1 Movies Removed                                                                                   |
[2024-04-25 05:07:01,086] [builder.py:2411]           [ERROR]    | TMDb Error: No Movie found for TMDb ID 29447                                                       |
[2024-04-25 05:07:01,639] [builder.py:2411]           [ERROR]    | TMDb Error: No Movie found for TMDb ID 704660                                                      |
[2024-04-25 05:07:02,594] [builder.py:2411]           [ERROR]    | TMDb Error: No Movie found for TMDb ID 372406                                                      |
[2024-04-25 05:07:02,872] [builder.py:2411]           [ERROR]    | TMDb Error: No Movie found for TMDb ID 242507                                                      |
[2024-04-25 05:07:03,530] [builder.py:2411]           [ERROR]    | TMDb Error: No Movie found for TMDb ID 313744                                                      |
[2024-04-25 05:07:04,864] [builder.py:2411]           [ERROR]    | TMDb Error: No Movie found for TMDb ID 64000                                                       |
[2024-04-25 05:07:04,977] [builder.py:2411]           [ERROR]    | TMDb Error: No Movie found for TMDb ID 79984                                                       |
[2024-04-25 05:07:05,103] [builder.py:2411]           [ERROR]    | TMDb Error: No Movie found for TMDb ID 181842                                                      |
[2024-04-25 05:07:05,242] [builder.py:2411]           [ERROR]    | TMDb Error: No Movie found for TMDb ID 366698                                                      |
[2024-04-25 05:07:05,393] [builder.py:2411]           [ERROR]    | TMDb Error: No Movie found for TMDb ID 81222                                                       |
[2024-04-25 05:07:06,837] [builder.py:2411]           [ERROR]    | TMDb Error: No Movie found for TMDb ID 936657                                                      |
[2024-04-25 05:07:07,186] [builder.py:2411]           [ERROR]    | TMDb Error: No Movie found for TMDb ID 464505                                                      |
[2024-04-25 05:07:08,217] [builder.py:2422]           [INFO]     |                                                                                                    |
[2024-04-25 05:07:08,217] [builder.py:2423]           [INFO]     | 1340 Movies Missing                                                                                |
[2024-04-25 05:07:09,036] [builder.py:2623]           [INFO]     |                                                                                                    |
[2024-04-25 05:07:09,036] [builder.py:2624]           [INFO]     |============================= Updating Details of Christmas Collection =============================|
[2024-04-25 05:07:09,036] [builder.py:2625]           [INFO]     |                                                                                                    |
[2024-04-25 05:07:09,043] [builder.py:2689]           [INFO]     | Collection Metadata Edits                                                                          |
[2024-04-25 05:07:09,045] [util.py:178]               [DEBUG]    | 1 poster found:                                                                                    |
[2024-04-25 05:07:09,045] [util.py:180]               [DEBUG]    | Method: asset_directory Poster: {'attribute': 'asset_directory', 'location': '//config/assets/movies/Christmas/poster.png', 'prefix': "Christmas's ", 'is_poster': True, 'is_url': False, 'compare': 3873589, 'message': "Christmas's poster to [File] //config/assets/movies/Christmas/poster.png"} |
[2024-04-25 05:07:09,046] [library.py:177]            [INFO]     | Detail: Christmas's poster update not needed                                                       |
[2024-04-25 05:07:09,394] [builder.py:2780]           [INFO]     |                                                                                                    |
[2024-04-25 05:07:09,394] [builder.py:2781]           [INFO]     |=================================== Sorting Christmas Collection ===================================|
[2024-04-25 05:07:09,394] [builder.py:2782]           [INFO]     |                                                                                                    |
[2024-04-25 05:07:09,547] [builder.py:2816]           [INFO]     | No Sorting Required                                                                                |
[2024-04-25 05:07:09,548] [plex_meta_manager.py:780]  [INFO]     |                                                                                                    |
[2024-04-25 05:07:09,548] [plex_meta_manager.py:781]  [INFO]     |====================================================================================================|
[2024-04-25 05:07:09,548] [plex_meta_manager.py:781]  [INFO]     |                                   Finished Christmas Collection                                    |
[2024-04-25 05:07:09,548] [plex_meta_manager.py:781]  [INFO]     |                                    Collection Run Time: 0:00:17                                    |
[2024-04-25 05:07:09,549] [plex_meta_manager.py:781]  [INFO]     |====================================================================================================|
