[2024-04-25 05:01:55,578] [builder.py:193]            [INFO]     |====================================================================================================|
[2024-04-25 05:01:55,579] [builder.py:193]            [INFO]     |                                Based on Books Collection in Movies                                 |
[2024-04-25 05:01:55,579] [builder.py:193]            [INFO]     |====================================================================================================|
[2024-04-25 05:01:55,579] [builder.py:194]            [INFO]     |                                                                                                    |
[2024-04-25 05:01:55,579] [builder.py:205]            [INFO]     |================================ Building Definition From Templates ================================|
[2024-04-25 05:01:55,579] [builder.py:206]            [DEBUG]    |                                                                                                    |
[2024-04-25 05:01:55,579] [builder.py:216]            [DEBUG]    | Templates Called: Specialty                                                                        |
[2024-04-25 05:01:55,579] [builder.py:217]            [DEBUG]    |                                                                                                    |
[2024-04-25 05:01:55,580] [meta.py:550]               [DEBUG]    |==================================== Final Template Attributes =====================================|
[2024-04-25 05:01:55,580] [meta.py:551]               [DEBUG]    |                                                                                                    |
[2024-04-25 05:01:55,580] [meta.py:552]               [DEBUG]    | {'url_poster': 'https://theposterdb.com/api/assets/235323', 'sort_title': 'Based on Books', 'delete_not_scheduled': True, 'run_again': True, 'visible_home': False, 'visible_shared': False, 'sync_mode': 'sync'} |
[2024-04-25 05:01:55,580] [meta.py:553]               [DEBUG]    |                                                                                                    |
[2024-04-25 05:01:55,580] [builder.py:233]            [INFO]     |=============================== Validating Based on Books Attributes ===============================|
[2024-04-25 05:01:56,828] [builder.py:500]            [DEBUG]    |                                                                                                    |
[2024-04-25 05:01:56,829] [builder.py:501]            [DEBUG]    | Validating Method: delete_not_scheduled                                                            |
[2024-04-25 05:01:56,829] [builder.py:502]            [DEBUG]    | Value: True                                                                                        |
[2024-04-25 05:01:56,829] [builder.py:558]            [DEBUG]    |                                                                                                    |
[2024-04-25 05:01:56,829] [builder.py:559]            [DEBUG]    | Validating Method: run_again                                                                       |
[2024-04-25 05:01:56,829] [builder.py:560]            [DEBUG]    | Value: True                                                                                        |
[2024-04-25 05:01:56,829] [builder.py:579]            [DEBUG]    |                                                                                                    |
[2024-04-25 05:01:56,829] [builder.py:580]            [DEBUG]    | Validating Method: sync_mode                                                                       |
[2024-04-25 05:01:56,829] [builder.py:584]            [DEBUG]    | Value: sync                                                                                        |
[2024-04-25 05:01:56,829] [builder.py:715]            [DEBUG]    |                                                                                                    |
[2024-04-25 05:01:56,829] [builder.py:719]            [DEBUG]    | Validating Method: tmdb_keyword                                                                    |
[2024-04-25 05:01:56,829] [builder.py:720]            [DEBUG]    | Value: 818                                                                                         |
[2024-04-25 05:01:56,940] [builder.py:715]            [DEBUG]    |                                                                                                    |
[2024-04-25 05:01:56,940] [builder.py:719]            [DEBUG]    | Validating Method: summary                                                                         |
[2024-04-25 05:01:56,940] [builder.py:720]            [DEBUG]    | Value: Movies based on books or novels                                                             |
[2024-04-25 05:01:56,940] [builder.py:715]            [DEBUG]    |                                                                                                    |
[2024-04-25 05:01:56,940] [builder.py:719]            [DEBUG]    | Validating Method: url_poster                                                                      |
[2024-04-25 05:01:56,941] [builder.py:720]            [DEBUG]    | Value: https://theposterdb.com/api/assets/235323                                                   |
[2024-04-25 05:01:57,553] [builder.py:715]            [DEBUG]    |                                                                                                    |
[2024-04-25 05:01:57,554] [builder.py:719]            [DEBUG]    | Validating Method: sort_title                                                                      |
[2024-04-25 05:01:57,554] [builder.py:720]            [DEBUG]    | Value: Based on Books                                                                              |
[2024-04-25 05:01:57,554] [builder.py:715]            [DEBUG]    |                                                                                                    |
[2024-04-25 05:01:57,554] [builder.py:719]            [DEBUG]    | Validating Method: visible_home                                                                    |
[2024-04-25 05:01:57,554] [builder.py:720]            [DEBUG]    | Value: False                                                                                       |
[2024-04-25 05:01:57,554] [builder.py:715]            [DEBUG]    |                                                                                                    |
[2024-04-25 05:01:57,554] [builder.py:719]            [DEBUG]    | Validating Method: visible_shared                                                                  |
[2024-04-25 05:01:57,554] [builder.py:720]            [DEBUG]    | Value: False                                                                                       |
[2024-04-25 05:01:57,555] [builder.py:885]            [INFO]     |                                                                                                    |
[2024-04-25 05:01:57,555] [builder.py:886]            [INFO]     | Validation Successful                                                                              |
[2024-04-25 05:01:57,555] [plex_meta_manager.py:636]  [INFO]     |                                                                                                    |
[2024-04-25 05:01:57,555] [plex_meta_manager.py:638]  [INFO]     |================================ Running Based on Books Collection =================================|
[2024-04-25 05:01:57,555] [plex_meta_manager.py:652]  [INFO]     |                                                                                                    |
[2024-04-25 05:01:57,555] [plex_meta_manager.py:653]  [INFO]     | Sync Mode: sync                                                                                    |
[2024-04-25 05:01:57,555] [plex_meta_manager.py:656]  [DEBUG]    |                                                                                                    |
[2024-04-25 05:01:57,555] [plex_meta_manager.py:657]  [DEBUG]    | Builder: tmdb_keyword: 818                                                                         |
[2024-04-25 05:01:57,555] [plex_meta_manager.py:658]  [INFO]     |                                                                                                    |
[2024-04-25 05:02:50,971] [tmdb.py:335]               [INFO]     | Processing TMDb Keyword: (818) based on novel or book (6170 Movies)                                |
[2024-04-25 05:02:50,981] [builder.py:1665]           [DEBUG]    |                                                                                                    |
[2024-04-25 05:02:50,982] [builder.py:1666]           [DEBUG]    | 6170 IDs Found                                                                                     |
[2024-04-25 05:02:50,984] [builder.py:1668]           [DEBUG]    |                                                                                                    |
[2024-04-25 05:02:51,161] [builder.py:2249]           [INFO]     |                                                                                                    |
[2024-04-25 05:02:51,161] [builder.py:2250]           [INFO]     |=============================== Adding to Based on Books Collection ================================|
[2024-04-25 05:02:51,163] [builder.py:2251]           [INFO]     |                                                                                                    |
[2024-04-25 05:02:51,164] [builder.py:2265]           [INFO]     |   1/238 | Based on Books Collection | = | Dune (2021)                                              |
[2024-04-25 05:02:51,165] [builder.py:2265]           [INFO]     |   2/238 | Based on Books Collection | = | Oppenheimer (2023)                                       |
[2024-04-25 05:02:51,166] [builder.py:2265]           [INFO]     |   3/238 | Based on Books Collection | = | Spectre (2015)                                           |
[2024-04-25 05:02:51,167] [builder.py:2265]           [INFO]     |   4/238 | Based on Books Collection | = | The Maze Runner (2014)                                   |
[2024-04-25 05:02:51,167] [builder.py:2265]           [INFO]     |   5/238 | Based on Books Collection | = | The Green Mile (1999)                                    |
[2024-04-25 05:02:51,167] [builder.py:2265]           [INFO]     |   6/238 | Based on Books Collection | = | Blade Runner (1982)                                      |
[2024-04-25 05:02:51,168] [builder.py:2265]           [INFO]     |   7/238 | Based on Books Collection | = | The Hunger Games: The Ballad of Songbirds & Snakes (2023) |
[2024-04-25 05:02:51,169] [builder.py:2265]           [INFO]     |   8/238 | Based on Books Collection | = | The Divergent Series: Insurgent (2015)                   |
[2024-04-25 05:02:51,169] [builder.py:2265]           [INFO]     |   9/238 | Based on Books Collection | = | Goodfellas (1990)                                        |
[2024-04-25 05:02:51,170] [builder.py:2265]           [INFO]     |  10/238 | Based on Books Collection | = | Metropolis (1927)                                        |
[2024-04-25 05:02:51,170] [builder.py:2265]           [INFO]     |  11/238 | Based on Books Collection | = | Forrest Gump (1994)                                      |
[2024-04-25 05:02:51,170] [builder.py:2265]           [INFO]     |  12/238 | Based on Books Collection | = | Fight Club (1999)                                        |
[2024-04-25 05:02:51,171] [builder.py:2265]           [INFO]     |  13/238 | Based on Books Collection | = | Harry Potter and the Sorcerer's Stone (2001)             |
[2024-04-25 05:02:51,171] [builder.py:2265]           [INFO]     |  14/238 | Based on Books Collection | = | Dune (1984)                                              |
[2024-04-25 05:02:51,171] [builder.py:2265]           [INFO]     |  15/238 | Based on Books Collection | = | The Lord of the Rings: The Fellowship of the Ring (2001) |
[2024-04-25 05:02:51,172] [builder.py:2265]           [INFO]     |  16/238 | Based on Books Collection | = | Coraline (2009)                                          |
[2024-04-25 05:02:51,172] [builder.py:2265]           [INFO]     |  17/238 | Based on Books Collection | = | The Chronicles of Narnia: The Lion, the Witch and the Wardrobe (2005) |
[2024-04-25 05:02:51,173] [builder.py:2265]           [INFO]     |  18/238 | Based on Books Collection | = | Harry Potter and the Goblet of Fire (2005)               |
[2024-04-25 05:02:51,174] [builder.py:2265]           [INFO]     |  19/238 | Based on Books Collection | = | It (2017)                                                |
[2024-04-25 05:02:51,174] [builder.py:2265]           [INFO]     |  20/238 | Based on Books Collection | = | Me Before You (2016)                                     |
[2024-04-25 05:02:51,175] [builder.py:2265]           [INFO]     |  21/238 | Based on Books Collection | = | The Godfather (1972)                                     |
[2024-04-25 05:02:51,175] [builder.py:2265]           [INFO]     |  22/238 | Based on Books Collection | = | The Thing (1982)                                         |
[2024-04-25 05:02:51,175] [builder.py:2265]           [INFO]     |  23/238 | Based on Books Collection | = | The Shawshank Redemption (1994)                          |
[2024-04-25 05:02:51,176] [builder.py:2265]           [INFO]     |  24/238 | Based on Books Collection | = | It Chapter Two (2019)                                    |
[2024-04-25 05:02:51,176] [builder.py:2265]           [INFO]     |  25/238 | Based on Books Collection | = | The Lord of the Rings: The Return of the King (2003)     |
[2024-04-25 05:02:51,177] [builder.py:2265]           [INFO]     |  26/238 | Based on Books Collection | = | The Hobbit: The Battle of the Five Armies (2014)         |
[2024-04-25 05:02:51,178] [builder.py:2265]           [INFO]     |  27/238 | Based on Books Collection | = | Total Recall (1990)                                      |
[2024-04-25 05:02:51,178] [builder.py:2265]           [INFO]     |  28/238 | Based on Books Collection | = | Shutter Island (2010)                                    |
[2024-04-25 05:02:51,178] [builder.py:2265]           [INFO]     |  29/238 | Based on Books Collection | = | The Notebook (2004)                                      |
[2024-04-25 05:02:51,179] [builder.py:2265]           [INFO]     |  30/238 | Based on Books Collection | = | Mean Girls (2004)                                        |
[2024-04-25 05:02:51,179] [builder.py:2265]           [INFO]     |  31/238 | Based on Books Collection | = | Stand by Me (1986)                                       |
[2024-04-25 05:02:51,180] [builder.py:2265]           [INFO]     |  32/238 | Based on Books Collection | = | Jack Reacher (2012)                                      |
[2024-04-25 05:02:51,180] [builder.py:2265]           [INFO]     |  33/238 | Based on Books Collection | = | Divergent (2014)                                         |
[2024-04-25 05:02:51,181] [builder.py:2265]           [INFO]     |  34/238 | Based on Books Collection | = | The Lord of the Rings: The Two Towers (2002)             |
[2024-04-25 05:02:51,181] [builder.py:2265]           [INFO]     |  35/238 | Based on Books Collection | = | Carrie (1976)                                            |
[2024-04-25 05:02:51,182] [builder.py:2265]           [INFO]     |  36/238 | Based on Books Collection | = | Bullet Train (2022)                                      |
[2024-04-25 05:02:51,182] [builder.py:2265]           [INFO]     |  37/238 | Based on Books Collection | = | Schindler's List (1993)                                  |
[2024-04-25 05:02:51,183] [builder.py:2265]           [INFO]     |  38/238 | Based on Books Collection | = | Matilda (1996)                                           |
[2024-04-25 05:02:51,183] [builder.py:2265]           [INFO]     |  39/238 | Based on Books Collection | = | Paddington 2 (2017)                                      |
[2024-04-25 05:02:51,184] [builder.py:2265]           [INFO]     |  40/238 | Based on Books Collection | = | Planet of the Apes (1968)                                |
[2024-04-25 05:02:51,184] [builder.py:2265]           [INFO]     |  41/238 | Based on Books Collection | = | The Shining (1980)                                       |
[2024-04-25 05:02:51,185] [builder.py:2265]           [INFO]     |  42/238 | Based on Books Collection | = | Maze Runner: The Scorch Trials (2015)                    |
[2024-04-25 05:02:51,185] [builder.py:2265]           [INFO]     |  43/238 | Based on Books Collection | = | Pet Sematary (2019)                                      |
[2024-04-25 05:02:51,186] [builder.py:2265]           [INFO]     |  44/238 | Based on Books Collection | = | Doctor Sleep (2019)                                      |
[2024-04-25 05:02:51,187] [builder.py:2265]           [INFO]     |  45/238 | Based on Books Collection | = | Maze Runner: The Death Cure (2018)                       |
[2024-04-25 05:02:51,188] [builder.py:2265]           [INFO]     |  46/238 | Based on Books Collection | = | The Martian (2015)                                       |
[2024-04-25 05:02:51,188] [builder.py:2265]           [INFO]     |  47/238 | Based on Books Collection | = | The Hobbit: An Unexpected Journey (2012)                 |
[2024-04-25 05:02:51,189] [builder.py:2265]           [INFO]     |  48/238 | Based on Books Collection | = | Casino Royale (2006)                                     |
[2024-04-25 05:02:51,189] [builder.py:2265]           [INFO]     |  49/238 | Based on Books Collection | = | Solaris (2002)                                           |
[2024-04-25 05:02:51,190] [builder.py:2265]           [INFO]     |  50/238 | Based on Books Collection | = | Pet Sematary (1989)                                      |
[2024-04-25 05:02:51,190] [builder.py:2265]           [INFO]     |  51/238 | Based on Books Collection | = | The Mist (2007)                                          |
[2024-04-25 05:02:51,190] [builder.py:2265]           [INFO]     |  52/238 | Based on Books Collection | = | Willy Wonka & the Chocolate Factory (1971)               |
[2024-04-25 05:02:51,191] [builder.py:2265]           [INFO]     |  53/238 | Based on Books Collection | = | Ben-Hur (1959)                                           |
[2024-04-25 05:02:51,191] [builder.py:2265]           [INFO]     |  54/238 | Based on Books Collection | = | Die Hard (1988)                                          |
[2024-04-25 05:02:51,191] [builder.py:2265]           [INFO]     |  55/238 | Based on Books Collection | = | World War Z (2013)                                       |
[2024-04-25 05:02:51,192] [builder.py:2265]           [INFO]     |  56/238 | Based on Books Collection | = | The Hunger Games: Mockingjay - Part 1 (2014)             |
[2024-04-25 05:02:51,193] [builder.py:2265]           [INFO]     |  57/238 | Based on Books Collection | = | Allegiant (2016)                                         |
[2024-04-25 05:02:51,193] [builder.py:2265]           [INFO]     |  58/238 | Based on Books Collection | = | Little Women (2019)                                      |
[2024-04-25 05:02:51,194] [builder.py:2265]           [INFO]     |  59/238 | Based on Books Collection | = | The Town (2010)                                          |
[2024-04-25 05:02:51,195] [builder.py:2265]           [INFO]     |  60/238 | Based on Books Collection | = | Chaos Walking (2020)                                     |
[2024-04-25 05:02:51,195] [builder.py:2265]           [INFO]     |  61/238 | Based on Books Collection | = | Percy Jackson & the Olympians - The Lightning Thief (2010) |
[2024-04-25 05:02:51,196] [builder.py:2265]           [INFO]     |  62/238 | Based on Books Collection | = | Clueless (1995)                                          |
[2024-04-25 05:02:51,196] [builder.py:2265]           [INFO]     |  63/238 | Based on Books Collection | = | I, Robot (2004)                                          |
[2024-04-25 05:02:51,197] [builder.py:2265]           [INFO]     |  64/238 | Based on Books Collection | = | Leave the World Behind (2023)                            |
[2024-04-25 05:02:51,198] [builder.py:2265]           [INFO]     |  65/238 | Based on Books Collection | = | Mary Poppins (1964)                                      |
[2024-04-25 05:02:51,198] [builder.py:2265]           [INFO]     |  66/238 | Based on Books Collection | = | Treasure Planet (2002)                                   |
[2024-04-25 05:02:51,199] [builder.py:2265]           [INFO]     |  67/238 | Based on Books Collection | = | How to Train Your Dragon: The Hidden World (2019)        |
[2024-04-25 05:02:51,199] [builder.py:2265]           [INFO]     |  68/238 | Based on Books Collection | = | Creepshow 2 (1987)                                       |
[2024-04-25 05:02:51,199] [builder.py:2265]           [INFO]     |  69/238 | Based on Books Collection | = | Sleepwalkers (1992)                                      |
[2024-04-25 05:02:51,200] [builder.py:2265]           [INFO]     |  70/238 | Based on Books Collection | = | Annihilation (2018)                                      |
[2024-04-25 05:02:51,201] [builder.py:2265]           [INFO]     |  71/238 | Based on Books Collection | = | Ready Player One (2018)                                  |
[2024-04-25 05:02:51,201] [builder.py:2265]           [INFO]     |  72/238 | Based on Books Collection | = | No Time to Die (2021)                                    |
[2024-04-25 05:02:51,202] [builder.py:2265]           [INFO]     |  73/238 | Based on Books Collection | = | Jojo Rabbit (2019)                                       |
[2024-04-25 05:02:51,203] [builder.py:2265]           [INFO]     |  74/238 | Based on Books Collection | = | War of the Worlds (2005)                                 |
[2024-04-25 05:02:51,203] [builder.py:2265]           [INFO]     |  75/238 | Based on Books Collection | = | Black Hawk Down (2002)                                   |
[2024-04-25 05:02:51,204] [builder.py:2265]           [INFO]     |  76/238 | Based on Books Collection | = | How the Grinch Stole Christmas (2000)                    |
[2024-04-25 05:02:51,204] [builder.py:2265]           [INFO]     |  77/238 | Based on Books Collection | = | Logan's Run (1976)                                       |
[2024-04-25 05:02:51,204] [builder.py:2265]           [INFO]     |  78/238 | Based on Books Collection | = | Dr. No (1962)                                            |
[2024-04-25 05:02:51,205] [builder.py:2265]           [INFO]     |  79/238 | Based on Books Collection | = | Full Metal Jacket (1987)                                 |
[2024-04-25 05:02:51,205] [builder.py:2265]           [INFO]     |  80/238 | Based on Books Collection | = | The Iron Giant (1999)                                    |
[2024-04-25 05:02:51,205] [builder.py:2265]           [INFO]     |  81/238 | Based on Books Collection | = | How to Train Your Dragon (2010)                          |
[2024-04-25 05:02:51,206] [builder.py:2265]           [INFO]     |  82/238 | Based on Books Collection | = | The Wizard of Oz (1939)                                  |
[2024-04-25 05:02:51,206] [builder.py:2265]           [INFO]     |  83/238 | Based on Books Collection | = | The Thirteenth Floor (1999)                              |
[2024-04-25 05:02:51,207] [builder.py:2265]           [INFO]     |  84/238 | Based on Books Collection | = | Warm Bodies (2013)                                       |
[2024-04-25 05:02:51,207] [builder.py:2265]           [INFO]     |  85/238 | Based on Books Collection | = | The Hobbit: The Desolation of Smaug (2013)               |
[2024-04-25 05:02:51,208] [builder.py:2265]           [INFO]     |  86/238 | Based on Books Collection | = | Contact (1997)                                           |
[2024-04-25 05:02:51,208] [builder.py:2265]           [INFO]     |  87/238 | Based on Books Collection | = | Enola Holmes (2020)                                      |
[2024-04-25 05:02:51,209] [builder.py:2265]           [INFO]     |  88/238 | Based on Books Collection | = | Cloud Atlas (2012)                                       |
[2024-04-25 05:02:51,209] [builder.py:2265]           [INFO]     |  89/238 | Based on Books Collection | = | To Kill a Mockingbird (1963)                             |
[2024-04-25 05:02:51,210] [builder.py:2265]           [INFO]     |  90/238 | Based on Books Collection | = | Edge of Tomorrow (2014)                                  |
[2024-04-25 05:02:51,210] [builder.py:2265]           [INFO]     |  91/238 | Based on Books Collection | = | Die Hard 2 (1990)                                        |
[2024-04-25 05:02:51,211] [builder.py:2265]           [INFO]     |  92/238 | Based on Books Collection | = | Goldfinger (1964)                                        |
[2024-04-25 05:02:51,211] [builder.py:2265]           [INFO]     |  93/238 | Based on Books Collection | = | The Chronicles of Narnia: The Voyage of the Dawn Treader (2010) |
[2024-04-25 05:02:51,211] [builder.py:2265]           [INFO]     |  94/238 | Based on Books Collection | = | True Grit (2010)                                         |
[2024-04-25 05:02:51,212] [builder.py:2265]           [INFO]     |  95/238 | Based on Books Collection | = | The Road (2009)                                          |
[2024-04-25 05:02:51,212] [builder.py:2265]           [INFO]     |  96/238 | Based on Books Collection | = | You Only Live Twice (1967)                               |
[2024-04-25 05:02:51,213] [builder.py:2265]           [INFO]     |  97/238 | Based on Books Collection | = | Knock at the Cabin (2023)                                |
[2024-04-25 05:02:51,214] [builder.py:2265]           [INFO]     |  98/238 | Based on Books Collection | = | Sahara (2005)                                            |
[2024-04-25 05:02:51,214] [builder.py:2265]           [INFO]     |  99/238 | Based on Books Collection | = | Guillermo del Toro's Pinocchio (2022)                    |
[2024-04-25 05:02:51,215] [builder.py:2265]           [INFO]     | 100/238 | Based on Books Collection | = | A Haunting in Venice (2023)                              |
[2024-04-25 05:02:51,216] [builder.py:2265]           [INFO]     | 101/238 | Based on Books Collection | = | The Hunger Games: Catching Fire (2013)                   |
[2024-04-25 05:02:51,217] [builder.py:2265]           [INFO]     | 102/238 | Based on Books Collection | = | All Quiet on the Western Front (2022)                    |
[2024-04-25 05:02:51,217] [builder.py:2265]           [INFO]     | 103/238 | Based on Books Collection | = | The Thing (2011)                                         |
[2024-04-25 05:02:51,218] [builder.py:2265]           [INFO]     | 104/238 | Based on Books Collection | = | Das Boot (1981)                                          |
[2024-04-25 05:02:51,218] [builder.py:2265]           [INFO]     | 105/238 | Based on Books Collection | = | Soylent Green (1973)                                     |
[2024-04-25 05:02:51,219] [builder.py:2265]           [INFO]     | 106/238 | Based on Books Collection | = | Spirited (2022)                                          |
[2024-04-25 05:02:51,219] [builder.py:2265]           [INFO]     | 107/238 | Based on Books Collection | = | Interview with the Vampire: The Vampire Chronicles (1994) |
[2024-04-25 05:02:51,220] [builder.py:2265]           [INFO]     | 108/238 | Based on Books Collection | = | The Boy in the Striped Pajamas (2008)                    |
[2024-04-25 05:02:51,220] [builder.py:2265]           [INFO]     | 109/238 | Based on Books Collection | = | Meet the Robinsons (2007)                                |
[2024-04-25 05:02:51,221] [builder.py:2265]           [INFO]     | 110/238 | Based on Books Collection | = | The Jungle Book (1967)                                   |
[2024-04-25 05:02:51,221] [builder.py:2265]           [INFO]     | 111/238 | Based on Books Collection | = | The Hunger Games: Mockingjay - Part 2 (2015)             |
[2024-04-25 05:02:51,222] [builder.py:2265]           [INFO]     | 112/238 | Based on Books Collection | = | Paddington (2014)                                        |
[2024-04-25 05:02:51,222] [builder.py:2265]           [INFO]     | 113/238 | Based on Books Collection | = | No Country for Old Men (2007)                            |
[2024-04-25 05:02:51,223] [builder.py:2265]           [INFO]     | 114/238 | Based on Books Collection | = | BlacKkKlansman (2018)                                    |
[2024-04-25 05:02:51,224] [builder.py:2265]           [INFO]     | 115/238 | Based on Books Collection | = | Hugo (2011)                                              |
[2024-04-25 05:02:51,224] [builder.py:2265]           [INFO]     | 116/238 | Based on Books Collection | = | Stuart Little (1999)                                     |
[2024-04-25 05:02:51,225] [builder.py:2265]           [INFO]     | 117/238 | Based on Books Collection | = | The Witches (2020)                                       |
[2024-04-25 05:02:51,225] [builder.py:2265]           [INFO]     | 118/238 | Based on Books Collection | = | 25th Hour (2003)                                         |
[2024-04-25 05:02:51,226] [builder.py:2265]           [INFO]     | 119/238 | Based on Books Collection | = | The Bourne Identity (2002)                               |
[2024-04-25 05:02:51,226] [builder.py:2265]           [INFO]     | 120/238 | Based on Books Collection | = | The Lovely Bones (2009)                                  |
[2024-04-25 05:02:51,227] [builder.py:2265]           [INFO]     | 121/238 | Based on Books Collection | = | Mr. Holmes (2015)                                        |
[2024-04-25 05:02:51,228] [builder.py:2265]           [INFO]     | 122/238 | Based on Books Collection | = | Nightmare Alley (2021)                                   |
[2024-04-25 05:02:51,228] [builder.py:2265]           [INFO]     | 123/238 | Based on Books Collection | = | One Flew Over the Cuckoo's Nest (1975)                   |
[2024-04-25 05:02:51,228] [builder.py:2265]           [INFO]     | 124/238 | Based on Books Collection | = | Chocolat (2000)                                          |
[2024-04-25 05:02:51,229] [builder.py:2265]           [INFO]     | 125/238 | Based on Books Collection | = | Live and Let Die (1973)                                  |
[2024-04-25 05:02:51,229] [builder.py:2265]           [INFO]     | 126/238 | Based on Books Collection | = | The Running Man (1987)                                   |
[2024-04-25 05:02:51,229] [builder.py:2265]           [INFO]     | 127/238 | Based on Books Collection | = | Moonraker (1979)                                         |
[2024-04-25 05:02:51,230] [builder.py:2265]           [INFO]     | 128/238 | Based on Books Collection | = | The Witches (1990)                                       |
[2024-04-25 05:02:51,230] [builder.py:2265]           [INFO]     | 129/238 | Based on Books Collection | = | Who Framed Roger Rabbit (1988)                           |
[2024-04-25 05:02:51,230] [builder.py:2265]           [INFO]     | 130/238 | Based on Books Collection | = | Carrie (2013)                                            |
[2024-04-25 05:02:51,231] [builder.py:2265]           [INFO]     | 131/238 | Based on Books Collection | = | A Walk to Remember (2002)                                |
[2024-04-25 05:02:51,231] [builder.py:2265]           [INFO]     | 132/238 | Based on Books Collection | = | The Jungle Book (2016)                                   |
[2024-04-25 05:02:51,232] [builder.py:2265]           [INFO]     | 133/238 | Based on Books Collection | = | Charlotte's Web (2006)                                   |
[2024-04-25 05:02:51,233] [builder.py:2265]           [INFO]     | 134/238 | Based on Books Collection | = | The Call of the Wild (2020)                              |
[2024-04-25 05:02:51,234] [builder.py:2265]           [INFO]     | 135/238 | Based on Books Collection | = | Ender's Game (2013)                                      |
[2024-04-25 05:02:51,234] [builder.py:2265]           [INFO]     | 136/238 | Based on Books Collection | = | The Art of Racing in the Rain (2019)                     |
[2024-04-25 05:02:51,235] [builder.py:2265]           [INFO]     | 137/238 | Based on Books Collection | = | Death on the Nile (2022)                                 |
[2024-04-25 05:02:51,236] [builder.py:2265]           [INFO]     | 138/238 | Based on Books Collection | = | Finding Forrester (2001)                                 |
[2024-04-25 05:02:51,236] [builder.py:2265]           [INFO]     | 139/238 | Based on Books Collection | = | Trainspotting (1996)                                     |
[2024-04-25 05:02:51,236] [builder.py:2265]           [INFO]     | 140/238 | Based on Books Collection | = | Adaptation. (2002)                                       |
[2024-04-25 05:02:51,237] [builder.py:2265]           [INFO]     | 141/238 | Based on Books Collection | = | From Russia with Love (1963)                             |
[2024-04-25 05:02:51,237] [builder.py:2265]           [INFO]     | 142/238 | Based on Books Collection | = | The Bourne Ultimatum (2007)                              |
[2024-04-25 05:02:51,238] [builder.py:2265]           [INFO]     | 143/238 | Based on Books Collection | = | White Noise (2022)                                       |
[2024-04-25 05:02:51,238] [builder.py:2265]           [INFO]     | 144/238 | Based on Books Collection | = | Field of Dreams (1989)                                   |
[2024-04-25 05:02:51,239] [builder.py:2265]           [INFO]     | 145/238 | Based on Books Collection | = | Watership Down (1978)                                    |
[2024-04-25 05:02:51,239] [builder.py:2265]           [INFO]     | 146/238 | Based on Books Collection | = | Blindness (2008)                                         |
[2024-04-25 05:02:51,240] [builder.py:2265]           [INFO]     | 147/238 | Based on Books Collection | = | Women Talking (2023)                                     |
[2024-04-25 05:02:51,241] [builder.py:2265]           [INFO]     | 148/238 | Based on Books Collection | = | The Wandering Earth (2019)                               |
[2024-04-25 05:02:51,241] [builder.py:2265]           [INFO]     | 149/238 | Based on Books Collection | = | On Her Majesty's Secret Service (1969)                   |
[2024-04-25 05:02:51,242] [builder.py:2265]           [INFO]     | 150/238 | Based on Books Collection | = | Where the Crawdads Sing (2022)                           |
[2024-04-25 05:02:51,242] [builder.py:2265]           [INFO]     | 151/238 | Based on Books Collection | = | Enemy (2013)                                             |
[2024-04-25 05:02:51,243] [builder.py:2265]           [INFO]     | 152/238 | Based on Books Collection | = | Clifford the Big Red Dog (2021)                          |
[2024-04-25 05:02:51,244] [builder.py:2265]           [INFO]     | 153/238 | Based on Books Collection | = | Holes (2003)                                             |
[2024-04-25 05:02:51,244] [builder.py:2265]           [INFO]     | 154/238 | Based on Books Collection | = | The Hunger Games (2012)                                  |
[2024-04-25 05:02:51,245] [builder.py:2265]           [INFO]     | 155/238 | Based on Books Collection | = | The Boxtrolls (2014)                                     |
[2024-04-25 05:02:51,245] [builder.py:2265]           [INFO]     | 156/238 | Based on Books Collection | = | O Brother, Where Art Thou? (2000)                        |
[2024-04-25 05:02:51,246] [builder.py:2265]           [INFO]     | 157/238 | Based on Books Collection | = | Children of Men (2006)                                   |
[2024-04-25 05:02:51,246] [builder.py:2265]           [INFO]     | 158/238 | Based on Books Collection | = | The Saint (1997)                                         |
[2024-04-25 05:02:51,247] [builder.py:2265]           [INFO]     | 159/238 | Based on Books Collection | = | Scrooge (1951)                                           |
[2024-04-25 05:02:51,247] [builder.py:2265]           [INFO]     | 160/238 | Based on Books Collection | = | Cold Skin (2017)                                         |
[2024-04-25 05:02:51,247] [builder.py:2265]           [INFO]     | 161/238 | Based on Books Collection | = | A Fistful of Dollars (1964)                              |
[2024-04-25 05:02:51,248] [builder.py:2265]           [INFO]     | 162/238 | Based on Books Collection | = | The Man with the Golden Gun (1974)                       |
[2024-04-25 05:02:51,248] [builder.py:2265]           [INFO]     | 163/238 | Based on Books Collection | = | The Hunt for Red October (1990)                          |
[2024-04-25 05:02:51,248] [builder.py:2265]           [INFO]     | 164/238 | Based on Books Collection | = | The Girl on the Train (2016)                             |
[2024-04-25 05:02:51,249] [builder.py:2265]           [INFO]     | 165/238 | Based on Books Collection | = | Downfall (2004)                                          |
[2024-04-25 05:02:51,249] [builder.py:2265]           [INFO]     | 166/238 | Based on Books Collection | = | Silver Bullet (1985)                                     |
[2024-04-25 05:02:51,250] [builder.py:2265]           [INFO]     | 167/238 | Based on Books Collection | = | Patriot Games (1992)                                     |
[2024-04-25 05:02:51,250] [builder.py:2265]           [INFO]     | 168/238 | Based on Books Collection | = | Empire of the Sun (1987)                                 |
[2024-04-25 05:02:51,251] [builder.py:2265]           [INFO]     | 169/238 | Based on Books Collection | = | Journey to the Center of the Earth (2008)                |
[2024-04-25 05:02:51,251] [builder.py:2265]           [INFO]     | 170/238 | Based on Books Collection | = | The Girl with the Dragon Tattoo (2011)                   |
[2024-04-25 05:02:51,252] [builder.py:2265]           [INFO]     | 171/238 | Based on Books Collection | = | Fun with Dick and Jane (2005)                            |
[2024-04-25 05:02:51,252] [builder.py:2265]           [INFO]     | 172/238 | Based on Books Collection | = | Tuck Everlasting (2002)                                  |
[2024-04-25 05:02:51,253] [builder.py:2265]           [INFO]     | 173/238 | Based on Books Collection | = | Under the Skin (2013)                                    |
[2024-04-25 05:02:51,253] [builder.py:2265]           [INFO]     | 174/238 | Based on Books Collection | = | The Girl with the Dragon Tattoo (2009)                   |
[2024-04-25 05:02:51,254] [builder.py:2265]           [INFO]     | 175/238 | Based on Books Collection | = | No Escape (1994)                                         |
[2024-04-25 05:02:51,254] [builder.py:2265]           [INFO]     | 176/238 | Based on Books Collection | = | The Princess Bride (1987)                                |
[2024-04-25 05:02:51,254] [builder.py:2265]           [INFO]     | 177/238 | Based on Books Collection | = | The Spy Who Loved Me (1977)                              |
[2024-04-25 05:02:51,255] [builder.py:2265]           [INFO]     | 178/238 | Based on Books Collection | = | The Time Traveler's Wife (2009)                          |
[2024-04-25 05:02:51,255] [builder.py:2265]           [INFO]     | 179/238 | Based on Books Collection | = | The Perks of Being a Wallflower (2012)                   |
[2024-04-25 05:02:51,256] [builder.py:2265]           [INFO]     | 180/238 | Based on Books Collection | = | The Last Duel (2021)                                     |
[2024-04-25 05:02:51,257] [builder.py:2265]           [INFO]     | 181/238 | Based on Books Collection | = | The NeverEnding Story (1984)                             |
[2024-04-25 05:02:51,257] [builder.py:2265]           [INFO]     | 182/238 | Based on Books Collection | = | Brewster's Millions (1985)                               |
[2024-04-25 05:02:51,257] [builder.py:2265]           [INFO]     | 183/238 | Based on Books Collection | = | Matchstick Men (2003)                                    |
[2024-04-25 05:02:51,258] [builder.py:2265]           [INFO]     | 184/238 | Based on Books Collection | = | The Time Machine (1960)                                  |
[2024-04-25 05:02:51,258] [builder.py:2265]           [INFO]     | 185/238 | Based on Books Collection | = | Zathura: A Space Adventure (2005)                        |
[2024-04-25 05:02:51,258] [builder.py:2265]           [INFO]     | 186/238 | Based on Books Collection | = | Altered States (1980)                                    |
[2024-04-25 05:02:51,259] [builder.py:2265]           [INFO]     | 187/238 | Based on Books Collection | = | The Bourne Supremacy (2004)                              |
[2024-04-25 05:02:51,259] [builder.py:2265]           [INFO]     | 188/238 | Based on Books Collection | = | A Christmas Carol (2009)                                 |
[2024-04-25 05:02:51,260] [builder.py:2265]           [INFO]     | 189/238 | Based on Books Collection | = | Fast Times at Ridgemont High (1982)                      |
[2024-04-25 05:02:51,260] [builder.py:2265]           [INFO]     | 190/238 | Based on Books Collection | = | The Count of Monte Cristo (2002)                         |
[2024-04-25 05:02:51,261] [builder.py:2265]           [INFO]     | 191/238 | Based on Books Collection | = | High-Rise (2016)                                         |
[2024-04-25 05:02:51,261] [builder.py:2265]           [INFO]     | 192/238 | Based on Books Collection | = | Invasion of the Body Snatchers (1978)                    |
[2024-04-25 05:02:51,262] [builder.py:2265]           [INFO]     | 193/238 | Based on Books Collection | = | Mary Poppins Returns (2018)                              |
[2024-04-25 05:02:51,262] [builder.py:2265]           [INFO]     | 194/238 | Based on Books Collection | = | The Bookshop (2017)                                      |
[2024-04-25 05:02:51,263] [builder.py:2265]           [INFO]     | 195/238 | Based on Books Collection | = | The Omega Man (1971)                                     |
[2024-04-25 05:02:51,263] [builder.py:2265]           [INFO]     | 196/238 | Based on Books Collection | = | Needful Things (1993)                                    |
[2024-04-25 05:02:51,263] [builder.py:2265]           [INFO]     | 197/238 | Based on Books Collection | = | On the Beach (1959)                                      |
[2024-04-25 05:02:51,264] [builder.py:2265]           [INFO]     | 198/238 | Based on Books Collection | = | There Will Be Blood (2008)                               |
[2024-04-25 05:02:51,264] [builder.py:2265]           [INFO]     | 199/238 | Based on Books Collection | = | James and the Giant Peach (1996)                         |
[2024-04-25 05:02:51,265] [builder.py:2265]           [INFO]     | 200/238 | Based on Books Collection | = | Pride and Prejudice and Zombies (2016)                   |
[2024-04-25 05:02:51,265] [builder.py:2265]           [INFO]     | 201/238 | Based on Books Collection | = | The Hitchhiker's Guide to the Galaxy (2005)              |
[2024-04-25 05:02:51,266] [builder.py:2265]           [INFO]     | 202/238 | Based on Books Collection | = | The Sum of All Fears (2002)                              |
[2024-04-25 05:02:51,266] [builder.py:2265]           [INFO]     | 203/238 | Based on Books Collection | = | Clear and Present Danger (1994)                          |
[2024-04-25 05:02:51,267] [builder.py:2265]           [INFO]     | 204/238 | Based on Books Collection | = | How I Live Now (2013)                                    |
[2024-04-25 05:02:51,267] [builder.py:2265]           [INFO]     | 205/238 | Based on Books Collection | = | Hunt for the Wilderpeople (2016)                         |
[2024-04-25 05:02:51,268] [builder.py:2265]           [INFO]     | 206/238 | Based on Books Collection | = | The Girl with All the Gifts (2016)                       |
[2024-04-25 05:02:51,269] [builder.py:2265]           [INFO]     | 207/238 | Based on Books Collection | = | Solaris (1972)                                           |
[2024-04-25 05:02:51,269] [builder.py:2265]           [INFO]     | 208/238 | Based on Books Collection | = | Strangers on a Train (1951)                              |
[2024-04-25 05:02:51,269] [builder.py:2265]           [INFO]     | 209/238 | Based on Books Collection | = | Battle Royale (2000)                                     |
[2024-04-25 05:02:51,269] [builder.py:2265]           [INFO]     | 210/238 | Based on Books Collection | = | Swiss Family Robinson (1960)                             |
[2024-04-25 05:02:51,270] [builder.py:2265]           [INFO]     | 211/238 | Based on Books Collection | = | The Time Machine (2002)                                  |
[2024-04-25 05:02:51,270] [builder.py:2265]           [INFO]     | 212/238 | Based on Books Collection | = | Anne of Green Gables (1985)                              |
[2024-04-25 05:02:51,270] [builder.py:2265]           [INFO]     | 213/238 | Based on Books Collection | = | Let the Right One In (2008)                              |
[2024-04-25 05:02:51,271] [builder.py:2265]           [INFO]     | 214/238 | Based on Books Collection | = | The Thing from Another World (1951)                      |
[2024-04-25 05:02:51,271] [builder.py:2265]           [INFO]     | 215/238 | Based on Books Collection | = | The Andromeda Strain (1971)                              |
[2024-04-25 05:02:51,271] [builder.py:2265]           [INFO]     | 216/238 | Based on Books Collection | = | The Killing Fields (1984)                                |
[2024-04-25 05:02:51,271] [builder.py:2265]           [INFO]     | 217/238 | Based on Books Collection | = | The Philadelphia Experiment (1984)                       |
[2024-04-25 05:02:51,272] [builder.py:2265]           [INFO]     | 218/238 | Based on Books Collection | = | Diary of a Wimpy Kid (2021)                              |
[2024-04-25 05:02:51,272] [builder.py:2265]           [INFO]     | 219/238 | Based on Books Collection | = | The Treasure of the Sierra Madre (1948)                  |
[2024-04-25 05:02:51,273] [builder.py:2265]           [INFO]     | 220/238 | Based on Books Collection | = | The Last King of Scotland (2007)                         |
[2024-04-25 05:02:51,273] [builder.py:2265]           [INFO]     | 221/238 | Based on Books Collection | = | For Love of the Game (1999)                              |
[2024-04-25 05:02:51,274] [builder.py:2265]           [INFO]     | 222/238 | Based on Books Collection | = | Fail Safe (2000)                                         |
[2024-04-25 05:02:51,274] [builder.py:2265]           [INFO]     | 223/238 | Based on Books Collection | = | The Muppet Christmas Carol (1992)                        |
[2024-04-25 05:02:51,274] [builder.py:2265]           [INFO]     | 224/238 | Based on Books Collection | = | Invasion of the Body Snatchers (1956)                    |
[2024-04-25 05:02:51,274] [builder.py:2265]           [INFO]     | 225/238 | Based on Books Collection | = | The Man Who Fell to Earth (1976)                         |
[2024-04-25 05:02:51,275] [builder.py:2265]           [INFO]     | 226/238 | Based on Books Collection | = | Leave No Trace (2018)                                    |
[2024-04-25 05:02:51,275] [builder.py:2265]           [INFO]     | 227/238 | Based on Books Collection | = | Village of the Damned (1960)                             |
[2024-04-25 05:02:51,276] [builder.py:2265]           [INFO]     | 228/238 | Based on Books Collection | = | Extremely Loud & Incredibly Close (2012)                 |
[2024-04-25 05:02:51,276] [builder.py:2265]           [INFO]     | 229/238 | Based on Books Collection | = | Beasts of No Nation (2015)                               |
[2024-04-25 05:02:51,277] [builder.py:2265]           [INFO]     | 230/238 | Based on Books Collection | = | How the Grinch Stole Christmas! (1966)                   |
[2024-04-25 05:02:51,277] [builder.py:2265]           [INFO]     | 231/238 | Based on Books Collection | = | The Silence of the Lambs (1991)                          |
[2024-04-25 05:02:51,277] [builder.py:2265]           [INFO]     | 232/238 | Based on Books Collection | = | The Ninth Configuration (1980)                           |
[2024-04-25 05:02:51,278] [builder.py:2265]           [INFO]     | 233/238 | Based on Books Collection | = | About a Boy (2002)                                       |
[2024-04-25 05:02:51,278] [builder.py:2265]           [INFO]     | 234/238 | Based on Books Collection | = | The Motorcycle Diaries (2004)                            |
[2024-04-25 05:02:51,279] [builder.py:2265]           [INFO]     | 235/238 | Based on Books Collection | = | Anne of Green Gables (2016)                              |
[2024-04-25 05:02:51,279] [builder.py:2265]           [INFO]     | 236/238 | Based on Books Collection | = | Red Dragon (2002)                                        |
[2024-04-25 05:02:51,280] [builder.py:2265]           [INFO]     | 237/238 | Based on Books Collection | = | The Sky Is Everywhere (2022)                             |
[2024-04-25 05:02:51,281] [builder.py:2265]           [INFO]     | 238/238 | Based on Books Collection | = | The Year Without a Santa Claus (1974)                    |
[2024-04-25 05:02:51,281] [builder.py:2285]           [INFO]     |                                                                                                    |
[2024-04-25 05:02:51,281] [builder.py:2287]           [INFO]     | 238 Movies Processed 0 Movies Added                                                                |
[2024-04-25 05:02:51,281] [builder.py:2295]           [INFO]     |                                                                                                    |
[2024-04-25 05:02:51,281] [builder.py:2296]           [INFO]     |============================== Removed from Based on Books Collection ==============================|
[2024-04-25 05:02:51,281] [builder.py:2297]           [INFO]     |                                                                                                    |
[2024-04-25 05:02:51,281] [builder.py:2302]           [INFO]     | 1/2 | Based on Books Collection | - | Crooked House (2017)                                         |
[2024-04-25 05:02:51,735] [builder.py:2302]           [INFO]     | 2/2 | Based on Books Collection | - | Murder on the Orient Express (2017)                          |
[2024-04-25 05:02:52,368] [builder.py:2314]           [INFO]     |                                                                                                    |
[2024-04-25 05:02:52,369] [builder.py:2315]           [INFO]     | 2 Movie Removed                                                                                    |
[2024-04-25 05:03:36,334] [builder.py:2422]           [INFO]     |                                                                                                    |
[2024-04-25 05:03:36,335] [builder.py:2423]           [INFO]     | 5882 Movies Missing                                                                                |
[2024-04-25 05:03:36,859] [builder.py:2623]           [INFO]     |                                                                                                    |
[2024-04-25 05:03:36,860] [builder.py:2624]           [INFO]     |========================== Updating Details of Based on Books Collection ===========================|
[2024-04-25 05:03:36,860] [builder.py:2625]           [INFO]     |                                                                                                    |
[2024-04-25 05:03:36,867] [builder.py:2689]           [INFO]     | Collection Metadata Edits                                                                          |
[2024-04-25 05:03:36,871] [util.py:178]               [DEBUG]    | 2 posters found:                                                                                   |
[2024-04-25 05:03:36,871] [util.py:180]               [DEBUG]    | Method: url_poster Poster: https://theposterdb.com/api/assets/235323                               |
[2024-04-25 05:03:36,871] [util.py:180]               [DEBUG]    | Method: asset_directory Poster: {'attribute': 'asset_directory', 'location': '//config/assets/movies/Based on Books/poster.jpg', 'prefix': "Based on Books's ", 'is_poster': True, 'is_url': False, 'compare': 860153, 'message': "Based on Books's poster to [File] //config/assets/movies/Based on Books/poster.jpg"} |
[2024-04-25 05:03:36,871] [library.py:177]            [INFO]     | Detail: Based on Books's poster update not needed                                                  |
[2024-04-25 05:03:38,097] [plex_meta_manager.py:780]  [INFO]     |                                                                                                    |
[2024-04-25 05:03:38,097] [plex_meta_manager.py:781]  [INFO]     |====================================================================================================|
[2024-04-25 05:03:38,097] [plex_meta_manager.py:781]  [INFO]     |                                 Finished Based on Books Collection                                 |
[2024-04-25 05:03:38,097] [plex_meta_manager.py:781]  [INFO]     |                                    Collection Run Time: 0:01:42                                    |
[2024-04-25 05:03:38,097] [plex_meta_manager.py:781]  [INFO]     |====================================================================================================|
