[2024-04-25 05:07:09,549] [builder.py:193]            [INFO]     |====================================================================================================|
[2024-04-25 05:07:09,549] [builder.py:193]            [INFO]     |                                 Easter Movies Collection in Movies                                 |
[2024-04-25 05:07:09,549] [builder.py:193]            [INFO]     |====================================================================================================|
[2024-04-25 05:07:09,549] [builder.py:194]            [INFO]     |                                                                                                    |
[2024-04-25 05:07:09,549] [builder.py:205]            [INFO]     |================================ Building Definition From Templates ================================|
[2024-04-25 05:07:09,550] [builder.py:206]            [DEBUG]    |                                                                                                    |
[2024-04-25 05:07:09,550] [builder.py:216]            [DEBUG]    | Templates Called: Holiday                                                                          |
[2024-04-25 05:07:09,550] [builder.py:217]            [DEBUG]    |                                                                                                    |
[2024-04-25 05:07:09,551] [meta.py:550]               [DEBUG]    |==================================== Final Template Attributes =====================================|
[2024-04-25 05:07:09,551] [meta.py:551]               [DEBUG]    |                                                                                                    |
[2024-04-25 05:07:09,551] [meta.py:552]               [DEBUG]    | {'sort_title': 'Easter Movies', 'url_poster': 'https://theposterdb.com/api/assets/212636', 'collection_order': 'release.desc', 'schedule': 'daily', 'delete_not_scheduled': False, 'run_again': True, 'sync_mode': 'sync'} |
[2024-04-25 05:07:09,551] [meta.py:553]               [DEBUG]    |                                                                                                    |
[2024-04-25 05:07:09,551] [builder.py:233]            [INFO]     |=============================== Validating Easter Movies Attributes ================================|
[2024-04-25 05:07:09,646] [builder.py:500]            [DEBUG]    |                                                                                                    |
[2024-04-25 05:07:09,646] [builder.py:501]            [DEBUG]    | Validating Method: delete_not_scheduled                                                            |
[2024-04-25 05:07:09,646] [builder.py:502]            [DEBUG]    | Value: False                                                                                       |
[2024-04-25 05:07:09,646] [builder.py:519]            [DEBUG]    |                                                                                                    |
[2024-04-25 05:07:09,646] [builder.py:520]            [DEBUG]    | Validating Method: schedule                                                                        |
[2024-04-25 05:07:09,646] [builder.py:524]            [DEBUG]    | Value: daily                                                                                       |
[2024-04-25 05:07:09,646] [builder.py:558]            [DEBUG]    |                                                                                                    |
[2024-04-25 05:07:09,646] [builder.py:559]            [DEBUG]    | Validating Method: run_again                                                                       |
[2024-04-25 05:07:09,647] [builder.py:560]            [DEBUG]    | Value: True                                                                                        |
[2024-04-25 05:07:09,647] [builder.py:579]            [DEBUG]    |                                                                                                    |
[2024-04-25 05:07:09,647] [builder.py:580]            [DEBUG]    | Validating Method: sync_mode                                                                       |
[2024-04-25 05:07:09,647] [builder.py:584]            [DEBUG]    | Value: sync                                                                                        |
[2024-04-25 05:07:09,647] [builder.py:682]            [DEBUG]    |                                                                                                    |
[2024-04-25 05:07:09,647] [builder.py:683]            [DEBUG]    | Validating Method: collection_order                                                                |
[2024-04-25 05:07:09,647] [builder.py:684]            [DEBUG]    | Value: release.desc                                                                                |
[2024-04-25 05:07:09,647] [builder.py:715]            [DEBUG]    |                                                                                                    |
[2024-04-25 05:07:09,647] [builder.py:719]            [DEBUG]    | Validating Method: visible_home                                                                    |
[2024-04-25 05:07:09,647] [builder.py:720]            [DEBUG]    | Value: range(3/22-4/25)                                                                            |
[2024-04-25 05:07:09,648] [builder.py:715]            [DEBUG]    |                                                                                                    |
[2024-04-25 05:07:09,648] [builder.py:719]            [DEBUG]    | Validating Method: visible_shared                                                                  |
[2024-04-25 05:07:09,648] [builder.py:720]            [DEBUG]    | Value: range(3/22-4/25)                                                                            |
[2024-04-25 05:07:09,648] [builder.py:715]            [DEBUG]    |                                                                                                    |
[2024-04-25 05:07:09,648] [builder.py:719]            [DEBUG]    | Validating Method: imdb_list                                                                       |
[2024-04-25 05:07:09,648] [builder.py:720]            [DEBUG]    | Value: ['https://www.imdb.com/list/ls062665509/', 'https://www.imdb.com/list/ls051733651/']        |
[2024-04-25 05:07:12,441] [builder.py:715]            [DEBUG]    |                                                                                                    |
[2024-04-25 05:07:12,441] [builder.py:719]            [DEBUG]    | Validating Method: summary                                                                         |
[2024-04-25 05:07:12,441] [builder.py:720]            [DEBUG]    | Value: This collection revolves around the plot involving Easter.                                  |
[2024-04-25 05:07:12,442] [builder.py:715]            [DEBUG]    |                                                                                                    |
[2024-04-25 05:07:12,442] [builder.py:719]            [DEBUG]    | Validating Method: sort_title                                                                      |
[2024-04-25 05:07:12,442] [builder.py:720]            [DEBUG]    | Value: Easter Movies                                                                               |
[2024-04-25 05:07:12,442] [builder.py:715]            [DEBUG]    |                                                                                                    |
[2024-04-25 05:07:12,442] [builder.py:719]            [DEBUG]    | Validating Method: url_poster                                                                      |
[2024-04-25 05:07:12,442] [builder.py:720]            [DEBUG]    | Value: https://theposterdb.com/api/assets/212636                                                   |
[2024-04-25 05:07:12,600] [builder.py:918]            [WARNING]  | Collection Warning: No Poster Found at https://theposterdb.com/api/assets/212636                   |
[2024-04-25 05:07:12,601] [builder.py:885]            [INFO]     |                                                                                                    |
[2024-04-25 05:07:12,601] [builder.py:886]            [INFO]     | Validation Successful                                                                              |
[2024-04-25 05:07:12,601] [plex_meta_manager.py:636]  [INFO]     |                                                                                                    |
[2024-04-25 05:07:12,601] [plex_meta_manager.py:638]  [INFO]     |================================= Running Easter Movies Collection =================================|
[2024-04-25 05:07:12,601] [plex_meta_manager.py:652]  [INFO]     |                                                                                                    |
[2024-04-25 05:07:12,601] [plex_meta_manager.py:653]  [INFO]     | Sync Mode: sync                                                                                    |
[2024-04-25 05:07:12,601] [plex_meta_manager.py:656]  [DEBUG]    |                                                                                                    |
[2024-04-25 05:07:12,601] [plex_meta_manager.py:657]  [DEBUG]    | Builder: imdb_list: {'url': 'https://www.imdb.com/list/ls062665509/', 'limit': 0}                  |
[2024-04-25 05:07:12,601] [plex_meta_manager.py:658]  [INFO]     |                                                                                                    |
[2024-04-25 05:07:12,601] [imdb.py:205]               [INFO]     | Processing IMDb List: https://www.imdb.com/list/ls062665509/                                       |
[2024-04-25 05:07:21,894] [builder.py:1665]           [DEBUG]    |                                                                                                    |
[2024-04-25 05:07:21,895] [builder.py:1666]           [DEBUG]    | 139 IDs Found                                                                                      |
[2024-04-25 05:07:21,895] [builder.py:1668]           [DEBUG]    |                                                                                                    |
[2024-04-25 05:07:22,009] [builder.py:1728]           [WARNING]  | Convert Error: No TMDb ID Found for IMDb ID: tt3765110                                             |
[2024-04-25 05:07:22,119] [builder.py:1728]           [WARNING]  | Convert Error: No TMDb ID Found for IMDb ID: tt1440317                                             |
[2024-04-25 05:07:22,237] [builder.py:1728]           [WARNING]  | Convert Error: No TMDb ID Found for IMDb ID: tt0265222                                             |
[2024-04-25 05:07:22,377] [builder.py:1728]           [WARNING]  | Convert Error: No TMDb ID Found for IMDb ID: tt6218692                                             |
[2024-04-25 05:07:22,517] [builder.py:1728]           [WARNING]  | Convert Error: No TMDb ID Found for IMDb ID: tt5893368                                             |
[2024-04-25 05:07:22,654] [builder.py:1728]           [WARNING]  | Convert Error: No TMDb ID Found for IMDb ID: tt0463330                                             |
[2024-04-25 05:07:22,677] [builder.py:1728]           [WARNING]  | Convert Error: No TMDb ID Found for IMDb ID: tt0463330                                             |
[2024-04-25 05:07:22,798] [builder.py:1728]           [WARNING]  | Convert Error: No TMDb ID Found for IMDb ID: tt1262410                                             |
[2024-04-25 05:07:22,913] [builder.py:1728]           [WARNING]  | Convert Error: No TMDb ID Found for IMDb ID: tt3945324                                             |
[2024-04-25 05:07:23,034] [builder.py:1728]           [WARNING]  | Convert Error: No TMDb ID Found for IMDb ID: tt4365606                                             |
[2024-04-25 05:07:23,155] [builder.py:1728]           [WARNING]  | Convert Error: No TMDb ID Found for IMDb ID: tt5939920                                             |
[2024-04-25 05:07:23,427] [builder.py:1728]           [WARNING]  | Convert Error: No TMDb ID Found for IMDb ID: tt1337484                                             |
[2024-04-25 05:07:23,664] [builder.py:1728]           [WARNING]  | Convert Error: No TMDb ID Found for IMDb ID: tt5136154                                             |
[2024-04-25 05:07:23,783] [builder.py:1728]           [WARNING]  | Convert Error: No TMDb ID Found for IMDb ID: tt3077142                                             |
[2024-04-25 05:07:23,907] [builder.py:1728]           [WARNING]  | Convert Error: No TMDb ID Found for IMDb ID: tt1478306                                             |
[2024-04-25 05:07:24,024] [builder.py:1728]           [WARNING]  | Convert Error: No TMDb ID Found for IMDb ID: tt3920018                                             |
[2024-04-25 05:07:24,183] [builder.py:1728]           [WARNING]  | Convert Error: No TMDb ID Found for IMDb ID: tt0368295                                             |
[2024-04-25 05:07:24,297] [builder.py:1728]           [WARNING]  | Convert Error: No TMDb ID Found for IMDb ID: tt2199351                                             |
[2024-04-25 05:07:24,411] [builder.py:1728]           [WARNING]  | Convert Error: No TMDb ID Found for IMDb ID: tt1411700                                             |
[2024-04-25 05:07:24,523] [builder.py:1728]           [WARNING]  | Convert Error: No TMDb ID Found for IMDb ID: tt1198520                                             |
[2024-04-25 05:07:24,637] [builder.py:1728]           [WARNING]  | Convert Error: No TMDb ID Found for IMDb ID: tt2343471                                             |
[2024-04-25 05:07:24,782] [builder.py:1728]           [WARNING]  | Convert Error: No TMDb ID Found for IMDb ID: tt1553052                                             |
[2024-04-25 05:07:24,904] [builder.py:1728]           [WARNING]  | Convert Error: No TMDb ID Found for IMDb ID: tt2816502                                             |
[2024-04-25 05:07:25,064] [builder.py:1728]           [WARNING]  | Convert Error: No TMDb ID Found for IMDb ID: tt6478660                                             |
[2024-04-25 05:07:25,072] [builder.py:1728]           [WARNING]  | Convert Error: No TVDb ID Found for TMDb ID: 49114                                                 |
[2024-04-25 05:07:25,076] [builder.py:1728]           [WARNING]  | Convert Error: No TVDb ID Found for TMDb ID: 49749                                                 |
[2024-04-25 05:07:25,270] [builder.py:1728]           [WARNING]  | Convert Error: No TMDb ID Found for IMDb ID: tt0304921                                             |
[2024-04-25 05:07:25,427] [builder.py:1728]           [WARNING]  | Convert Error: No TMDb ID Found for IMDb ID: tt1600459                                             |
[2024-04-25 05:07:25,535] [builder.py:1728]           [WARNING]  | Convert Error: No TMDb ID Found for IMDb ID: tt0231311                                             |
[2024-04-25 05:07:25,645] [builder.py:1728]           [WARNING]  | Convert Error: No TMDb ID Found for IMDb ID: tt1132153                                             |
[2024-04-25 05:07:25,646] [plex_meta_manager.py:656]  [DEBUG]    |                                                                                                    |
[2024-04-25 05:07:25,646] [plex_meta_manager.py:657]  [DEBUG]    | Builder: imdb_list: {'url': 'https://www.imdb.com/list/ls051733651/', 'limit': 0}                  |
[2024-04-25 05:07:25,646] [plex_meta_manager.py:658]  [INFO]     |                                                                                                    |
[2024-04-25 05:07:25,646] [imdb.py:205]               [INFO]     | Processing IMDb List: https://www.imdb.com/list/ls051733651/                                       |
[2024-04-25 05:07:29,043] [builder.py:1665]           [DEBUG]    |                                                                                                    |
[2024-04-25 05:07:29,043] [builder.py:1666]           [DEBUG]    | 12 IDs Found                                                                                       |
[2024-04-25 05:07:29,043] [builder.py:1668]           [DEBUG]    |                                                                                                    |
[2024-04-25 05:07:29,052] [builder.py:2249]           [INFO]     |                                                                                                    |
[2024-04-25 05:07:29,053] [builder.py:2250]           [INFO]     |================================ Adding to Easter Movies Collection ================================|
[2024-04-25 05:07:29,053] [builder.py:2251]           [INFO]     |                                                                                                    |
[2024-04-25 05:07:29,053] [builder.py:2265]           [INFO]     | 1/3 | Easter Movies Collection | = | Hop (2011)                                                    |
[2024-04-25 05:07:29,054] [builder.py:2265]           [INFO]     | 2/3 | Easter Movies Collection | = | Rise of the Guardians (2012)                                  |
[2024-04-25 05:07:29,054] [builder.py:2265]           [INFO]     | 3/3 | Easter Movies Collection | = | Ben-Hur (1959)                                                |
[2024-04-25 05:07:29,054] [builder.py:2285]           [INFO]     |                                                                                                    |
[2024-04-25 05:07:29,054] [builder.py:2287]           [INFO]     | 3 Movies Processed 0 Movies Added                                                                  |
[2024-04-25 05:07:29,951] [builder.py:2422]           [INFO]     |                                                                                                    |
[2024-04-25 05:07:29,951] [builder.py:2423]           [INFO]     | 108 Movies Missing                                                                                 |
[2024-04-25 05:07:30,795] [builder.py:2623]           [INFO]     |                                                                                                    |
[2024-04-25 05:07:30,795] [builder.py:2624]           [INFO]     |=========================== Updating Details of Easter Movies Collection ===========================|
[2024-04-25 05:07:30,795] [builder.py:2625]           [INFO]     |                                                                                                    |
[2024-04-25 05:07:30,802] [builder.py:2689]           [INFO]     | Collection Metadata Edits                                                                          |
[2024-04-25 05:07:30,805] [util.py:178]               [DEBUG]    | 1 poster found:                                                                                    |
[2024-04-25 05:07:30,805] [util.py:180]               [DEBUG]    | Method: asset_directory Poster: {'attribute': 'asset_directory', 'location': '//config/assets/movies/Easter Movies/poster.png', 'prefix': "Easter Movies's ", 'is_poster': True, 'is_url': False, 'compare': 4328538, 'message': "Easter Movies's poster to [File] //config/assets/movies/Easter Movies/poster.png"} |
[2024-04-25 05:07:30,806] [library.py:177]            [INFO]     | Detail: Easter Movies's poster update not needed                                                   |
[2024-04-25 05:07:30,897] [builder.py:2780]           [INFO]     |                                                                                                    |
[2024-04-25 05:07:30,898] [builder.py:2781]           [INFO]     |================================= Sorting Easter Movies Collection =================================|
[2024-04-25 05:07:30,898] [builder.py:2782]           [INFO]     |                                                                                                    |
[2024-04-25 05:07:30,934] [builder.py:2816]           [INFO]     | No Sorting Required                                                                                |
[2024-04-25 05:07:30,935] [plex_meta_manager.py:780]  [INFO]     |                                                                                                    |
[2024-04-25 05:07:30,935] [plex_meta_manager.py:781]  [INFO]     |====================================================================================================|
[2024-04-25 05:07:30,935] [plex_meta_manager.py:781]  [INFO]     |                                 Finished Easter Movies Collection                                  |
[2024-04-25 05:07:30,935] [plex_meta_manager.py:781]  [INFO]     |                                    Collection Run Time: 0:00:21                                    |
[2024-04-25 05:07:30,935] [plex_meta_manager.py:781]  [INFO]     |====================================================================================================|
