[2024-04-25 05:06:23,200] [builder.py:193]            [INFO]     |====================================================================================================|
[2024-04-25 05:06:23,200] [builder.py:193]            [INFO]     |                                 Middle Earth Collection in Movies                                  |
[2024-04-25 05:06:23,200] [builder.py:193]            [INFO]     |====================================================================================================|
[2024-04-25 05:06:23,200] [builder.py:194]            [INFO]     |                                                                                                    |
[2024-04-25 05:06:23,200] [builder.py:205]            [INFO]     |================================ Building Definition From Templates ================================|
[2024-04-25 05:06:23,200] [builder.py:206]            [DEBUG]    |                                                                                                    |
[2024-04-25 05:06:23,200] [builder.py:216]            [DEBUG]    | Templates Called: Franchise                                                                        |
[2024-04-25 05:06:23,200] [builder.py:217]            [DEBUG]    |                                                                                                    |
[2024-04-25 05:06:23,201] [meta.py:550]               [DEBUG]    |==================================== Final Template Attributes =====================================|
[2024-04-25 05:06:23,201] [meta.py:551]               [DEBUG]    |                                                                                                    |
[2024-04-25 05:06:23,202] [meta.py:552]               [DEBUG]    | {'url_poster': 'https://theposterdb.com/api/assets/115119', 'sort_title': '++++_Middle Earth', 'collection_mode': 'hide', 'collection_order': 'release', 'delete_not_scheduled': True, 'run_again': True, 'visible_home': False, 'visible_shared': False, 'sync_mode': 'sync'} |
[2024-04-25 05:06:23,202] [meta.py:553]               [DEBUG]    |                                                                                                    |
[2024-04-25 05:06:23,202] [builder.py:233]            [INFO]     |================================ Validating Middle Earth Attributes ================================|
[2024-04-25 05:06:23,385] [builder.py:500]            [DEBUG]    |                                                                                                    |
[2024-04-25 05:06:23,385] [builder.py:501]            [DEBUG]    | Validating Method: delete_not_scheduled                                                            |
[2024-04-25 05:06:23,385] [builder.py:502]            [DEBUG]    | Value: True                                                                                        |
[2024-04-25 05:06:23,386] [builder.py:558]            [DEBUG]    |                                                                                                    |
[2024-04-25 05:06:23,386] [builder.py:559]            [DEBUG]    | Validating Method: run_again                                                                       |
[2024-04-25 05:06:23,386] [builder.py:560]            [DEBUG]    | Value: True                                                                                        |
[2024-04-25 05:06:23,386] [builder.py:579]            [DEBUG]    |                                                                                                    |
[2024-04-25 05:06:23,386] [builder.py:580]            [DEBUG]    | Validating Method: sync_mode                                                                       |
[2024-04-25 05:06:23,386] [builder.py:584]            [DEBUG]    | Value: sync                                                                                        |
[2024-04-25 05:06:23,386] [builder.py:682]            [DEBUG]    |                                                                                                    |
[2024-04-25 05:06:23,386] [builder.py:683]            [DEBUG]    | Validating Method: collection_order                                                                |
[2024-04-25 05:06:23,386] [builder.py:684]            [DEBUG]    | Value: release                                                                                     |
[2024-04-25 05:06:23,387] [builder.py:715]            [DEBUG]    |                                                                                                    |
[2024-04-25 05:06:23,387] [builder.py:719]            [DEBUG]    | Validating Method: imdb_list                                                                       |
[2024-04-25 05:06:23,387] [builder.py:720]            [DEBUG]    | Value: https://www.imdb.com/list/ls055713151/?sort=release_date,asc&st_dt=&mode=detail&page=1      |
[2024-04-25 05:06:24,269] [builder.py:715]            [DEBUG]    |                                                                                                    |
[2024-04-25 05:06:24,269] [builder.py:719]            [DEBUG]    | Validating Method: summary                                                                         |
[2024-04-25 05:06:24,269] [builder.py:720]            [DEBUG]    | Value: The Lord of the Rings is an epic high-fantasy novel by English author and scholar J. R. R. Tolkien. Set in Middle-earth, intended to be Earth at some distant time in the past, the story began as a sequel to Tolkien's 1937 children's book The Hobbit, but eventually developed into a much larger work. |
[2024-04-25 05:06:24,269] [builder.py:715]            [DEBUG]    |                                                                                                    |
[2024-04-25 05:06:24,270] [builder.py:719]            [DEBUG]    | Validating Method: url_poster                                                                      |
[2024-04-25 05:06:24,270] [builder.py:720]            [DEBUG]    | Value: https://theposterdb.com/api/assets/115119                                                   |
[2024-04-25 05:06:24,416] [builder.py:918]            [WARNING]  | Collection Warning: No Poster Found at https://theposterdb.com/api/assets/115119                   |
[2024-04-25 05:06:24,416] [builder.py:715]            [DEBUG]    |                                                                                                    |
[2024-04-25 05:06:24,416] [builder.py:719]            [DEBUG]    | Validating Method: sort_title                                                                      |
[2024-04-25 05:06:24,416] [builder.py:720]            [DEBUG]    | Value: ++++_Middle Earth                                                                           |
[2024-04-25 05:06:24,417] [builder.py:715]            [DEBUG]    |                                                                                                    |
[2024-04-25 05:06:24,417] [builder.py:719]            [DEBUG]    | Validating Method: collection_mode                                                                 |
[2024-04-25 05:06:24,417] [builder.py:720]            [DEBUG]    | Value: hide                                                                                        |
[2024-04-25 05:06:24,417] [builder.py:715]            [DEBUG]    |                                                                                                    |
[2024-04-25 05:06:24,417] [builder.py:719]            [DEBUG]    | Validating Method: visible_home                                                                    |
[2024-04-25 05:06:24,417] [builder.py:720]            [DEBUG]    | Value: False                                                                                       |
[2024-04-25 05:06:24,417] [builder.py:715]            [DEBUG]    |                                                                                                    |
[2024-04-25 05:06:24,417] [builder.py:719]            [DEBUG]    | Validating Method: visible_shared                                                                  |
[2024-04-25 05:06:24,417] [builder.py:720]            [DEBUG]    | Value: False                                                                                       |
[2024-04-25 05:06:24,418] [builder.py:885]            [INFO]     |                                                                                                    |
[2024-04-25 05:06:24,418] [builder.py:886]            [INFO]     | Validation Successful                                                                              |
[2024-04-25 05:06:24,418] [plex_meta_manager.py:636]  [INFO]     |                                                                                                    |
[2024-04-25 05:06:24,418] [plex_meta_manager.py:638]  [INFO]     |================================= Running Middle Earth Collection ==================================|
[2024-04-25 05:06:24,418] [plex_meta_manager.py:652]  [INFO]     |                                                                                                    |
[2024-04-25 05:06:24,418] [plex_meta_manager.py:653]  [INFO]     | Sync Mode: sync                                                                                    |
[2024-04-25 05:06:24,418] [plex_meta_manager.py:656]  [DEBUG]    |                                                                                                    |
[2024-04-25 05:06:24,418] [plex_meta_manager.py:657]  [DEBUG]    | Builder: imdb_list: {'url': 'https://www.imdb.com/list/ls055713151/?sort=release_date,asc&st_dt=&mode=detail&page=1', 'limit': 0} |
[2024-04-25 05:06:24,418] [plex_meta_manager.py:658]  [INFO]     |                                                                                                    |
[2024-04-25 05:06:24,418] [imdb.py:205]               [INFO]     | Processing IMDb List: https://www.imdb.com/list/ls055713151/?sort=release_date,asc&st_dt=&mode=detail&page=1 |
[2024-04-25 05:06:28,138] [builder.py:1665]           [DEBUG]    |                                                                                                    |
[2024-04-25 05:06:28,139] [builder.py:1666]           [DEBUG]    | 6 IDs Found                                                                                        |
[2024-04-25 05:06:28,139] [builder.py:1668]           [DEBUG]    |                                                                                                    |
[2024-04-25 05:06:28,143] [builder.py:2249]           [INFO]     |                                                                                                    |
[2024-04-25 05:06:28,144] [builder.py:2250]           [INFO]     |================================ Adding to Middle Earth Collection =================================|
[2024-04-25 05:06:28,144] [builder.py:2251]           [INFO]     |                                                                                                    |
[2024-04-25 05:06:28,144] [builder.py:2265]           [INFO]     | 1/6 | Middle Earth Collection | = | The Lord of the Rings: The Fellowship of the Ring (2001)       |
[2024-04-25 05:06:28,144] [builder.py:2265]           [INFO]     | 2/6 | Middle Earth Collection | = | The Lord of the Rings: The Two Towers (2002)                   |
[2024-04-25 05:06:28,144] [builder.py:2265]           [INFO]     | 3/6 | Middle Earth Collection | = | The Lord of the Rings: The Return of the King (2003)           |
[2024-04-25 05:06:28,144] [builder.py:2265]           [INFO]     | 4/6 | Middle Earth Collection | = | The Hobbit: An Unexpected Journey (2012)                       |
[2024-04-25 05:06:28,144] [builder.py:2265]           [INFO]     | 5/6 | Middle Earth Collection | = | The Hobbit: The Desolation of Smaug (2013)                     |
[2024-04-25 05:06:28,145] [builder.py:2265]           [INFO]     | 6/6 | Middle Earth Collection | = | The Hobbit: The Battle of the Five Armies (2014)               |
[2024-04-25 05:06:28,145] [builder.py:2285]           [INFO]     |                                                                                                    |
[2024-04-25 05:06:28,145] [builder.py:2287]           [INFO]     | 6 Movies Processed 0 Movies Added                                                                  |
[2024-04-25 05:06:28,151] [builder.py:2623]           [INFO]     |                                                                                                    |
[2024-04-25 05:06:28,151] [builder.py:2624]           [INFO]     |=========================== Updating Details of Middle Earth Collection ============================|
[2024-04-25 05:06:28,151] [builder.py:2625]           [INFO]     |                                                                                                    |
[2024-04-25 05:06:28,160] [builder.py:2689]           [INFO]     | Collection Metadata Edits                                                                          |
[2024-04-25 05:06:28,163] [util.py:178]               [DEBUG]    | 1 poster found:                                                                                    |
[2024-04-25 05:06:28,163] [util.py:180]               [DEBUG]    | Method: asset_directory Poster: {'attribute': 'asset_directory', 'location': '//config/assets/movies/Middle Earth/poster.jpg', 'prefix': "Middle Earth's ", 'is_poster': True, 'is_url': False, 'compare': 1664589, 'message': "Middle Earth's poster to [File] //config/assets/movies/Middle Earth/poster.jpg"} |
[2024-04-25 05:06:28,164] [library.py:177]            [INFO]     | Detail: Middle Earth's poster update not needed                                                    |
[2024-04-25 05:06:28,349] [plex_meta_manager.py:780]  [INFO]     |                                                                                                    |
[2024-04-25 05:06:28,349] [plex_meta_manager.py:781]  [INFO]     |====================================================================================================|
[2024-04-25 05:06:28,349] [plex_meta_manager.py:781]  [INFO]     |                                  Finished Middle Earth Collection                                  |
[2024-04-25 05:06:28,349] [plex_meta_manager.py:781]  [INFO]     |                                    Collection Run Time: 0:00:05                                    |
[2024-04-25 05:06:28,349] [plex_meta_manager.py:781]  [INFO]     |====================================================================================================|
