[2024-04-25 05:06:00,961] [builder.py:193]            [INFO]     |====================================================================================================|
[2024-04-25 05:06:00,962] [builder.py:193]            [INFO]     |                                  Cloverfield Collection in Movies                                  |
[2024-04-25 05:06:00,962] [builder.py:193]            [INFO]     |====================================================================================================|
[2024-04-25 05:06:00,962] [builder.py:194]            [INFO]     |                                                                                                    |
[2024-04-25 05:06:00,962] [builder.py:205]            [INFO]     |================================ Building Definition From Templates ================================|
[2024-04-25 05:06:00,962] [builder.py:206]            [DEBUG]    |                                                                                                    |
[2024-04-25 05:06:00,962] [builder.py:216]            [DEBUG]    | Templates Called: Franchise                                                                        |
[2024-04-25 05:06:00,962] [builder.py:217]            [DEBUG]    |                                                                                                    |
[2024-04-25 05:06:00,963] [meta.py:550]               [DEBUG]    |==================================== Final Template Attributes =====================================|
[2024-04-25 05:06:00,963] [meta.py:551]               [DEBUG]    |                                                                                                    |
[2024-04-25 05:06:00,963] [meta.py:552]               [DEBUG]    | {'url_poster': 'https://theposterdb.com/api/assets/66280', 'sort_title': '++++_Cloverfield', 'collection_mode': 'hide', 'collection_order': 'release', 'delete_not_scheduled': True, 'run_again': True, 'visible_home': False, 'visible_shared': False, 'sync_mode': 'sync'} |
[2024-04-25 05:06:00,963] [meta.py:553]               [DEBUG]    |                                                                                                    |
[2024-04-25 05:06:00,964] [builder.py:233]            [INFO]     |================================ Validating Cloverfield Attributes =================================|
[2024-04-25 05:06:01,104] [builder.py:500]            [DEBUG]    |                                                                                                    |
[2024-04-25 05:06:01,105] [builder.py:501]            [DEBUG]    | Validating Method: delete_not_scheduled                                                            |
[2024-04-25 05:06:01,105] [builder.py:502]            [DEBUG]    | Value: True                                                                                        |
[2024-04-25 05:06:01,105] [builder.py:558]            [DEBUG]    |                                                                                                    |
[2024-04-25 05:06:01,105] [builder.py:559]            [DEBUG]    | Validating Method: run_again                                                                       |
[2024-04-25 05:06:01,105] [builder.py:560]            [DEBUG]    | Value: True                                                                                        |
[2024-04-25 05:06:01,105] [builder.py:579]            [DEBUG]    |                                                                                                    |
[2024-04-25 05:06:01,105] [builder.py:580]            [DEBUG]    | Validating Method: sync_mode                                                                       |
[2024-04-25 05:06:01,105] [builder.py:584]            [DEBUG]    | Value: sync                                                                                        |
[2024-04-25 05:06:01,105] [builder.py:682]            [DEBUG]    |                                                                                                    |
[2024-04-25 05:06:01,106] [builder.py:683]            [DEBUG]    | Validating Method: collection_order                                                                |
[2024-04-25 05:06:01,106] [builder.py:684]            [DEBUG]    | Value: release                                                                                     |
[2024-04-25 05:06:01,106] [builder.py:715]            [DEBUG]    |                                                                                                    |
[2024-04-25 05:06:01,106] [builder.py:719]            [DEBUG]    | Validating Method: trakt_list                                                                      |
[2024-04-25 05:06:01,106] [builder.py:720]            [DEBUG]    | Value: https://trakt.tv/users/mateoxw10/lists/saga-cloverfield?sort=rank,asc                       |
[2024-04-25 05:06:01,231] [builder.py:715]            [DEBUG]    |                                                                                                    |
[2024-04-25 05:06:01,232] [builder.py:719]            [DEBUG]    | Validating Method: summary                                                                         |
[2024-04-25 05:06:01,232] [builder.py:720]            [DEBUG]    | Value: Cloverfield is an American science fiction anthology film series created and by J. J. Abrams consisting of three films, all set in a shared fictional universe. |
[2024-04-25 05:06:01,232] [builder.py:715]            [DEBUG]    |                                                                                                    |
[2024-04-25 05:06:01,232] [builder.py:719]            [DEBUG]    | Validating Method: url_poster                                                                      |
[2024-04-25 05:06:01,232] [builder.py:720]            [DEBUG]    | Value: https://theposterdb.com/api/assets/66280                                                    |
[2024-04-25 05:06:01,827] [builder.py:715]            [DEBUG]    |                                                                                                    |
[2024-04-25 05:06:01,827] [builder.py:719]            [DEBUG]    | Validating Method: sort_title                                                                      |
[2024-04-25 05:06:01,827] [builder.py:720]            [DEBUG]    | Value: ++++_Cloverfield                                                                            |
[2024-04-25 05:06:01,827] [builder.py:715]            [DEBUG]    |                                                                                                    |
[2024-04-25 05:06:01,828] [builder.py:719]            [DEBUG]    | Validating Method: collection_mode                                                                 |
[2024-04-25 05:06:01,828] [builder.py:720]            [DEBUG]    | Value: hide                                                                                        |
[2024-04-25 05:06:01,828] [builder.py:715]            [DEBUG]    |                                                                                                    |
[2024-04-25 05:06:01,828] [builder.py:719]            [DEBUG]    | Validating Method: visible_home                                                                    |
[2024-04-25 05:06:01,828] [builder.py:720]            [DEBUG]    | Value: False                                                                                       |
[2024-04-25 05:06:01,828] [builder.py:715]            [DEBUG]    |                                                                                                    |
[2024-04-25 05:06:01,828] [builder.py:719]            [DEBUG]    | Validating Method: visible_shared                                                                  |
[2024-04-25 05:06:01,828] [builder.py:720]            [DEBUG]    | Value: False                                                                                       |
[2024-04-25 05:06:01,829] [builder.py:885]            [INFO]     |                                                                                                    |
[2024-04-25 05:06:01,829] [builder.py:886]            [INFO]     | Validation Successful                                                                              |
[2024-04-25 05:06:01,829] [plex_meta_manager.py:636]  [INFO]     |                                                                                                    |
[2024-04-25 05:06:01,829] [plex_meta_manager.py:638]  [INFO]     |================================== Running Cloverfield Collection ==================================|
[2024-04-25 05:06:01,829] [plex_meta_manager.py:652]  [INFO]     |                                                                                                    |
[2024-04-25 05:06:01,829] [plex_meta_manager.py:653]  [INFO]     | Sync Mode: sync                                                                                    |
[2024-04-25 05:06:01,829] [plex_meta_manager.py:656]  [DEBUG]    |                                                                                                    |
[2024-04-25 05:06:01,829] [plex_meta_manager.py:657]  [DEBUG]    | Builder: trakt_list: https://trakt.tv/users/mateoxw10/lists/saga-cloverfield?sort=rank,asc         |
[2024-04-25 05:06:01,829] [plex_meta_manager.py:658]  [INFO]     |                                                                                                    |
[2024-04-25 05:06:01,830] [trakt.py:493]              [INFO]     | Processing Trakt List: https://trakt.tv/users/mateoxw10/lists/saga-cloverfield?sort=rank,asc       |
[2024-04-25 05:06:01,952] [builder.py:1665]           [DEBUG]    |                                                                                                    |
[2024-04-25 05:06:01,952] [builder.py:1666]           [DEBUG]    | 3 IDs Found                                                                                        |
[2024-04-25 05:06:01,952] [builder.py:1668]           [DEBUG]    |                                                                                                    |
[2024-04-25 05:06:01,952] [builder.py:2249]           [INFO]     |                                                                                                    |
[2024-04-25 05:06:01,952] [builder.py:2250]           [INFO]     |================================= Adding to Cloverfield Collection =================================|
[2024-04-25 05:06:01,953] [builder.py:2251]           [INFO]     |                                                                                                    |
[2024-04-25 05:06:01,953] [builder.py:2265]           [INFO]     | 1/3 | Cloverfield Collection | = | Cloverfield (2008)                                              |
[2024-04-25 05:06:01,953] [builder.py:2265]           [INFO]     | 2/3 | Cloverfield Collection | = | 10 Cloverfield Lane (2016)                                      |
[2024-04-25 05:06:01,953] [builder.py:2265]           [INFO]     | 3/3 | Cloverfield Collection | = | The Cloverfield Paradox (2018)                                  |
[2024-04-25 05:06:01,953] [builder.py:2285]           [INFO]     |                                                                                                    |
[2024-04-25 05:06:01,953] [builder.py:2287]           [INFO]     | 3 Movies Processed 0 Movies Added                                                                  |
[2024-04-25 05:06:01,959] [builder.py:2623]           [INFO]     |                                                                                                    |
[2024-04-25 05:06:01,959] [builder.py:2624]           [INFO]     |============================ Updating Details of Cloverfield Collection ============================|
[2024-04-25 05:06:01,960] [builder.py:2625]           [INFO]     |                                                                                                    |
[2024-04-25 05:06:01,969] [builder.py:2689]           [INFO]     | Collection Metadata Edits                                                                          |
[2024-04-25 05:06:01,972] [util.py:178]               [DEBUG]    | 2 posters found:                                                                                   |
[2024-04-25 05:06:01,972] [util.py:180]               [DEBUG]    | Method: url_poster Poster: https://theposterdb.com/api/assets/66280                                |
[2024-04-25 05:06:01,972] [util.py:180]               [DEBUG]    | Method: asset_directory Poster: {'attribute': 'asset_directory', 'location': '//config/assets/movies/Cloverfield/poster.png', 'prefix': "Cloverfield's ", 'is_poster': True, 'is_url': False, 'compare': 4699410, 'message': "Cloverfield's poster to [File] //config/assets/movies/Cloverfield/poster.png"} |
[2024-04-25 05:06:01,973] [library.py:177]            [INFO]     | Detail: Cloverfield's poster update not needed                                                     |
[2024-04-25 05:06:02,111] [plex_meta_manager.py:780]  [INFO]     |                                                                                                    |
[2024-04-25 05:06:02,112] [plex_meta_manager.py:781]  [INFO]     |====================================================================================================|
[2024-04-25 05:06:02,112] [plex_meta_manager.py:781]  [INFO]     |                                  Finished Cloverfield Collection                                   |
[2024-04-25 05:06:02,112] [plex_meta_manager.py:781]  [INFO]     |                                    Collection Run Time: 0:00:01                                    |
[2024-04-25 05:06:02,112] [plex_meta_manager.py:781]  [INFO]     |====================================================================================================|
