[2024-04-25 05:04:02,417] [builder.py:193]            [INFO]     |====================================================================================================|
[2024-04-25 05:04:02,417] [builder.py:193]            [INFO]     |                                 Heist Movies Collection in Movies                                  |
[2024-04-25 05:04:02,418] [builder.py:193]            [INFO]     |====================================================================================================|
[2024-04-25 05:04:02,418] [builder.py:194]            [INFO]     |                                                                                                    |
[2024-04-25 05:04:02,418] [builder.py:205]            [INFO]     |================================ Building Definition From Templates ================================|
[2024-04-25 05:04:02,418] [builder.py:206]            [DEBUG]    |                                                                                                    |
[2024-04-25 05:04:02,418] [builder.py:216]            [DEBUG]    | Templates Called: Specialty                                                                        |
[2024-04-25 05:04:02,418] [builder.py:217]            [DEBUG]    |                                                                                                    |
[2024-04-25 05:04:02,419] [meta.py:550]               [DEBUG]    |==================================== Final Template Attributes =====================================|
[2024-04-25 05:04:02,419] [meta.py:551]               [DEBUG]    |                                                                                                    |
[2024-04-25 05:04:02,419] [meta.py:552]               [DEBUG]    | {'url_poster': 'https://theposterdb.com/api/assets/164791', 'sort_title': 'Heist Movies', 'delete_not_scheduled': True, 'run_again': True, 'visible_home': False, 'visible_shared': False, 'sync_mode': 'sync'} |
[2024-04-25 05:04:02,419] [meta.py:553]               [DEBUG]    |                                                                                                    |
[2024-04-25 05:04:02,419] [builder.py:233]            [INFO]     |================================ Validating Heist Movies Attributes ================================|
[2024-04-25 05:04:02,644] [builder.py:500]            [DEBUG]    |                                                                                                    |
[2024-04-25 05:04:02,644] [builder.py:501]            [DEBUG]    | Validating Method: delete_not_scheduled                                                            |
[2024-04-25 05:04:02,644] [builder.py:502]            [DEBUG]    | Value: True                                                                                        |
[2024-04-25 05:04:02,644] [builder.py:558]            [DEBUG]    |                                                                                                    |
[2024-04-25 05:04:02,644] [builder.py:559]            [DEBUG]    | Validating Method: run_again                                                                       |
[2024-04-25 05:04:02,644] [builder.py:560]            [DEBUG]    | Value: True                                                                                        |
[2024-04-25 05:04:02,644] [builder.py:579]            [DEBUG]    |                                                                                                    |
[2024-04-25 05:04:02,644] [builder.py:580]            [DEBUG]    | Validating Method: sync_mode                                                                       |
[2024-04-25 05:04:02,644] [builder.py:584]            [DEBUG]    | Value: sync                                                                                        |
[2024-04-25 05:04:02,645] [builder.py:715]            [DEBUG]    |                                                                                                    |
[2024-04-25 05:04:02,645] [builder.py:719]            [DEBUG]    | Validating Method: imdb_list                                                                       |
[2024-04-25 05:04:02,645] [builder.py:720]            [DEBUG]    | Value: ['https://www.imdb.com/list/ls068224634/', 'https://www.imdb.com/list/ls009794682/']        |
[2024-04-25 05:04:05,686] [builder.py:715]            [DEBUG]    |                                                                                                    |
[2024-04-25 05:04:05,686] [builder.py:719]            [DEBUG]    | Validating Method: summary                                                                         |
[2024-04-25 05:04:05,687] [builder.py:720]            [DEBUG]    | Value: Movies detailing the preparation for, execution of and aftermath of a (well-)planned and often daring heist. |
[2024-04-25 05:04:05,687] [builder.py:715]            [DEBUG]    |                                                                                                    |
[2024-04-25 05:04:05,687] [builder.py:719]            [DEBUG]    | Validating Method: url_poster                                                                      |
[2024-04-25 05:04:05,687] [builder.py:720]            [DEBUG]    | Value: https://theposterdb.com/api/assets/164791                                                   |
[2024-04-25 05:04:06,097] [builder.py:715]            [DEBUG]    |                                                                                                    |
[2024-04-25 05:04:06,098] [builder.py:719]            [DEBUG]    | Validating Method: sort_title                                                                      |
[2024-04-25 05:04:06,098] [builder.py:720]            [DEBUG]    | Value: Heist Movies                                                                                |
[2024-04-25 05:04:06,098] [builder.py:715]            [DEBUG]    |                                                                                                    |
[2024-04-25 05:04:06,098] [builder.py:719]            [DEBUG]    | Validating Method: visible_home                                                                    |
[2024-04-25 05:04:06,098] [builder.py:720]            [DEBUG]    | Value: False                                                                                       |
[2024-04-25 05:04:06,098] [builder.py:715]            [DEBUG]    |                                                                                                    |
[2024-04-25 05:04:06,098] [builder.py:719]            [DEBUG]    | Validating Method: visible_shared                                                                  |
[2024-04-25 05:04:06,098] [builder.py:720]            [DEBUG]    | Value: False                                                                                       |
[2024-04-25 05:04:06,099] [builder.py:885]            [INFO]     |                                                                                                    |
[2024-04-25 05:04:06,099] [builder.py:886]            [INFO]     | Validation Successful                                                                              |
[2024-04-25 05:04:06,099] [plex_meta_manager.py:636]  [INFO]     |                                                                                                    |
[2024-04-25 05:04:06,099] [plex_meta_manager.py:638]  [INFO]     |================================= Running Heist Movies Collection ==================================|
[2024-04-25 05:04:06,099] [plex_meta_manager.py:652]  [INFO]     |                                                                                                    |
[2024-04-25 05:04:06,099] [plex_meta_manager.py:653]  [INFO]     | Sync Mode: sync                                                                                    |
[2024-04-25 05:04:06,099] [plex_meta_manager.py:656]  [DEBUG]    |                                                                                                    |
[2024-04-25 05:04:06,099] [plex_meta_manager.py:657]  [DEBUG]    | Builder: imdb_list: {'url': 'https://www.imdb.com/list/ls068224634/', 'limit': 0}                  |
[2024-04-25 05:04:06,099] [plex_meta_manager.py:658]  [INFO]     |                                                                                                    |
[2024-04-25 05:04:06,099] [imdb.py:205]               [INFO]     | Processing IMDb List: https://www.imdb.com/list/ls068224634/                                       |
[2024-04-25 05:04:10,920] [builder.py:1665]           [DEBUG]    |                                                                                                    |
[2024-04-25 05:04:10,920] [builder.py:1666]           [DEBUG]    | 50 IDs Found                                                                                       |
[2024-04-25 05:04:10,921] [builder.py:1668]           [DEBUG]    |                                                                                                    |
[2024-04-25 05:04:11,085] [builder.py:1728]           [WARNING]  | Convert Error: No TMDb ID Found for IMDb ID: tt4257772                                             |
[2024-04-25 05:04:11,085] [plex_meta_manager.py:656]  [DEBUG]    |                                                                                                    |
[2024-04-25 05:04:11,085] [plex_meta_manager.py:657]  [DEBUG]    | Builder: imdb_list: {'url': 'https://www.imdb.com/list/ls009794682/', 'limit': 0}                  |
[2024-04-25 05:04:11,086] [plex_meta_manager.py:658]  [INFO]     |                                                                                                    |
[2024-04-25 05:04:11,086] [imdb.py:205]               [INFO]     | Processing IMDb List: https://www.imdb.com/list/ls009794682/                                       |
[2024-04-25 05:04:15,877] [builder.py:1665]           [DEBUG]    |                                                                                                    |
[2024-04-25 05:04:15,877] [builder.py:1666]           [DEBUG]    | 55 IDs Found                                                                                       |
[2024-04-25 05:04:15,877] [builder.py:1668]           [DEBUG]    |                                                                                                    |
[2024-04-25 05:04:15,919] [builder.py:2249]           [INFO]     |                                                                                                    |
[2024-04-25 05:04:15,920] [builder.py:2250]           [INFO]     |================================ Adding to Heist Movies Collection =================================|
[2024-04-25 05:04:15,921] [builder.py:2251]           [INFO]     |                                                                                                    |
[2024-04-25 05:04:15,921] [builder.py:2265]           [INFO]     |  1/20 | Heist Movies Collection | = | The Italian Job (2003)                                       |
[2024-04-25 05:04:15,921] [builder.py:2265]           [INFO]     |  2/20 | Heist Movies Collection | = | Inside Man (2006)                                            |
[2024-04-25 05:04:15,922] [builder.py:2265]           [INFO]     |  3/20 | Heist Movies Collection | = | Reservoir Dogs (1992)                                        |
[2024-04-25 05:04:15,922] [builder.py:2265]           [INFO]     |  4/20 | Heist Movies Collection | = | Ocean's Eleven (2001)                                        |
[2024-04-25 05:04:15,922] [builder.py:2265]           [INFO]     |  5/20 | Heist Movies Collection | = | Ocean's Twelve (2004)                                        |
[2024-04-25 05:04:15,922] [builder.py:2265]           [INFO]     |  6/20 | Heist Movies Collection | = | Ocean's Thirteen (2007)                                      |
[2024-04-25 05:04:15,922] [builder.py:2265]           [INFO]     |  7/20 | Heist Movies Collection | = | The Town (2010)                                              |
[2024-04-25 05:04:15,922] [builder.py:2265]           [INFO]     |  8/20 | Heist Movies Collection | = | The Usual Suspects (1994)                                    |
[2024-04-25 05:04:15,922] [builder.py:2265]           [INFO]     |  9/20 | Heist Movies Collection | = | Snatch (2000)                                                |
[2024-04-25 05:04:15,922] [builder.py:2265]           [INFO]     | 10/20 | Heist Movies Collection | = | Ant-Man (2015)                                               |
[2024-04-25 05:04:15,923] [builder.py:2265]           [INFO]     | 11/20 | Heist Movies Collection | = | Inception (2010)                                             |
[2024-04-25 05:04:15,923] [builder.py:2265]           [INFO]     | 12/20 | Heist Movies Collection | = | Heat (1995)                                                  |
[2024-04-25 05:04:15,923] [builder.py:2265]           [INFO]     | 13/20 | Heist Movies Collection | = | A Fish Called Wanda (1988)                                   |
[2024-04-25 05:04:15,923] [builder.py:2265]           [INFO]     | 14/20 | Heist Movies Collection | = | Mission: Impossible (1996)                                   |
[2024-04-25 05:04:15,923] [builder.py:2265]           [INFO]     | 15/20 | Heist Movies Collection | = | The Dark Knight (2008)                                       |
[2024-04-25 05:04:15,923] [builder.py:2265]           [INFO]     | 16/20 | Heist Movies Collection | = | Matchstick Men (2003)                                        |
[2024-04-25 05:04:15,923] [builder.py:2265]           [INFO]     | 17/20 | Heist Movies Collection | = | Die Hard (1988)                                              |
[2024-04-25 05:04:15,924] [builder.py:2265]           [INFO]     | 18/20 | Heist Movies Collection | = | Baby Driver (2017)                                           |
[2024-04-25 05:04:15,924] [builder.py:2265]           [INFO]     | 19/20 | Heist Movies Collection | = | Logan Lucky (2017)                                           |
[2024-04-25 05:04:15,924] [builder.py:2265]           [INFO]     | 20/20 | Heist Movies Collection | = | True Romance (1993)                                          |
[2024-04-25 05:04:15,924] [builder.py:2285]           [INFO]     |                                                                                                    |
[2024-04-25 05:04:15,924] [builder.py:2287]           [INFO]     | 20 Movies Processed 0 Movies Added                                                                 |
[2024-04-25 05:04:16,983] [builder.py:2422]           [INFO]     |                                                                                                    |
[2024-04-25 05:04:16,983] [builder.py:2423]           [INFO]     | 65 Movies Missing                                                                                  |
[2024-04-25 05:04:17,572] [builder.py:2623]           [INFO]     |                                                                                                    |
[2024-04-25 05:04:17,573] [builder.py:2624]           [INFO]     |=========================== Updating Details of Heist Movies Collection ============================|
[2024-04-25 05:04:17,573] [builder.py:2625]           [INFO]     |                                                                                                    |
[2024-04-25 05:04:17,579] [builder.py:2689]           [INFO]     | Collection Metadata Edits                                                                          |
[2024-04-25 05:04:17,582] [util.py:178]               [DEBUG]    | 2 posters found:                                                                                   |
[2024-04-25 05:04:17,582] [util.py:180]               [DEBUG]    | Method: url_poster Poster: https://theposterdb.com/api/assets/164791                               |
[2024-04-25 05:04:17,582] [util.py:180]               [DEBUG]    | Method: asset_directory Poster: {'attribute': 'asset_directory', 'location': '//config/assets/movies/Heist Movies/poster.jpg', 'prefix': "Heist Movies's ", 'is_poster': True, 'is_url': False, 'compare': 164949, 'message': "Heist Movies's poster to [File] //config/assets/movies/Heist Movies/poster.jpg"} |
[2024-04-25 05:04:17,583] [library.py:177]            [INFO]     | Detail: Heist Movies's poster update not needed                                                    |
[2024-04-25 05:04:17,801] [plex_meta_manager.py:780]  [INFO]     |                                                                                                    |
[2024-04-25 05:04:17,802] [plex_meta_manager.py:781]  [INFO]     |====================================================================================================|
[2024-04-25 05:04:17,802] [plex_meta_manager.py:781]  [INFO]     |                                  Finished Heist Movies Collection                                  |
[2024-04-25 05:04:17,802] [plex_meta_manager.py:781]  [INFO]     |                                    Collection Run Time: 0:00:15                                    |
[2024-04-25 05:04:17,802] [plex_meta_manager.py:781]  [INFO]     |====================================================================================================|
