[2024-04-25 05:13:55,668] [builder.py:193]            [INFO]     |====================================================================================================|
[2024-04-25 05:13:55,668] [builder.py:193]            [INFO]     |                                 Trakt Watched Collection in Shows                                  |
[2024-04-25 05:13:55,668] [builder.py:193]            [INFO]     |====================================================================================================|
[2024-04-25 05:13:55,669] [builder.py:194]            [INFO]     |                                                                                                    |
[2024-04-25 05:13:55,669] [builder.py:205]            [INFO]     |================================ Building Definition From Templates ================================|
[2024-04-25 05:13:55,669] [builder.py:206]            [DEBUG]    |                                                                                                    |
[2024-04-25 05:13:55,669] [builder.py:216]            [DEBUG]    | Templates Called: trakt, shared, arr, custom, translation                                          |
[2024-04-25 05:13:55,669] [builder.py:217]            [DEBUG]    |                                                                                                    |
[2024-04-25 05:13:55,669] [builder.py:220]            [DEBUG]    |                                                                                                    |
[2024-04-25 05:13:55,669] [builder.py:221]            [DEBUG]    | Validating Method: variables                                                                       |
[2024-04-25 05:13:55,689] [meta.py:550]               [DEBUG]    |==================================== Final Template Attributes =====================================|
[2024-04-25 05:13:55,689] [meta.py:551]               [DEBUG]    |                                                                                                    |
[2024-04-25 05:13:55,689] [meta.py:552]               [DEBUG]    | {'trakt_chart': {'chart': 'watched', 'limit': 20}, 'allowed_library_types': [False], 'ignore_blank_results': True, 'collection_mode': 'hide', 'sort_title': '!01_Trakt Watched', 'url_poster': 'https://raw.githubusercontent.com/meisnate12/Plex-Meta-Manager-Images/master/chart/Trakt%20Watched.jpg', 'collection_order': 'custom', 'sync_mode': 'sync', 'cache_builders': 1, 'summary': "A collection of Trakt's Weekly Trakt Watched List.", 'name': 'Trakt Watched'} |
[2024-04-25 05:13:55,689] [meta.py:553]               [DEBUG]    |                                                                                                    |
[2024-04-25 05:13:55,689] [builder.py:233]            [INFO]     |=============================== Validating Trakt Watched Attributes ================================|
[2024-04-25 05:13:55,689] [builder.py:236]            [DEBUG]    |                                                                                                    |
[2024-04-25 05:13:55,689] [builder.py:237]            [DEBUG]    | Validating Method: name                                                                            |
[2024-04-25 05:13:55,689] [builder.py:240]            [DEBUG]    | Value: Trakt Watched                                                                               |
[2024-04-25 05:13:55,693] [plex.py:857]               [DEBUG]    |                                                                                                    |
[2024-04-25 05:13:55,693] [plex.py:860]               [DEBUG]    | Looking for: Trakt Watched                                                                         |
[2024-04-25 05:13:55,693] [builder.py:274]            [DEBUG]    |                                                                                                    |
[2024-04-25 05:13:55,693] [builder.py:275]            [DEBUG]    | Validating Method: allowed_library_types                                                           |
[2024-04-25 05:13:55,694] [builder.py:278]            [DEBUG]    | Value: [False]                                                                                     |
[2024-04-25 05:13:55,694] [plex_meta_manager.py:755]  [INFO]     | Skipped because allowed_library_types is false                                                     |
[2024-04-25 05:13:55,694] [plex_meta_manager.py:780]  [INFO]     |                                                                                                    |
[2024-04-25 05:13:55,694] [plex_meta_manager.py:781]  [INFO]     |====================================================================================================|
[2024-04-25 05:13:55,694] [plex_meta_manager.py:781]  [INFO]     |                                 Finished Trakt Watched Collection                                  |
[2024-04-25 05:13:55,694] [plex_meta_manager.py:781]  [INFO]     |                                    Collection Run Time: 0:00:00                                    |
[2024-04-25 05:13:55,694] [plex_meta_manager.py:781]  [INFO]     |====================================================================================================|
