[2024-04-25 05:01:53,305] [builder.py:193]            [INFO]     |====================================================================================================|
[2024-04-25 05:01:53,305] [builder.py:193]            [INFO]     |                               Spanish Language Collection in Movies                                |
[2024-04-25 05:01:53,305] [builder.py:193]            [INFO]     |====================================================================================================|
[2024-04-25 05:01:53,305] [builder.py:194]            [INFO]     |                                                                                                    |
[2024-04-25 05:01:53,306] [builder.py:205]            [INFO]     |================================ Building Definition From Templates ================================|
[2024-04-25 05:01:53,306] [builder.py:206]            [DEBUG]    |                                                                                                    |
[2024-04-25 05:01:53,306] [builder.py:216]            [DEBUG]    | Templates Called: Country                                                                          |
[2024-04-25 05:01:53,306] [builder.py:217]            [DEBUG]    |                                                                                                    |
[2024-04-25 05:01:53,307] [meta.py:550]               [DEBUG]    |==================================== Final Template Attributes =====================================|
[2024-04-25 05:01:53,307] [meta.py:551]               [DEBUG]    |                                                                                                    |
[2024-04-25 05:01:53,307] [meta.py:552]               [DEBUG]    | {'url_poster': 'https://theposterdb.com/api/assets/158488', 'sort_title': 'Spanish Language', 'delete_not_scheduled': False, 'run_again': True, 'visible_home': False, 'visible_shared': False, 'sync_mode': 'sync'} |
[2024-04-25 05:01:53,307] [meta.py:553]               [DEBUG]    |                                                                                                    |
[2024-04-25 05:01:53,307] [builder.py:233]            [INFO]     |============================== Validating Spanish Language Attributes ==============================|
[2024-04-25 05:01:53,458] [builder.py:500]            [DEBUG]    |                                                                                                    |
[2024-04-25 05:01:53,458] [builder.py:501]            [DEBUG]    | Validating Method: delete_not_scheduled                                                            |
[2024-04-25 05:01:53,458] [builder.py:502]            [DEBUG]    | Value: False                                                                                       |
[2024-04-25 05:01:53,459] [builder.py:519]            [DEBUG]    |                                                                                                    |
[2024-04-25 05:01:53,459] [builder.py:520]            [DEBUG]    | Validating Method: schedule                                                                        |
[2024-04-25 05:01:53,459] [builder.py:524]            [DEBUG]    | Value: weekly(sunday)                                                                              |
[2024-04-25 05:01:53,459] [plex_meta_manager.py:755]  [INFO]     |                                                                                                    |
                                                                 | Scheduled weekly on Sunday                                                                         |
                                                                 |                                                                                                    |
                                                                 | Collection Spanish Language not scheduled to run                                                   |
[2024-04-25 05:01:53,460] [plex_meta_manager.py:780]  [INFO]     |                                                                                                    |
[2024-04-25 05:01:53,460] [plex_meta_manager.py:781]  [INFO]     |====================================================================================================|
[2024-04-25 05:01:53,460] [plex_meta_manager.py:781]  [INFO]     |                                Finished Spanish Language Collection                                |
[2024-04-25 05:01:53,460] [plex_meta_manager.py:781]  [INFO]     |                                    Collection Run Time: 0:00:00                                    |
[2024-04-25 05:01:53,460] [plex_meta_manager.py:781]  [INFO]     |====================================================================================================|
