[2024-04-25 05:13:55,334] [builder.py:193]            [INFO]     |====================================================================================================|
[2024-04-25 05:13:55,334] [builder.py:193]            [INFO]     |                                 Trakt Trending Collection in Shows                                 |
[2024-04-25 05:13:55,334] [builder.py:193]            [INFO]     |====================================================================================================|
[2024-04-25 05:13:55,334] [builder.py:194]            [INFO]     |                                                                                                    |
[2024-04-25 05:13:55,334] [builder.py:205]            [INFO]     |================================ Building Definition From Templates ================================|
[2024-04-25 05:13:55,335] [builder.py:206]            [DEBUG]    |                                                                                                    |
[2024-04-25 05:13:55,335] [builder.py:216]            [DEBUG]    | Templates Called: trakt, shared, arr, custom, translation                                          |
[2024-04-25 05:13:55,335] [builder.py:217]            [DEBUG]    |                                                                                                    |
[2024-04-25 05:13:55,335] [builder.py:220]            [DEBUG]    |                                                                                                    |
[2024-04-25 05:13:55,335] [builder.py:221]            [DEBUG]    | Validating Method: variables                                                                       |
[2024-04-25 05:13:55,355] [meta.py:550]               [DEBUG]    |==================================== Final Template Attributes =====================================|
[2024-04-25 05:13:55,355] [meta.py:551]               [DEBUG]    |                                                                                                    |
[2024-04-25 05:13:55,355] [meta.py:552]               [DEBUG]    | {'trakt_chart': {'chart': 'trending', 'limit': 20}, 'ignore_blank_results': True, 'collection_mode': 'hide', 'visible_library': True, 'visible_home': False, 'visible_shared': True, 'sort_title': '!01_Trakt Trending', 'url_poster': 'https://raw.githubusercontent.com/meisnate12/Plex-Meta-Manager-Images/master/chart/Trakt%20Trending.jpg', 'collection_order': 'custom', 'sync_mode': 'sync', 'cache_builders': 1, 'summary': "A collection of Trakt's Weekly Trakt Trending List.", 'name': 'Trakt Trending'} |
[2024-04-25 05:13:55,355] [meta.py:553]               [DEBUG]    |                                                                                                    |
[2024-04-25 05:13:55,355] [builder.py:233]            [INFO]     |=============================== Validating Trakt Trending Attributes ===============================|
[2024-04-25 05:13:55,355] [builder.py:236]            [DEBUG]    |                                                                                                    |
[2024-04-25 05:13:55,355] [builder.py:237]            [DEBUG]    | Validating Method: name                                                                            |
[2024-04-25 05:13:55,355] [builder.py:240]            [DEBUG]    | Value: Trakt Trending                                                                              |
[2024-04-25 05:13:55,392] [builder.py:463]            [DEBUG]    |                                                                                                    |
[2024-04-25 05:13:55,392] [builder.py:464]            [DEBUG]    | Validating Method: ignore_blank_results                                                            |
[2024-04-25 05:13:55,392] [builder.py:465]            [DEBUG]    | Value: True                                                                                        |
[2024-04-25 05:13:55,392] [builder.py:579]            [DEBUG]    |                                                                                                    |
[2024-04-25 05:13:55,392] [builder.py:580]            [DEBUG]    | Validating Method: sync_mode                                                                       |
[2024-04-25 05:13:55,393] [builder.py:584]            [DEBUG]    | Value: sync                                                                                        |
[2024-04-25 05:13:55,393] [builder.py:682]            [DEBUG]    |                                                                                                    |
[2024-04-25 05:13:55,393] [builder.py:683]            [DEBUG]    | Validating Method: collection_order                                                                |
[2024-04-25 05:13:55,393] [builder.py:684]            [DEBUG]    | Value: custom                                                                                      |
[2024-04-25 05:13:55,393] [builder.py:715]            [DEBUG]    |                                                                                                    |
[2024-04-25 05:13:55,393] [builder.py:719]            [DEBUG]    | Validating Method: trakt_chart                                                                     |
[2024-04-25 05:13:55,393] [builder.py:720]            [DEBUG]    | Value: {'chart': 'trending', 'limit': 20}                                                          |
[2024-04-25 05:13:55,393] [builder.py:715]            [DEBUG]    |                                                                                                    |
[2024-04-25 05:13:55,393] [builder.py:719]            [DEBUG]    | Validating Method: collection_mode                                                                 |
[2024-04-25 05:13:55,393] [builder.py:720]            [DEBUG]    | Value: hide                                                                                        |
[2024-04-25 05:13:55,394] [builder.py:715]            [DEBUG]    |                                                                                                    |
[2024-04-25 05:13:55,394] [builder.py:719]            [DEBUG]    | Validating Method: visible_library                                                                 |
[2024-04-25 05:13:55,394] [builder.py:720]            [DEBUG]    | Value: True                                                                                        |
[2024-04-25 05:13:55,394] [builder.py:715]            [DEBUG]    |                                                                                                    |
[2024-04-25 05:13:55,394] [builder.py:719]            [DEBUG]    | Validating Method: visible_home                                                                    |
[2024-04-25 05:13:55,394] [builder.py:720]            [DEBUG]    | Value: False                                                                                       |
[2024-04-25 05:13:55,394] [builder.py:715]            [DEBUG]    |                                                                                                    |
[2024-04-25 05:13:55,394] [builder.py:719]            [DEBUG]    | Validating Method: visible_shared                                                                  |
[2024-04-25 05:13:55,394] [builder.py:720]            [DEBUG]    | Value: True                                                                                        |
[2024-04-25 05:13:55,394] [builder.py:715]            [DEBUG]    |                                                                                                    |
[2024-04-25 05:13:55,394] [builder.py:719]            [DEBUG]    | Validating Method: sort_title                                                                      |
[2024-04-25 05:13:55,395] [builder.py:720]            [DEBUG]    | Value: !01_Trakt Trending                                                                          |
[2024-04-25 05:13:55,395] [builder.py:715]            [DEBUG]    |                                                                                                    |
[2024-04-25 05:13:55,395] [builder.py:719]            [DEBUG]    | Validating Method: url_poster                                                                      |
[2024-04-25 05:13:55,395] [builder.py:720]            [DEBUG]    | Value: https://raw.githubusercontent.com/meisnate12/Plex-Meta-Manager-Images/master/chart/Trakt%20Trending.jpg |
[2024-04-25 05:13:55,530] [builder.py:715]            [DEBUG]    |                                                                                                    |
[2024-04-25 05:13:55,530] [builder.py:719]            [DEBUG]    | Validating Method: cache_builders                                                                  |
[2024-04-25 05:13:55,530] [builder.py:720]            [DEBUG]    | Value: 1                                                                                           |
[2024-04-25 05:13:55,531] [builder.py:715]            [DEBUG]    |                                                                                                    |
[2024-04-25 05:13:55,531] [builder.py:719]            [DEBUG]    | Validating Method: summary                                                                         |
[2024-04-25 05:13:55,531] [builder.py:720]            [DEBUG]    | Value: A collection of Trakt's Weekly Trakt Trending List.                                         |
[2024-04-25 05:13:55,531] [builder.py:885]            [INFO]     |                                                                                                    |
[2024-04-25 05:13:55,531] [builder.py:886]            [INFO]     | Validation Successful                                                                              |
[2024-04-25 05:13:55,531] [plex_meta_manager.py:636]  [INFO]     |                                                                                                    |
[2024-04-25 05:13:55,531] [plex_meta_manager.py:638]  [INFO]     |================================ Running Trakt Trending Collection =================================|
[2024-04-25 05:13:55,531] [plex_meta_manager.py:652]  [INFO]     |                                                                                                    |
[2024-04-25 05:13:55,531] [plex_meta_manager.py:653]  [INFO]     | Sync Mode: sync                                                                                    |
[2024-04-25 05:13:55,531] [plex_meta_manager.py:656]  [DEBUG]    |                                                                                                    |
[2024-04-25 05:13:55,531] [plex_meta_manager.py:657]  [DEBUG]    | Builder: trakt_chart: {'chart': 'trending', 'limit': 20, 'time_period': None}                      |
[2024-04-25 05:13:55,532] [plex_meta_manager.py:658]  [INFO]     |                                                                                                    |
[2024-04-25 05:13:55,532] [builder.py:1614]           [INFO]     | Builder: trakt_chart loaded from Cache                                                             |
[2024-04-25 05:13:55,534] [builder.py:1665]           [DEBUG]    |                                                                                                    |
[2024-04-25 05:13:55,534] [builder.py:1666]           [DEBUG]    | 20 IDs Found                                                                                       |
[2024-04-25 05:13:55,534] [builder.py:1668]           [DEBUG]    |                                                                                                    |
[2024-04-25 05:13:55,534] [builder.py:2249]           [INFO]     |                                                                                                    |
[2024-04-25 05:13:55,534] [builder.py:2250]           [INFO]     |=============================== Adding to Trakt Trending Collection ================================|
[2024-04-25 05:13:55,534] [builder.py:2251]           [INFO]     |                                                                                                    |
[2024-04-25 05:13:55,534] [builder.py:2265]           [INFO]     | 1/5 | Trakt Trending Collection | = | The Simpsons                                                 |
[2024-04-25 05:13:55,534] [builder.py:2265]           [INFO]     | 2/5 | Trakt Trending Collection | = | Game of Thrones                                              |
[2024-04-25 05:13:55,534] [builder.py:2265]           [INFO]     | 3/5 | Trakt Trending Collection | = | The Big Bang Theory                                          |
[2024-04-25 05:13:55,535] [builder.py:2265]           [INFO]     | 4/5 | Trakt Trending Collection | = | Bluey                                                        |
[2024-04-25 05:13:55,535] [builder.py:2265]           [INFO]     | 5/5 | Trakt Trending Collection | = | Star Wars: The Bad Batch                                     |
[2024-04-25 05:13:55,535] [builder.py:2285]           [INFO]     |                                                                                                    |
[2024-04-25 05:13:55,535] [builder.py:2287]           [INFO]     | 5 Shows Processed 0 Shows Added                                                                    |
[2024-04-25 05:13:55,582] [builder.py:2467]           [INFO]     |                                                                                                    |
[2024-04-25 05:13:55,582] [builder.py:2468]           [INFO]     | 15 Shows Missing                                                                                   |
[2024-04-25 05:13:55,624] [builder.py:2623]           [INFO]     |                                                                                                    |
[2024-04-25 05:13:55,624] [builder.py:2624]           [INFO]     |========================== Updating Details of Trakt Trending Collection ===========================|
[2024-04-25 05:13:55,624] [builder.py:2625]           [INFO]     |                                                                                                    |
[2024-04-25 05:13:55,631] [builder.py:2689]           [INFO]     | Collection Metadata Edits                                                                          |
[2024-04-25 05:13:55,633] [util.py:178]               [DEBUG]    | 1 poster found:                                                                                    |
[2024-04-25 05:13:55,633] [util.py:180]               [DEBUG]    | Method: url_poster Poster: https://raw.githubusercontent.com/meisnate12/Plex-Meta-Manager-Images/master/chart/Trakt%20Trending.jpg |
[2024-04-25 05:13:55,634] [library.py:177]            [INFO]     | Detail: poster update not needed                                                                   |
[2024-04-25 05:13:55,667] [builder.py:2780]           [INFO]     |                                                                                                    |
[2024-04-25 05:13:55,667] [builder.py:2781]           [INFO]     |================================ Sorting Trakt Trending Collection =================================|
[2024-04-25 05:13:55,667] [builder.py:2782]           [INFO]     |                                                                                                    |
[2024-04-25 05:13:55,667] [builder.py:2816]           [INFO]     | No Sorting Required                                                                                |
[2024-04-25 05:13:55,667] [plex_meta_manager.py:780]  [INFO]     |                                                                                                    |
[2024-04-25 05:13:55,667] [plex_meta_manager.py:781]  [INFO]     |====================================================================================================|
[2024-04-25 05:13:55,667] [plex_meta_manager.py:781]  [INFO]     |                                 Finished Trakt Trending Collection                                 |
[2024-04-25 05:13:55,668] [plex_meta_manager.py:781]  [INFO]     |                                    Collection Run Time: 0:00:00                                    |
[2024-04-25 05:13:55,668] [plex_meta_manager.py:781]  [INFO]     |====================================================================================================|
