[2024-04-25 05:03:52,957] [builder.py:193]            [INFO]     |====================================================================================================|
[2024-04-25 05:03:52,958] [builder.py:193]            [INFO]     |                               Famous Detectives Collection in Movies                               |
[2024-04-25 05:03:52,958] [builder.py:193]            [INFO]     |====================================================================================================|
[2024-04-25 05:03:52,958] [builder.py:194]            [INFO]     |                                                                                                    |
[2024-04-25 05:03:52,958] [builder.py:205]            [INFO]     |================================ Building Definition From Templates ================================|
[2024-04-25 05:03:52,958] [builder.py:206]            [DEBUG]    |                                                                                                    |
[2024-04-25 05:03:52,958] [builder.py:216]            [DEBUG]    | Templates Called: Specialty                                                                        |
[2024-04-25 05:03:52,958] [builder.py:217]            [DEBUG]    |                                                                                                    |
[2024-04-25 05:03:52,959] [meta.py:550]               [DEBUG]    |==================================== Final Template Attributes =====================================|
[2024-04-25 05:03:52,959] [meta.py:551]               [DEBUG]    |                                                                                                    |
[2024-04-25 05:03:52,959] [meta.py:552]               [DEBUG]    | {'url_poster': 'https://theposterdb.com/images/defaults/missing_poster.jpg', 'sort_title': 'Famous Detectives', 'delete_not_scheduled': True, 'run_again': True, 'visible_home': False, 'visible_shared': False, 'sync_mode': 'sync'} |
[2024-04-25 05:03:52,959] [meta.py:553]               [DEBUG]    |                                                                                                    |
[2024-04-25 05:03:52,959] [builder.py:233]            [INFO]     |============================= Validating Famous Detectives Attributes ==============================|
[2024-04-25 05:03:53,102] [builder.py:500]            [DEBUG]    |                                                                                                    |
[2024-04-25 05:03:53,103] [builder.py:501]            [DEBUG]    | Validating Method: delete_not_scheduled                                                            |
[2024-04-25 05:03:53,103] [builder.py:502]            [DEBUG]    | Value: True                                                                                        |
[2024-04-25 05:03:53,103] [builder.py:558]            [DEBUG]    |                                                                                                    |
[2024-04-25 05:03:53,103] [builder.py:559]            [DEBUG]    | Validating Method: run_again                                                                       |
[2024-04-25 05:03:53,103] [builder.py:560]            [DEBUG]    | Value: True                                                                                        |
[2024-04-25 05:03:53,103] [builder.py:579]            [DEBUG]    |                                                                                                    |
[2024-04-25 05:03:53,103] [builder.py:580]            [DEBUG]    | Validating Method: sync_mode                                                                       |
[2024-04-25 05:03:53,103] [builder.py:584]            [DEBUG]    | Value: sync                                                                                        |
[2024-04-25 05:03:53,103] [builder.py:715]            [DEBUG]    |                                                                                                    |
[2024-04-25 05:03:53,103] [builder.py:719]            [DEBUG]    | Validating Method: trakt_list                                                                      |
[2024-04-25 05:03:53,104] [builder.py:720]            [DEBUG]    | Value: ['https://trakt.tv/users/goape/lists/sherlock-holmes?display=movie&sort=rank,asc', 'https://trakt.tv/users/grelipe/lists/hercule-poirot?sort=released,desc'] |
[2024-04-25 05:03:53,374] [builder.py:715]            [DEBUG]    |                                                                                                    |
[2024-04-25 05:03:53,374] [builder.py:719]            [DEBUG]    | Validating Method: summary                                                                         |
[2024-04-25 05:03:53,374] [builder.py:720]            [DEBUG]    | Value: Television and movies are dominated by detectives, with some of the best media following these iconic agents and sleuths as they investigate crime. |
[2024-04-25 05:03:53,374] [builder.py:715]            [DEBUG]    |                                                                                                    |
[2024-04-25 05:03:53,375] [builder.py:719]            [DEBUG]    | Validating Method: url_poster                                                                      |
[2024-04-25 05:03:53,375] [builder.py:720]            [DEBUG]    | Value: https://theposterdb.com/images/defaults/missing_poster.jpg                                  |
[2024-04-25 05:03:53,407] [builder.py:715]            [DEBUG]    |                                                                                                    |
[2024-04-25 05:03:53,407] [builder.py:719]            [DEBUG]    | Validating Method: sort_title                                                                      |
[2024-04-25 05:03:53,407] [builder.py:720]            [DEBUG]    | Value: Famous Detectives                                                                           |
[2024-04-25 05:03:53,407] [builder.py:715]            [DEBUG]    |                                                                                                    |
[2024-04-25 05:03:53,407] [builder.py:719]            [DEBUG]    | Validating Method: visible_home                                                                    |
[2024-04-25 05:03:53,407] [builder.py:720]            [DEBUG]    | Value: False                                                                                       |
[2024-04-25 05:03:53,407] [builder.py:715]            [DEBUG]    |                                                                                                    |
[2024-04-25 05:03:53,407] [builder.py:719]            [DEBUG]    | Validating Method: visible_shared                                                                  |
[2024-04-25 05:03:53,408] [builder.py:720]            [DEBUG]    | Value: False                                                                                       |
[2024-04-25 05:03:53,408] [builder.py:885]            [INFO]     |                                                                                                    |
[2024-04-25 05:03:53,408] [builder.py:886]            [INFO]     | Validation Successful                                                                              |
[2024-04-25 05:03:53,408] [plex_meta_manager.py:636]  [INFO]     |                                                                                                    |
[2024-04-25 05:03:53,408] [plex_meta_manager.py:638]  [INFO]     |=============================== Running Famous Detectives Collection ===============================|
[2024-04-25 05:03:53,408] [plex_meta_manager.py:652]  [INFO]     |                                                                                                    |
[2024-04-25 05:03:53,408] [plex_meta_manager.py:653]  [INFO]     | Sync Mode: sync                                                                                    |
[2024-04-25 05:03:53,408] [plex_meta_manager.py:656]  [DEBUG]    |                                                                                                    |
[2024-04-25 05:03:53,408] [plex_meta_manager.py:657]  [DEBUG]    | Builder: trakt_list: https://trakt.tv/users/goape/lists/sherlock-holmes?display=movie&sort=rank,asc |
[2024-04-25 05:03:53,408] [plex_meta_manager.py:658]  [INFO]     |                                                                                                    |
[2024-04-25 05:03:53,408] [trakt.py:493]              [INFO]     | Processing Trakt List: https://trakt.tv/users/goape/lists/sherlock-holmes?display=movie&sort=rank,asc |
[2024-04-25 05:03:53,538] [builder.py:1665]           [DEBUG]    |                                                                                                    |
[2024-04-25 05:03:53,538] [builder.py:1666]           [DEBUG]    | 26 IDs Found                                                                                       |
[2024-04-25 05:03:53,538] [builder.py:1668]           [DEBUG]    |                                                                                                    |
[2024-04-25 05:03:53,538] [plex_meta_manager.py:656]  [DEBUG]    |                                                                                                    |
[2024-04-25 05:03:53,538] [plex_meta_manager.py:657]  [DEBUG]    | Builder: trakt_list: https://trakt.tv/users/grelipe/lists/hercule-poirot?sort=released,desc        |
[2024-04-25 05:03:53,538] [plex_meta_manager.py:658]  [INFO]     |                                                                                                    |
[2024-04-25 05:03:53,538] [trakt.py:493]              [INFO]     | Processing Trakt List: https://trakt.tv/users/grelipe/lists/hercule-poirot?sort=released,desc      |
[2024-04-25 05:03:53,665] [builder.py:1665]           [DEBUG]    |                                                                                                    |
[2024-04-25 05:03:53,665] [builder.py:1666]           [DEBUG]    | 12 IDs Found                                                                                       |
[2024-04-25 05:03:53,665] [builder.py:1668]           [DEBUG]    |                                                                                                    |
[2024-04-25 05:03:53,665] [builder.py:2249]           [INFO]     |                                                                                                    |
[2024-04-25 05:03:53,665] [builder.py:2250]           [INFO]     |============================== Adding to Famous Detectives Collection ==============================|
[2024-04-25 05:03:53,666] [builder.py:2251]           [INFO]     |                                                                                                    |
[2024-04-25 05:03:53,666] [builder.py:2265]           [INFO]     | 1/5 | Famous Detectives Collection | = | Mr. Holmes (2015)                                         |
[2024-04-25 05:03:53,666] [builder.py:2265]           [INFO]     | 2/5 | Famous Detectives Collection | = | Enola Holmes (2020)                                       |
[2024-04-25 05:03:53,666] [builder.py:2265]           [INFO]     | 3/5 | Famous Detectives Collection | = | Murder on the Orient Express (2017)                       |
[2024-04-25 05:03:53,666] [builder.py:2265]           [INFO]     | 4/5 | Famous Detectives Collection | = | Death on the Nile (2022)                                  |
[2024-04-25 05:03:53,666] [builder.py:2265]           [INFO]     | 5/5 | Famous Detectives Collection | = | A Haunting in Venice (2023)                               |
[2024-04-25 05:03:53,666] [builder.py:2285]           [INFO]     |                                                                                                    |
[2024-04-25 05:03:53,666] [builder.py:2287]           [INFO]     | 5 Movies Processed 0 Movies Added                                                                  |
[2024-04-25 05:03:53,742] [builder.py:2422]           [INFO]     |                                                                                                    |
[2024-04-25 05:03:53,743] [builder.py:2423]           [INFO]     | 29 Movies Missing                                                                                  |
[2024-04-25 05:03:54,298] [builder.py:2623]           [INFO]     |                                                                                                    |
[2024-04-25 05:03:54,298] [builder.py:2624]           [INFO]     |========================= Updating Details of Famous Detectives Collection =========================|
[2024-04-25 05:03:54,298] [builder.py:2625]           [INFO]     |                                                                                                    |
[2024-04-25 05:03:54,305] [builder.py:2689]           [INFO]     | Collection Metadata Edits                                                                          |
[2024-04-25 05:03:54,307] [util.py:178]               [DEBUG]    | 2 posters found:                                                                                   |
[2024-04-25 05:03:54,307] [util.py:180]               [DEBUG]    | Method: url_poster Poster: https://theposterdb.com/images/defaults/missing_poster.jpg              |
[2024-04-25 05:03:54,308] [util.py:180]               [DEBUG]    | Method: asset_directory Poster: {'attribute': 'asset_directory', 'location': '//config/assets/movies/Famous Detectives/poster.jpg', 'prefix': "Famous Detectives's ", 'is_poster': True, 'is_url': False, 'compare': 37395, 'message': "Famous Detectives's poster to [File] //config/assets/movies/Famous Detectives/poster.jpg"} |
[2024-04-25 05:03:54,308] [library.py:177]            [INFO]     | Detail: Famous Detectives's poster update not needed                                               |
[2024-04-25 05:03:54,445] [plex_meta_manager.py:780]  [INFO]     |                                                                                                    |
[2024-04-25 05:03:54,445] [plex_meta_manager.py:781]  [INFO]     |====================================================================================================|
[2024-04-25 05:03:54,445] [plex_meta_manager.py:781]  [INFO]     |                               Finished Famous Detectives Collection                                |
[2024-04-25 05:03:54,445] [plex_meta_manager.py:781]  [INFO]     |                                    Collection Run Time: 0:00:01                                    |
[2024-04-25 05:03:54,445] [plex_meta_manager.py:781]  [INFO]     |====================================================================================================|
