[2024-04-25 05:00:28,554] [builder.py:193]            [INFO]     |====================================================================================================|
[2024-04-25 05:00:28,554] [builder.py:193]            [INFO]     |                                 New Releases Collection in Movies                                  |
[2024-04-25 05:00:28,554] [builder.py:193]            [INFO]     |====================================================================================================|
[2024-04-25 05:00:28,554] [builder.py:194]            [INFO]     |                                                                                                    |
[2024-04-25 05:00:28,554] [builder.py:205]            [INFO]     |================================ Building Definition From Templates ================================|
[2024-04-25 05:00:28,554] [builder.py:206]            [DEBUG]    |                                                                                                    |
[2024-04-25 05:00:28,554] [builder.py:216]            [DEBUG]    | Templates Called: Charts                                                                           |
[2024-04-25 05:00:28,554] [builder.py:217]            [DEBUG]    |                                                                                                    |
[2024-04-25 05:00:28,555] [meta.py:550]               [DEBUG]    |==================================== Final Template Attributes =====================================|
[2024-04-25 05:00:28,555] [meta.py:551]               [DEBUG]    |                                                                                                    |
[2024-04-25 05:00:28,555] [meta.py:552]               [DEBUG]    | {'url_poster': 'https://i.ibb.co/VNwwdZQ/New-Releases.jpg', 'collection_mode': 'hide', 'visible_home': False, 'visible_shared': False, 'sync_mode': 'sync'} |
[2024-04-25 05:00:28,555] [meta.py:553]               [DEBUG]    |                                                                                                    |
[2024-04-25 05:00:28,556] [builder.py:233]            [INFO]     |================================ Validating New Releases Attributes ================================|
[2024-04-25 05:00:28,589] [builder.py:473]            [DEBUG]    |                                                                                                    |
[2024-04-25 05:00:28,590] [builder.py:474]            [DEBUG]    | Validating Method: smart_label                                                                     |
[2024-04-25 05:00:28,590] [builder.py:479]            [DEBUG]    | Value: critic_rating.desc                                                                          |
[2024-04-25 05:00:28,626] [builder.py:579]            [DEBUG]    |                                                                                                    |
[2024-04-25 05:00:28,627] [builder.py:580]            [DEBUG]    | Validating Method: sync_mode                                                                       |
[2024-04-25 05:00:28,627] [builder.py:584]            [DEBUG]    | Value: sync                                                                                        |
[2024-04-25 05:00:28,627] [builder.py:715]            [DEBUG]    |                                                                                                    |
[2024-04-25 05:00:28,627] [builder.py:719]            [DEBUG]    | Validating Method: trakt_list                                                                      |
[2024-04-25 05:00:28,627] [builder.py:720]            [DEBUG]    | Value: https://trakt.tv/users/giladg/lists/latest-releases                                         |
[2024-04-25 05:00:28,817] [builder.py:715]            [DEBUG]    |                                                                                                    |
[2024-04-25 05:00:28,818] [builder.py:719]            [DEBUG]    | Validating Method: sort_title                                                                      |
[2024-04-25 05:00:28,818] [builder.py:720]            [DEBUG]    | Value: *101a                                                                                       |
[2024-04-25 05:00:28,818] [builder.py:715]            [DEBUG]    |                                                                                                    |
[2024-04-25 05:00:28,818] [builder.py:719]            [DEBUG]    | Validating Method: summary                                                                         |
[2024-04-25 05:00:28,818] [builder.py:720]            [DEBUG]    | Value: The most recent movie releases.                                                             |
[2024-04-25 05:00:28,818] [builder.py:715]            [DEBUG]    |                                                                                                    |
[2024-04-25 05:00:28,818] [builder.py:719]            [DEBUG]    | Validating Method: url_poster                                                                      |
[2024-04-25 05:00:28,818] [builder.py:720]            [DEBUG]    | Value: https://i.ibb.co/VNwwdZQ/New-Releases.jpg                                                   |
[2024-04-25 05:00:30,361] [builder.py:715]            [DEBUG]    |                                                                                                    |
[2024-04-25 05:00:30,362] [builder.py:719]            [DEBUG]    | Validating Method: collection_mode                                                                 |
[2024-04-25 05:00:30,362] [builder.py:720]            [DEBUG]    | Value: hide                                                                                        |
[2024-04-25 05:00:30,362] [builder.py:715]            [DEBUG]    |                                                                                                    |
[2024-04-25 05:00:30,362] [builder.py:719]            [DEBUG]    | Validating Method: visible_home                                                                    |
[2024-04-25 05:00:30,362] [builder.py:720]            [DEBUG]    | Value: False                                                                                       |
[2024-04-25 05:00:30,362] [builder.py:715]            [DEBUG]    |                                                                                                    |
[2024-04-25 05:00:30,362] [builder.py:719]            [DEBUG]    | Validating Method: visible_shared                                                                  |
[2024-04-25 05:00:30,362] [builder.py:720]            [DEBUG]    | Value: False                                                                                       |
[2024-04-25 05:00:30,428] [builder.py:885]            [INFO]     |                                                                                                    |
[2024-04-25 05:00:30,428] [builder.py:886]            [INFO]     | Validation Successful                                                                              |
[2024-04-25 05:00:30,428] [plex_meta_manager.py:636]  [INFO]     |                                                                                                    |
[2024-04-25 05:00:30,428] [plex_meta_manager.py:638]  [INFO]     |================================= Running New Releases Collection ==================================|
[2024-04-25 05:00:30,428] [plex_meta_manager.py:644]  [INFO]     |                                                                                                    |
[2024-04-25 05:00:30,428] [plex_meta_manager.py:645]  [INFO]     | Smart Movie Label                                                                                  |
                                                                 | Sort By: ['critic_rating.desc']                                                                    |
                                                                 | Filter:                                                                                            |
                                                                 |   Match all of the following:                                                                      |
                                                                 |     Label is New Releases                                                                          |
[2024-04-25 05:00:30,429] [plex_meta_manager.py:646]  [INFO]     |                                                                                                    |
[2024-04-25 05:00:30,429] [plex_meta_manager.py:647]  [INFO]     | Items Found: 12                                                                                    |
[2024-04-25 05:00:30,429] [plex_meta_manager.py:652]  [INFO]     |                                                                                                    |
[2024-04-25 05:00:30,429] [plex_meta_manager.py:653]  [INFO]     | Sync Mode: sync                                                                                    |
[2024-04-25 05:00:30,429] [plex_meta_manager.py:656]  [DEBUG]    |                                                                                                    |
[2024-04-25 05:00:30,429] [plex_meta_manager.py:657]  [DEBUG]    | Builder: trakt_list: https://trakt.tv/users/giladg/lists/latest-releases                           |
[2024-04-25 05:00:30,429] [plex_meta_manager.py:658]  [INFO]     |                                                                                                    |
[2024-04-25 05:00:30,429] [trakt.py:493]              [INFO]     | Processing Trakt List: https://trakt.tv/users/giladg/lists/latest-releases                         |
[2024-04-25 05:00:30,598] [builder.py:1665]           [DEBUG]    |                                                                                                    |
[2024-04-25 05:00:30,598] [builder.py:1666]           [DEBUG]    | 303 IDs Found                                                                                      |
[2024-04-25 05:00:30,598] [builder.py:1668]           [DEBUG]    |                                                                                                    |
[2024-04-25 05:00:30,599] [builder.py:2249]           [INFO]     |                                                                                                    |
[2024-04-25 05:00:30,599] [builder.py:2250]           [INFO]     |================================ Adding to New Releases Collection =================================|
[2024-04-25 05:00:30,599] [builder.py:2251]           [INFO]     |                                                                                                    |
[2024-04-25 05:00:30,637] [builder.py:2265]           [INFO]     |  1/12 | New Releases Collection | = | Indiana Jones and the Dial of Destiny (2023)                 |
[2024-04-25 05:00:30,637] [builder.py:2265]           [INFO]     |  2/12 | New Releases Collection | = | Mr. Monk's Last Case: A Monk Movie (2023)                    |
[2024-04-25 05:00:30,637] [builder.py:2265]           [INFO]     |  3/12 | New Releases Collection | = | Leave the World Behind (2023)                                |
[2024-04-25 05:00:30,637] [builder.py:2265]           [INFO]     |  4/12 | New Releases Collection | = | The Hunger Games: The Ballad of Songbirds & Snakes (2023)    |
[2024-04-25 05:00:30,637] [builder.py:2265]           [INFO]     |  5/12 | New Releases Collection | = | Rebel Moon - Part One: A Child of Fire (2023)                |
[2024-04-25 05:00:30,637] [builder.py:2265]           [INFO]     |  6/12 | New Releases Collection | = | Self Reliance (2024)                                         |
[2024-04-25 05:00:30,638] [builder.py:2265]           [INFO]     |  7/12 | New Releases Collection | = | Wonka (2023)                                                 |
[2024-04-25 05:00:30,638] [builder.py:2265]           [INFO]     |  8/12 | New Releases Collection | = | Wish (2023)                                                  |
[2024-04-25 05:00:30,638] [builder.py:2265]           [INFO]     |  9/12 | New Releases Collection | = | Migration (2023)                                             |
[2024-04-25 05:00:30,638] [builder.py:2265]           [INFO]     | 10/12 | New Releases Collection | = | The End We Start From (2023)                                 |
[2024-04-25 05:00:30,638] [builder.py:2265]           [INFO]     | 11/12 | New Releases Collection | = | I.S.S. (2024)                                                |
[2024-04-25 05:00:30,638] [builder.py:2265]           [INFO]     | 12/12 | New Releases Collection | = | Lovely, Dark, and Deep (2022)                                |
[2024-04-25 05:00:30,638] [builder.py:2285]           [INFO]     |                                                                                                    |
[2024-04-25 05:00:30,638] [builder.py:2287]           [INFO]     | 12 Movies Processed 0 Movies Added                                                                 |
[2024-04-25 05:00:33,454] [builder.py:2422]           [INFO]     |                                                                                                    |
[2024-04-25 05:00:33,455] [builder.py:2423]           [INFO]     | 291 Movies Missing                                                                                 |
[2024-04-25 05:00:33,490] [builder.py:2623]           [INFO]     |                                                                                                    |
[2024-04-25 05:00:33,491] [builder.py:2624]           [INFO]     |=========================== Updating Details of New Releases Collection ============================|
[2024-04-25 05:00:33,491] [builder.py:2625]           [INFO]     |                                                                                                    |
[2024-04-25 05:00:33,498] [builder.py:2689]           [INFO]     | Collection Metadata Edits                                                                          |
[2024-04-25 05:00:33,502] [util.py:178]               [DEBUG]    | 2 posters found:                                                                                   |
[2024-04-25 05:00:33,502] [util.py:180]               [DEBUG]    | Method: url_poster Poster: https://i.ibb.co/VNwwdZQ/New-Releases.jpg                               |
[2024-04-25 05:00:33,502] [util.py:180]               [DEBUG]    | Method: asset_directory Poster: {'attribute': 'asset_directory', 'location': '//config/assets/movies/New Releases/poster.jpg', 'prefix': "New Releases's ", 'is_poster': True, 'is_url': False, 'compare': 92705, 'message': "New Releases's poster to [File] //config/assets/movies/New Releases/poster.jpg"} |
[2024-04-25 05:00:33,502] [util.py:178]               [DEBUG]    | 1 background found:                                                                                |
[2024-04-25 05:00:33,502] [util.py:180]               [DEBUG]    | Method: asset_directory Background: {'attribute': 'asset_directory', 'location': '//config/assets/movies/New Releases/background.jpg', 'prefix': "New Releases's ", 'is_poster': False, 'is_url': False, 'compare': 1173495, 'message': "New Releases's background to [File] //config/assets/movies/New Releases/background.jpg"} |
[2024-04-25 05:00:33,503] [library.py:177]            [INFO]     | Detail: New Releases's poster update not needed                                                    |
[2024-04-25 05:00:33,503] [library.py:193]            [INFO]     | Detail: New Releases's background update not needed                                                |
[2024-04-25 05:00:33,531] [plex_meta_manager.py:780]  [INFO]     |                                                                                                    |
[2024-04-25 05:00:33,532] [plex_meta_manager.py:781]  [INFO]     |====================================================================================================|
[2024-04-25 05:00:33,532] [plex_meta_manager.py:781]  [INFO]     |                                  Finished New Releases Collection                                  |
[2024-04-25 05:00:33,532] [plex_meta_manager.py:781]  [INFO]     |                                    Collection Run Time: 0:00:04                                    |
[2024-04-25 05:00:33,532] [plex_meta_manager.py:781]  [INFO]     |====================================================================================================|
