[2024-04-25 05:05:44,690] [builder.py:193]            [INFO]     |====================================================================================================|
[2024-04-25 05:05:44,691] [builder.py:193]            [INFO]     |                                Stand Up Comedy Collection in Movies                                |
[2024-04-25 05:05:44,691] [builder.py:193]            [INFO]     |====================================================================================================|
[2024-04-25 05:05:44,691] [builder.py:194]            [INFO]     |                                                                                                    |
[2024-04-25 05:05:44,691] [builder.py:205]            [INFO]     |================================ Building Definition From Templates ================================|
[2024-04-25 05:05:44,691] [builder.py:206]            [DEBUG]    |                                                                                                    |
[2024-04-25 05:05:44,691] [builder.py:216]            [DEBUG]    | Templates Called: Specialty                                                                        |
[2024-04-25 05:05:44,691] [builder.py:217]            [DEBUG]    |                                                                                                    |
[2024-04-25 05:05:44,692] [meta.py:550]               [DEBUG]    |==================================== Final Template Attributes =====================================|
[2024-04-25 05:05:44,692] [meta.py:551]               [DEBUG]    |                                                                                                    |
[2024-04-25 05:05:44,692] [meta.py:552]               [DEBUG]    | {'url_poster': 'https://theposterdb.com/api/assets/166533', 'sort_title': 'Stand Up Comedy', 'delete_not_scheduled': True, 'run_again': True, 'visible_home': False, 'visible_shared': False, 'sync_mode': 'sync'} |
[2024-04-25 05:05:44,693] [meta.py:553]               [DEBUG]    |                                                                                                    |
[2024-04-25 05:05:44,693] [builder.py:233]            [INFO]     |============================== Validating Stand Up Comedy Attributes ===============================|
[2024-04-25 05:05:44,882] [builder.py:500]            [DEBUG]    |                                                                                                    |
[2024-04-25 05:05:44,882] [builder.py:501]            [DEBUG]    | Validating Method: delete_not_scheduled                                                            |
[2024-04-25 05:05:44,882] [builder.py:502]            [DEBUG]    | Value: True                                                                                        |
[2024-04-25 05:05:44,882] [builder.py:558]            [DEBUG]    |                                                                                                    |
[2024-04-25 05:05:44,882] [builder.py:559]            [DEBUG]    | Validating Method: run_again                                                                       |
[2024-04-25 05:05:44,882] [builder.py:560]            [DEBUG]    | Value: True                                                                                        |
[2024-04-25 05:05:44,883] [builder.py:579]            [DEBUG]    |                                                                                                    |
[2024-04-25 05:05:44,883] [builder.py:580]            [DEBUG]    | Validating Method: sync_mode                                                                       |
[2024-04-25 05:05:44,883] [builder.py:584]            [DEBUG]    | Value: sync                                                                                        |
[2024-04-25 05:05:44,883] [builder.py:715]            [DEBUG]    |                                                                                                    |
[2024-04-25 05:05:44,883] [builder.py:719]            [DEBUG]    | Validating Method: trakt_list                                                                      |
[2024-04-25 05:05:44,883] [builder.py:720]            [DEBUG]    | Value: https://trakt.tv/users/willy-wally/lists/stand-up-stand-up?sort=released,asc                |
[2024-04-25 05:05:45,118] [builder.py:715]            [DEBUG]    |                                                                                                    |
[2024-04-25 05:05:45,118] [builder.py:719]            [DEBUG]    | Validating Method: summary                                                                         |
[2024-04-25 05:05:45,118] [builder.py:720]            [DEBUG]    | Value: Stand-up comedy is a comedic style in which a comedian performs in front of a live audience, speaking directly to them through a microphone. Comedians give the illusion that they are dialoguing, but in actuality, they are monologuing a grouping of humorous stories, jokes and one-liners, typically called a shtick, routine, act, or set. Some stand-up comedians use props, music or magic tricks to enhance their acts. Stand-up comedians perform quasi-autobiographical and fictionalized extensions of their offstage selves. |
[2024-04-25 05:05:45,118] [builder.py:715]            [DEBUG]    |                                                                                                    |
[2024-04-25 05:05:45,118] [builder.py:719]            [DEBUG]    | Validating Method: url_poster                                                                      |
[2024-04-25 05:05:45,118] [builder.py:720]            [DEBUG]    | Value: https://theposterdb.com/api/assets/166533                                                   |
[2024-04-25 05:05:45,513] [builder.py:715]            [DEBUG]    |                                                                                                    |
[2024-04-25 05:05:45,514] [builder.py:719]            [DEBUG]    | Validating Method: sort_title                                                                      |
[2024-04-25 05:05:45,514] [builder.py:720]            [DEBUG]    | Value: Stand Up Comedy                                                                             |
[2024-04-25 05:05:45,514] [builder.py:715]            [DEBUG]    |                                                                                                    |
[2024-04-25 05:05:45,514] [builder.py:719]            [DEBUG]    | Validating Method: visible_home                                                                    |
[2024-04-25 05:05:45,514] [builder.py:720]            [DEBUG]    | Value: False                                                                                       |
[2024-04-25 05:05:45,514] [builder.py:715]            [DEBUG]    |                                                                                                    |
[2024-04-25 05:05:45,515] [builder.py:719]            [DEBUG]    | Validating Method: visible_shared                                                                  |
[2024-04-25 05:05:45,515] [builder.py:720]            [DEBUG]    | Value: False                                                                                       |
[2024-04-25 05:05:45,515] [builder.py:885]            [INFO]     |                                                                                                    |
[2024-04-25 05:05:45,515] [builder.py:886]            [INFO]     | Validation Successful                                                                              |
[2024-04-25 05:05:45,515] [plex_meta_manager.py:636]  [INFO]     |                                                                                                    |
[2024-04-25 05:05:45,515] [plex_meta_manager.py:638]  [INFO]     |================================ Running Stand Up Comedy Collection ================================|
[2024-04-25 05:05:45,515] [plex_meta_manager.py:652]  [INFO]     |                                                                                                    |
[2024-04-25 05:05:45,515] [plex_meta_manager.py:653]  [INFO]     | Sync Mode: sync                                                                                    |
[2024-04-25 05:05:45,516] [plex_meta_manager.py:656]  [DEBUG]    |                                                                                                    |
[2024-04-25 05:05:45,516] [plex_meta_manager.py:657]  [DEBUG]    | Builder: trakt_list: https://trakt.tv/users/willy-wally/lists/stand-up-stand-up?sort=released,asc  |
[2024-04-25 05:05:45,516] [plex_meta_manager.py:658]  [INFO]     |                                                                                                    |
[2024-04-25 05:05:45,516] [trakt.py:493]              [INFO]     | Processing Trakt List: https://trakt.tv/users/willy-wally/lists/stand-up-stand-up?sort=released,asc |
[2024-04-25 05:05:45,864] [builder.py:1665]           [DEBUG]    |                                                                                                    |
[2024-04-25 05:05:45,864] [builder.py:1666]           [DEBUG]    | 735 IDs Found                                                                                      |
[2024-04-25 05:05:45,864] [builder.py:1668]           [DEBUG]    |                                                                                                    |
[2024-04-25 05:05:45,868] [builder.py:2249]           [INFO]     |                                                                                                    |
[2024-04-25 05:05:45,868] [builder.py:2250]           [INFO]     |=============================== Adding to Stand Up Comedy Collection ===============================|
[2024-04-25 05:05:45,868] [builder.py:2251]           [INFO]     |                                                                                                    |
[2024-04-25 05:05:45,869] [builder.py:2265]           [INFO]     |  1/30 | Stand Up Comedy Collection | = | Brian Regan: Nunchucks and Flamethrowers (2017)           |
[2024-04-25 05:05:45,869] [builder.py:2265]           [INFO]     |  2/30 | Stand Up Comedy Collection | = | Brian Regan: Standing Up (2007)                           |
[2024-04-25 05:05:45,869] [builder.py:2265]           [INFO]     |  3/30 | Stand Up Comedy Collection | = | Brian Regan: The Epitome of Hyperbole (2008)              |
[2024-04-25 05:05:45,869] [builder.py:2265]           [INFO]     |  4/30 | Stand Up Comedy Collection | = | Dave Attell: Road Work (2014)                             |
[2024-04-25 05:05:45,869] [builder.py:2265]           [INFO]     |  5/30 | Stand Up Comedy Collection | = | Dave Chappelle's Block Party (2006)                       |
[2024-04-25 05:05:45,869] [builder.py:2265]           [INFO]     |  6/30 | Stand Up Comedy Collection | = | Deep in the Heart of Texas: Dave Chappelle Live at Austin City Limits (2017) |
[2024-04-25 05:05:45,870] [builder.py:2265]           [INFO]     |  7/30 | Stand Up Comedy Collection | = | Dave Chappelle: Equanimity (2017)                         |
[2024-04-25 05:05:45,870] [builder.py:2265]           [INFO]     |  8/30 | Stand Up Comedy Collection | = | Dave Chappelle: For What It's Worth (2004)                |
[2024-04-25 05:05:45,870] [builder.py:2265]           [INFO]     |  9/30 | Stand Up Comedy Collection | = | Dave Chappelle: HBO Comedy Half-Hour (1998)               |
[2024-04-25 05:05:45,870] [builder.py:2265]           [INFO]     | 10/30 | Stand Up Comedy Collection | = | Dave Chappelle: Killin' Them Softly (2000)                |
[2024-04-25 05:05:45,870] [builder.py:2265]           [INFO]     | 11/30 | Stand Up Comedy Collection | = | Dave Chappelle: Sticks & Stones (2019)                    |
[2024-04-25 05:05:45,870] [builder.py:2265]           [INFO]     | 12/30 | Stand Up Comedy Collection | = | The Age of Spin: Dave Chappelle Live at the Hollywood Palladium (2017) |
[2024-04-25 05:05:45,870] [builder.py:2265]           [INFO]     | 13/30 | Stand Up Comedy Collection | = | Dave Chappelle: The Bird Revelation (2017)                |
[2024-04-25 05:05:45,871] [builder.py:2265]           [INFO]     | 14/30 | Stand Up Comedy Collection | = | Dave Chappelle: The Closer (2021)                         |
[2024-04-25 05:05:45,871] [builder.py:2265]           [INFO]     | 15/30 | Stand Up Comedy Collection | = | David Cross: Making America Great Again (2016)            |
[2024-04-25 05:05:45,871] [builder.py:2265]           [INFO]     | 16/30 | Stand Up Comedy Collection | = | John Mulaney: New in Town (2012)                          |
[2024-04-25 05:05:45,871] [builder.py:2265]           [INFO]     | 17/30 | Stand Up Comedy Collection | = | John Oliver: Terrifying Times (2008)                      |
[2024-04-25 05:05:45,871] [builder.py:2265]           [INFO]     | 18/30 | Stand Up Comedy Collection | = | Kyle Kinane: I Liked His Old Stuff Better (2015)          |
[2024-04-25 05:05:45,871] [builder.py:2265]           [INFO]     | 19/30 | Stand Up Comedy Collection | = | Kyle Kinane: Whiskey Icarus (2012)                        |
[2024-04-25 05:05:45,872] [builder.py:2265]           [INFO]     | 20/30 | Stand Up Comedy Collection | = | Mike Birbiglia: What I Should Have Said Was Nothing (2008) |
[2024-04-25 05:05:45,872] [builder.py:2265]           [INFO]     | 21/30 | Stand Up Comedy Collection | = | Norm Macdonald: Hitler's Dog, Gossip & Trickery (2017)    |
[2024-04-25 05:05:45,872] [builder.py:2265]           [INFO]     | 22/30 | Stand Up Comedy Collection | = | Norm Macdonald: Me Doing Standup (2011)                   |
[2024-04-25 05:05:45,872] [builder.py:2265]           [INFO]     | 23/30 | Stand Up Comedy Collection | = | Patton Oswalt: Annihilation (2017)                        |
[2024-04-25 05:05:45,872] [builder.py:2265]           [INFO]     | 24/30 | Stand Up Comedy Collection | = | Patton Oswalt: Finest Hour (2011)                         |
[2024-04-25 05:05:45,872] [builder.py:2265]           [INFO]     | 25/30 | Stand Up Comedy Collection | = | Patton Oswalt: My Weakness Is Strong (2009)               |
[2024-04-25 05:05:45,873] [builder.py:2265]           [INFO]     | 26/30 | Stand Up Comedy Collection | = | Patton Oswalt: No Reason to Complain (2004)               |
[2024-04-25 05:05:45,873] [builder.py:2265]           [INFO]     | 27/30 | Stand Up Comedy Collection | = | Patton Oswalt: Talking for Clapping (2016)                |
[2024-04-25 05:05:45,873] [builder.py:2265]           [INFO]     | 28/30 | Stand Up Comedy Collection | = | An Evening with P. Oswalt (2007)                          |
[2024-04-25 05:05:45,873] [builder.py:2265]           [INFO]     | 29/30 | Stand Up Comedy Collection | = | Rory Scovel Tries Stand-Up for the First Time (2017)      |
[2024-04-25 05:05:45,873] [builder.py:2265]           [INFO]     | 30/30 | Stand Up Comedy Collection | = | Stephen Merchant: Hello Ladies... Live! (2011)            |
[2024-04-25 05:05:45,873] [builder.py:2285]           [INFO]     |                                                                                                    |
[2024-04-25 05:05:45,873] [builder.py:2287]           [INFO]     | 30 Movies Processed 0 Movies Added                                                                 |
[2024-04-25 05:05:46,014] [builder.py:2411]           [ERROR]    | TMDb Error: No Movie found for TMDb ID 693423                                                      |
[2024-04-25 05:05:46,136] [builder.py:2411]           [ERROR]    | TMDb Error: No Movie found for TMDb ID 348221                                                      |
[2024-04-25 05:05:46,366] [builder.py:2411]           [ERROR]    | TMDb Error: No Movie found for TMDb ID 466986                                                      |
[2024-04-25 05:05:46,557] [builder.py:2411]           [ERROR]    | TMDb Error: No Movie found for TMDb ID 293296                                                      |
[2024-04-25 05:05:47,812] [builder.py:2411]           [ERROR]    | TMDb Error: No Movie found for TMDb ID 36747                                                       |
[2024-04-25 05:05:50,527] [builder.py:2411]           [ERROR]    | TMDb Error: No Movie found for TMDb ID 307288                                                      |
[2024-04-25 05:05:51,102] [builder.py:2411]           [ERROR]    | TMDb Error: No Movie found for TMDb ID 431439                                                      |
[2024-04-25 05:05:51,216] [builder.py:2422]           [INFO]     |                                                                                                    |
[2024-04-25 05:05:51,216] [builder.py:2423]           [INFO]     | 685 Movies Missing                                                                                 |
[2024-04-25 05:05:51,946] [builder.py:2623]           [INFO]     |                                                                                                    |
[2024-04-25 05:05:51,946] [builder.py:2624]           [INFO]     |========================== Updating Details of Stand Up Comedy Collection ==========================|
[2024-04-25 05:05:51,946] [builder.py:2625]           [INFO]     |                                                                                                    |
[2024-04-25 05:05:51,954] [builder.py:2689]           [INFO]     | Collection Metadata Edits                                                                          |
[2024-04-25 05:05:51,958] [util.py:178]               [DEBUG]    | 2 posters found:                                                                                   |
[2024-04-25 05:05:51,958] [util.py:180]               [DEBUG]    | Method: url_poster Poster: https://theposterdb.com/api/assets/166533                               |
[2024-04-25 05:05:51,958] [util.py:180]               [DEBUG]    | Method: asset_directory Poster: {'attribute': 'asset_directory', 'location': '//config/assets/movies/Stand Up Comedy/poster.jpg', 'prefix': "Stand Up Comedy's ", 'is_poster': True, 'is_url': False, 'compare': 131162, 'message': "Stand Up Comedy's poster to [File] //config/assets/movies/Stand Up Comedy/poster.jpg"} |
[2024-04-25 05:05:51,959] [library.py:177]            [INFO]     | Detail: Stand Up Comedy's poster update not needed                                                 |
[2024-04-25 05:05:52,137] [plex_meta_manager.py:780]  [INFO]     |                                                                                                    |
[2024-04-25 05:05:52,137] [plex_meta_manager.py:781]  [INFO]     |====================================================================================================|
[2024-04-25 05:05:52,138] [plex_meta_manager.py:781]  [INFO]     |                                Finished Stand Up Comedy Collection                                 |
[2024-04-25 05:05:52,138] [plex_meta_manager.py:781]  [INFO]     |                                    Collection Run Time: 0:00:07                                    |
[2024-04-25 05:05:52,138] [plex_meta_manager.py:781]  [INFO]     |====================================================================================================|
