[2024-04-25 05:05:55,692] [builder.py:193]            [INFO]     |====================================================================================================|
[2024-04-25 05:05:55,693] [builder.py:193]            [INFO]     |                                Body Snatchers Collection in Movies                                 |
[2024-04-25 05:05:55,693] [builder.py:193]            [INFO]     |====================================================================================================|
[2024-04-25 05:05:55,693] [builder.py:194]            [INFO]     |                                                                                                    |
[2024-04-25 05:05:55,693] [builder.py:205]            [INFO]     |================================ Building Definition From Templates ================================|
[2024-04-25 05:05:55,693] [builder.py:206]            [DEBUG]    |                                                                                                    |
[2024-04-25 05:05:55,693] [builder.py:216]            [DEBUG]    | Templates Called: Franchise                                                                        |
[2024-04-25 05:05:55,693] [builder.py:217]            [DEBUG]    |                                                                                                    |
[2024-04-25 05:05:55,694] [meta.py:550]               [DEBUG]    |==================================== Final Template Attributes =====================================|
[2024-04-25 05:05:55,694] [meta.py:551]               [DEBUG]    |                                                                                                    |
[2024-04-25 05:05:55,694] [meta.py:552]               [DEBUG]    | {'url_poster': 'https://image.tmdb.org/t/p/original/fqvoXoi8Vn53c0WtjEXn7kBLfeO.jpg', 'sort_title': '++++_Body Snatchers', 'collection_mode': 'hide', 'collection_order': 'release', 'delete_not_scheduled': True, 'run_again': True, 'visible_home': False, 'visible_shared': False, 'sync_mode': 'sync'} |
[2024-04-25 05:05:55,695] [meta.py:553]               [DEBUG]    |                                                                                                    |
[2024-04-25 05:05:55,695] [builder.py:233]            [INFO]     |=============================== Validating Body Snatchers Attributes ===============================|
[2024-04-25 05:05:55,837] [builder.py:500]            [DEBUG]    |                                                                                                    |
[2024-04-25 05:05:55,838] [builder.py:501]            [DEBUG]    | Validating Method: delete_not_scheduled                                                            |
[2024-04-25 05:05:55,838] [builder.py:502]            [DEBUG]    | Value: True                                                                                        |
[2024-04-25 05:05:55,838] [builder.py:558]            [DEBUG]    |                                                                                                    |
[2024-04-25 05:05:55,838] [builder.py:559]            [DEBUG]    | Validating Method: run_again                                                                       |
[2024-04-25 05:05:55,838] [builder.py:560]            [DEBUG]    | Value: True                                                                                        |
[2024-04-25 05:05:55,838] [builder.py:579]            [DEBUG]    |                                                                                                    |
[2024-04-25 05:05:55,838] [builder.py:580]            [DEBUG]    | Validating Method: sync_mode                                                                       |
[2024-04-25 05:05:55,838] [builder.py:584]            [DEBUG]    | Value: sync                                                                                        |
[2024-04-25 05:05:55,838] [builder.py:682]            [DEBUG]    |                                                                                                    |
[2024-04-25 05:05:55,839] [builder.py:683]            [DEBUG]    | Validating Method: collection_order                                                                |
[2024-04-25 05:05:55,839] [builder.py:684]            [DEBUG]    | Value: release                                                                                     |
[2024-04-25 05:05:55,839] [builder.py:715]            [DEBUG]    |                                                                                                    |
[2024-04-25 05:05:55,839] [builder.py:719]            [DEBUG]    | Validating Method: trakt_list                                                                      |
[2024-04-25 05:05:55,839] [builder.py:720]            [DEBUG]    | Value: https://trakt.tv/users/mrjohnnycake/lists/body-snatchers-copy?sort=released,desc            |
[2024-04-25 05:05:55,956] [builder.py:715]            [DEBUG]    |                                                                                                    |
[2024-04-25 05:05:55,957] [builder.py:719]            [DEBUG]    | Validating Method: summary                                                                         |
[2024-04-25 05:05:55,957] [builder.py:720]            [DEBUG]    | Value: Based on Jack Finney’s novel about an insidious and silent alien invasion that threatens the world’s population, The Invasion of the Body Snatchers is one of the most prolific stories in all of horror, and, which employs a handful of standard noirish elements and leaves the story open to countless social and political interpretations. |
[2024-04-25 05:05:55,957] [builder.py:715]            [DEBUG]    |                                                                                                    |
[2024-04-25 05:05:55,957] [builder.py:719]            [DEBUG]    | Validating Method: url_poster                                                                      |
[2024-04-25 05:05:55,957] [builder.py:720]            [DEBUG]    | Value: https://image.tmdb.org/t/p/original/fqvoXoi8Vn53c0WtjEXn7kBLfeO.jpg                         |
[2024-04-25 05:05:56,269] [builder.py:715]            [DEBUG]    |                                                                                                    |
[2024-04-25 05:05:56,269] [builder.py:719]            [DEBUG]    | Validating Method: sort_title                                                                      |
[2024-04-25 05:05:56,269] [builder.py:720]            [DEBUG]    | Value: ++++_Body Snatchers                                                                         |
[2024-04-25 05:05:56,269] [builder.py:715]            [DEBUG]    |                                                                                                    |
[2024-04-25 05:05:56,269] [builder.py:719]            [DEBUG]    | Validating Method: collection_mode                                                                 |
[2024-04-25 05:05:56,270] [builder.py:720]            [DEBUG]    | Value: hide                                                                                        |
[2024-04-25 05:05:56,270] [builder.py:715]            [DEBUG]    |                                                                                                    |
[2024-04-25 05:05:56,270] [builder.py:719]            [DEBUG]    | Validating Method: visible_home                                                                    |
[2024-04-25 05:05:56,270] [builder.py:720]            [DEBUG]    | Value: False                                                                                       |
[2024-04-25 05:05:56,270] [builder.py:715]            [DEBUG]    |                                                                                                    |
[2024-04-25 05:05:56,270] [builder.py:719]            [DEBUG]    | Validating Method: visible_shared                                                                  |
[2024-04-25 05:05:56,270] [builder.py:720]            [DEBUG]    | Value: False                                                                                       |
[2024-04-25 05:05:56,270] [builder.py:885]            [INFO]     |                                                                                                    |
[2024-04-25 05:05:56,270] [builder.py:886]            [INFO]     | Validation Successful                                                                              |
[2024-04-25 05:05:56,270] [plex_meta_manager.py:636]  [INFO]     |                                                                                                    |
[2024-04-25 05:05:56,271] [plex_meta_manager.py:638]  [INFO]     |================================ Running Body Snatchers Collection =================================|
[2024-04-25 05:05:56,271] [plex_meta_manager.py:652]  [INFO]     |                                                                                                    |
[2024-04-25 05:05:56,271] [plex_meta_manager.py:653]  [INFO]     | Sync Mode: sync                                                                                    |
[2024-04-25 05:05:56,271] [plex_meta_manager.py:656]  [DEBUG]    |                                                                                                    |
[2024-04-25 05:05:56,271] [plex_meta_manager.py:657]  [DEBUG]    | Builder: trakt_list: https://trakt.tv/users/mrjohnnycake/lists/body-snatchers-copy?sort=released,desc |
[2024-04-25 05:05:56,271] [plex_meta_manager.py:658]  [INFO]     |                                                                                                    |
[2024-04-25 05:05:56,271] [trakt.py:493]              [INFO]     | Processing Trakt List: https://trakt.tv/users/mrjohnnycake/lists/body-snatchers-copy?sort=released,desc |
[2024-04-25 05:05:56,397] [builder.py:1665]           [DEBUG]    |                                                                                                    |
[2024-04-25 05:05:56,397] [builder.py:1666]           [DEBUG]    | 4 IDs Found                                                                                        |
[2024-04-25 05:05:56,397] [builder.py:1668]           [DEBUG]    |                                                                                                    |
[2024-04-25 05:05:56,397] [builder.py:2249]           [INFO]     |                                                                                                    |
[2024-04-25 05:05:56,397] [builder.py:2250]           [INFO]     |=============================== Adding to Body Snatchers Collection ================================|
[2024-04-25 05:05:56,397] [builder.py:2251]           [INFO]     |                                                                                                    |
[2024-04-25 05:05:56,397] [builder.py:2265]           [INFO]     | 1/4 | Body Snatchers Collection | = | Invasion of the Body Snatchers (1956)                        |
[2024-04-25 05:05:56,398] [builder.py:2265]           [INFO]     | 2/4 | Body Snatchers Collection | = | Invasion of the Body Snatchers (1978)                        |
[2024-04-25 05:05:56,398] [builder.py:2265]           [INFO]     | 3/4 | Body Snatchers Collection | = | Body Snatchers (1993)                                        |
[2024-04-25 05:05:56,398] [builder.py:2265]           [INFO]     | 4/4 | Body Snatchers Collection | = | The Invasion (2007)                                          |
[2024-04-25 05:05:56,398] [builder.py:2285]           [INFO]     |                                                                                                    |
[2024-04-25 05:05:56,398] [builder.py:2287]           [INFO]     | 4 Movies Processed 0 Movies Added                                                                  |
[2024-04-25 05:05:56,404] [builder.py:2623]           [INFO]     |                                                                                                    |
[2024-04-25 05:05:56,404] [builder.py:2624]           [INFO]     |========================== Updating Details of Body Snatchers Collection ===========================|
[2024-04-25 05:05:56,404] [builder.py:2625]           [INFO]     |                                                                                                    |
[2024-04-25 05:05:56,412] [builder.py:2689]           [INFO]     | Collection Metadata Edits                                                                          |
[2024-04-25 05:05:56,416] [util.py:178]               [DEBUG]    | 2 posters found:                                                                                   |
[2024-04-25 05:05:56,416] [util.py:180]               [DEBUG]    | Method: url_poster Poster: https://image.tmdb.org/t/p/original/fqvoXoi8Vn53c0WtjEXn7kBLfeO.jpg     |
[2024-04-25 05:05:56,416] [util.py:180]               [DEBUG]    | Method: asset_directory Poster: {'attribute': 'asset_directory', 'location': '//config/assets/movies/Body Snatchers/poster.jpg', 'prefix': "Body Snatchers's ", 'is_poster': True, 'is_url': False, 'compare': 771878, 'message': "Body Snatchers's poster to [File] //config/assets/movies/Body Snatchers/poster.jpg"} |
[2024-04-25 05:05:56,417] [library.py:177]            [INFO]     | Detail: Body Snatchers's poster update not needed                                                  |
[2024-04-25 05:05:56,558] [plex_meta_manager.py:780]  [INFO]     |                                                                                                    |
[2024-04-25 05:05:56,558] [plex_meta_manager.py:781]  [INFO]     |====================================================================================================|
[2024-04-25 05:05:56,558] [plex_meta_manager.py:781]  [INFO]     |                                 Finished Body Snatchers Collection                                 |
[2024-04-25 05:05:56,558] [plex_meta_manager.py:781]  [INFO]     |                                    Collection Run Time: 0:00:00                                    |
[2024-04-25 05:05:56,558] [plex_meta_manager.py:781]  [INFO]     |====================================================================================================|
