[2024-04-25 05:05:52,138] [builder.py:193]            [INFO]     |====================================================================================================|
[2024-04-25 05:05:52,139] [builder.py:193]            [INFO]     |                                  Time Travel Collection in Movies                                  |
[2024-04-25 05:05:52,139] [builder.py:193]            [INFO]     |====================================================================================================|
[2024-04-25 05:05:52,139] [builder.py:194]            [INFO]     |                                                                                                    |
[2024-04-25 05:05:52,139] [builder.py:205]            [INFO]     |================================ Building Definition From Templates ================================|
[2024-04-25 05:05:52,139] [builder.py:206]            [DEBUG]    |                                                                                                    |
[2024-04-25 05:05:52,139] [builder.py:216]            [DEBUG]    | Templates Called: Specialty                                                                        |
[2024-04-25 05:05:52,139] [builder.py:217]            [DEBUG]    |                                                                                                    |
[2024-04-25 05:05:52,140] [meta.py:550]               [DEBUG]    |==================================== Final Template Attributes =====================================|
[2024-04-25 05:05:52,140] [meta.py:551]               [DEBUG]    |                                                                                                    |
[2024-04-25 05:05:52,140] [meta.py:552]               [DEBUG]    | {'url_poster': 'https://theposterdb.com/api/assets/160794', 'sort_title': 'Time Travel', 'delete_not_scheduled': True, 'run_again': True, 'visible_home': False, 'visible_shared': False, 'sync_mode': 'sync'} |
[2024-04-25 05:05:52,140] [meta.py:553]               [DEBUG]    |                                                                                                    |
[2024-04-25 05:05:52,141] [builder.py:233]            [INFO]     |================================ Validating Time Travel Attributes =================================|
[2024-04-25 05:05:52,511] [builder.py:500]            [DEBUG]    |                                                                                                    |
[2024-04-25 05:05:52,511] [builder.py:501]            [DEBUG]    | Validating Method: delete_not_scheduled                                                            |
[2024-04-25 05:05:52,511] [builder.py:502]            [DEBUG]    | Value: True                                                                                        |
[2024-04-25 05:05:52,511] [builder.py:558]            [DEBUG]    |                                                                                                    |
[2024-04-25 05:05:52,511] [builder.py:559]            [DEBUG]    | Validating Method: run_again                                                                       |
[2024-04-25 05:05:52,511] [builder.py:560]            [DEBUG]    | Value: True                                                                                        |
[2024-04-25 05:05:52,511] [builder.py:579]            [DEBUG]    |                                                                                                    |
[2024-04-25 05:05:52,511] [builder.py:580]            [DEBUG]    | Validating Method: sync_mode                                                                       |
[2024-04-25 05:05:52,512] [builder.py:584]            [DEBUG]    | Value: sync                                                                                        |
[2024-04-25 05:05:52,512] [builder.py:715]            [DEBUG]    |                                                                                                    |
[2024-04-25 05:05:52,512] [builder.py:719]            [DEBUG]    | Validating Method: trakt_list                                                                      |
[2024-04-25 05:05:52,512] [builder.py:720]            [DEBUG]    | Value: https://trakt.tv/users/vagnerr/lists/time-travel?sort=released,asc                          |
[2024-04-25 05:05:52,813] [builder.py:715]            [DEBUG]    |                                                                                                    |
[2024-04-25 05:05:52,814] [builder.py:719]            [DEBUG]    | Validating Method: summary                                                                         |
[2024-04-25 05:05:52,814] [builder.py:720]            [DEBUG]    | Value: What would you do with the power to travel through time? Even though we're stuck in the present, humans can't stop dreaming about what we would do if we could change the past, tell the future, and influence our current reality. Luckily, the following cinematic masterpieces have done all the thinking for us. These movies showcase the challenges, pitfalls, and miracles that come with using time travel to change the course of history—if it was possible. |
[2024-04-25 05:05:52,814] [builder.py:715]            [DEBUG]    |                                                                                                    |
[2024-04-25 05:05:52,814] [builder.py:719]            [DEBUG]    | Validating Method: url_poster                                                                      |
[2024-04-25 05:05:52,814] [builder.py:720]            [DEBUG]    | Value: https://theposterdb.com/api/assets/160794                                                   |
[2024-04-25 05:05:53,227] [builder.py:715]            [DEBUG]    |                                                                                                    |
[2024-04-25 05:05:53,228] [builder.py:719]            [DEBUG]    | Validating Method: sort_title                                                                      |
[2024-04-25 05:05:53,228] [builder.py:720]            [DEBUG]    | Value: Time Travel                                                                                 |
[2024-04-25 05:05:53,228] [builder.py:715]            [DEBUG]    |                                                                                                    |
[2024-04-25 05:05:53,228] [builder.py:719]            [DEBUG]    | Validating Method: visible_home                                                                    |
[2024-04-25 05:05:53,228] [builder.py:720]            [DEBUG]    | Value: False                                                                                       |
[2024-04-25 05:05:53,228] [builder.py:715]            [DEBUG]    |                                                                                                    |
[2024-04-25 05:05:53,228] [builder.py:719]            [DEBUG]    | Validating Method: visible_shared                                                                  |
[2024-04-25 05:05:53,229] [builder.py:720]            [DEBUG]    | Value: False                                                                                       |
[2024-04-25 05:05:53,229] [builder.py:885]            [INFO]     |                                                                                                    |
[2024-04-25 05:05:53,229] [builder.py:886]            [INFO]     | Validation Successful                                                                              |
[2024-04-25 05:05:53,229] [plex_meta_manager.py:636]  [INFO]     |                                                                                                    |
[2024-04-25 05:05:53,229] [plex_meta_manager.py:638]  [INFO]     |================================== Running Time Travel Collection ==================================|
[2024-04-25 05:05:53,229] [plex_meta_manager.py:652]  [INFO]     |                                                                                                    |
[2024-04-25 05:05:53,229] [plex_meta_manager.py:653]  [INFO]     | Sync Mode: sync                                                                                    |
[2024-04-25 05:05:53,230] [plex_meta_manager.py:656]  [DEBUG]    |                                                                                                    |
[2024-04-25 05:05:53,230] [plex_meta_manager.py:657]  [DEBUG]    | Builder: trakt_list: https://trakt.tv/users/vagnerr/lists/time-travel?sort=released,asc            |
[2024-04-25 05:05:53,230] [plex_meta_manager.py:658]  [INFO]     |                                                                                                    |
[2024-04-25 05:05:53,230] [trakt.py:493]              [INFO]     | Processing Trakt List: https://trakt.tv/users/vagnerr/lists/time-travel?sort=released,asc          |
[2024-04-25 05:05:53,400] [builder.py:1665]           [DEBUG]    |                                                                                                    |
[2024-04-25 05:05:53,400] [builder.py:1666]           [DEBUG]    | 237 IDs Found                                                                                      |
[2024-04-25 05:05:53,400] [builder.py:1668]           [DEBUG]    |                                                                                                    |
[2024-04-25 05:05:53,404] [builder.py:2249]           [INFO]     |                                                                                                    |
[2024-04-25 05:05:53,404] [builder.py:2250]           [INFO]     |================================= Adding to Time Travel Collection =================================|
[2024-04-25 05:05:53,404] [builder.py:2251]           [INFO]     |                                                                                                    |
[2024-04-25 05:05:53,404] [builder.py:2265]           [INFO]     |  1/57 | Time Travel Collection | = | Frequently Asked Questions About Time Travel (2009)           |
[2024-04-25 05:05:53,405] [builder.py:2265]           [INFO]     |  2/57 | Time Travel Collection | = | Back to the Future (1985)                                     |
[2024-04-25 05:05:53,405] [builder.py:2265]           [INFO]     |  3/57 | Time Travel Collection | = | Back to the Future Part II (1989)                             |
[2024-04-25 05:05:53,405] [builder.py:2265]           [INFO]     |  4/57 | Time Travel Collection | = | Back to the Future Part III (1990)                            |
[2024-04-25 05:05:53,405] [builder.py:2265]           [INFO]     |  5/57 | Time Travel Collection | = | Looper (2012)                                                 |
[2024-04-25 05:05:53,405] [builder.py:2265]           [INFO]     |  6/57 | Time Travel Collection | = | Groundhog Day (1993)                                          |
[2024-04-25 05:05:53,405] [builder.py:2265]           [INFO]     |  7/57 | Time Travel Collection | = | The Terminator (1984)                                         |
[2024-04-25 05:05:53,405] [builder.py:2265]           [INFO]     |  8/57 | Time Travel Collection | = | Terminator Salvation (2009)                                   |
[2024-04-25 05:05:53,406] [builder.py:2265]           [INFO]     |  9/57 | Time Travel Collection | = | Terminator 2: Judgment Day (1991)                             |
[2024-04-25 05:05:53,406] [builder.py:2265]           [INFO]     | 10/57 | Time Travel Collection | = | Terminator 3: Rise of the Machines (2003)                     |
[2024-04-25 05:05:53,406] [builder.py:2265]           [INFO]     | 11/57 | Time Travel Collection | = | Bill & Ted's Bogus Journey (1991)                             |
[2024-04-25 05:05:53,406] [builder.py:2265]           [INFO]     | 12/57 | Time Travel Collection | = | Bill & Ted's Excellent Adventure (1989)                       |
[2024-04-25 05:05:53,406] [builder.py:2265]           [INFO]     | 13/57 | Time Travel Collection | = | Harry Potter and the Prisoner of Azkaban (2004)               |
[2024-04-25 05:05:53,406] [builder.py:2265]           [INFO]     | 14/57 | Time Travel Collection | = | ARQ (2016)                                                    |
[2024-04-25 05:05:53,407] [builder.py:2265]           [INFO]     | 15/57 | Time Travel Collection | = | Project Almanac (2015)                                        |
[2024-04-25 05:05:53,407] [builder.py:2265]           [INFO]     | 16/57 | Time Travel Collection | = | Doctor Strange (2016)                                         |
[2024-04-25 05:05:53,407] [builder.py:2265]           [INFO]     | 17/57 | Time Travel Collection | = | X-Men: Days of Future Past (2014)                             |
[2024-04-25 05:05:53,407] [builder.py:2265]           [INFO]     | 18/57 | Time Travel Collection | = | The Final Girls (2015)                                        |
[2024-04-25 05:05:53,408] [builder.py:2265]           [INFO]     | 19/57 | Time Travel Collection | = | Star Trek (2009)                                              |
[2024-04-25 05:05:53,408] [builder.py:2265]           [INFO]     | 20/57 | Time Travel Collection | = | Star Trek IV: The Voyage Home (1986)                          |
[2024-04-25 05:05:53,408] [builder.py:2265]           [INFO]     | 21/57 | Time Travel Collection | = | Edge of Tomorrow (2014)                                       |
[2024-04-25 05:05:53,408] [builder.py:2265]           [INFO]     | 22/57 | Time Travel Collection | = | Donnie Darko (2001)                                           |
[2024-04-25 05:05:53,408] [builder.py:2265]           [INFO]     | 23/57 | Time Travel Collection | = | Army of Darkness (1992)                                       |
[2024-04-25 05:05:53,409] [builder.py:2265]           [INFO]     | 24/57 | Time Travel Collection | = | Timecop (1994)                                                |
[2024-04-25 05:05:53,409] [builder.py:2265]           [INFO]     | 25/57 | Time Travel Collection | = | Interstellar (2014)                                           |
[2024-04-25 05:05:53,409] [builder.py:2265]           [INFO]     | 26/57 | Time Travel Collection | = | The Time Machine (1960)                                       |
[2024-04-25 05:05:53,409] [builder.py:2265]           [INFO]     | 27/57 | Time Travel Collection | = | Time Lapse (2015)                                             |
[2024-04-25 05:05:53,409] [builder.py:2265]           [INFO]     | 28/57 | Time Travel Collection | = | Hot Tub Time Machine (2010)                                   |
[2024-04-25 05:05:53,410] [builder.py:2265]           [INFO]     | 29/57 | Time Travel Collection | = | Predestination (2014)                                         |
[2024-04-25 05:05:53,410] [builder.py:2265]           [INFO]     | 30/57 | Time Travel Collection | = | The Butterfly Effect (2004)                                   |
[2024-04-25 05:05:53,410] [builder.py:2265]           [INFO]     | 31/57 | Time Travel Collection | = | Millennium (1989)                                             |
[2024-04-25 05:05:53,410] [builder.py:2265]           [INFO]     | 32/57 | Time Travel Collection | = | 2:22 (2017)                                                   |
[2024-04-25 05:05:53,410] [builder.py:2265]           [INFO]     | 33/57 | Time Travel Collection | = | The Philadelphia Experiment (1984)                            |
[2024-04-25 05:05:53,410] [builder.py:2265]           [INFO]     | 34/57 | Time Travel Collection | = | The Final Countdown (1980)                                    |
[2024-04-25 05:05:53,411] [builder.py:2265]           [INFO]     | 35/57 | Time Travel Collection | = | The Time Machine (2002)                                       |
[2024-04-25 05:05:53,411] [builder.py:2265]           [INFO]     | 36/57 | Time Travel Collection | = | Lost in Space (1998)                                          |
[2024-04-25 05:05:53,411] [builder.py:2265]           [INFO]     | 37/57 | Time Travel Collection | = | Primer (2005)                                                 |
[2024-04-25 05:05:53,411] [builder.py:2265]           [INFO]     | 38/57 | Time Travel Collection | = | Arrival (2016)                                                |
[2024-04-25 05:05:53,411] [builder.py:2265]           [INFO]     | 39/57 | Time Travel Collection | = | Flight of the Navigator (1986)                                |
[2024-04-25 05:05:53,411] [builder.py:2265]           [INFO]     | 40/57 | Time Travel Collection | = | Star Trek: First Contact (1996)                               |
[2024-04-25 05:05:53,412] [builder.py:2265]           [INFO]     | 41/57 | Time Travel Collection | = | The Time Traveler's Wife (2009)                               |
[2024-04-25 05:05:53,412] [builder.py:2265]           [INFO]     | 42/57 | Time Travel Collection | = | About Time (2013)                                             |
[2024-04-25 05:05:53,412] [builder.py:2265]           [INFO]     | 43/57 | Time Travel Collection | = | Deja Vu (2006)                                                |
[2024-04-25 05:05:53,412] [builder.py:2265]           [INFO]     | 44/57 | Time Travel Collection | = | Coherence (2014)                                              |
[2024-04-25 05:05:53,413] [builder.py:2265]           [INFO]     | 45/57 | Time Travel Collection | = | Triangle (2009)                                               |
[2024-04-25 05:05:53,413] [builder.py:2265]           [INFO]     | 46/57 | Time Travel Collection | = | Timecrimes (2007)                                             |
[2024-04-25 05:05:53,413] [builder.py:2265]           [INFO]     | 47/57 | Time Travel Collection | = | Happy Death Day (2017)                                        |
[2024-04-25 05:05:53,413] [builder.py:2265]           [INFO]     | 48/57 | Time Travel Collection | = | Avengers: Endgame (2019)                                      |
[2024-04-25 05:05:53,413] [builder.py:2265]           [INFO]     | 49/57 | Time Travel Collection | = | In the Shadow of the Moon (2019)                              |
[2024-04-25 05:05:53,414] [builder.py:2265]           [INFO]     | 50/57 | Time Travel Collection | = | Frequency (2000)                                              |
[2024-04-25 05:05:53,414] [builder.py:2265]           [INFO]     | 51/57 | Time Travel Collection | = | Time Trap (2018)                                              |
[2024-04-25 05:05:53,414] [builder.py:2265]           [INFO]     | 52/57 | Time Travel Collection | = | Source Code (2011)                                            |
[2024-04-25 05:05:53,414] [builder.py:2265]           [INFO]     | 53/57 | Time Travel Collection | = | Tenet (2020)                                                  |
[2024-04-25 05:05:53,415] [builder.py:2265]           [INFO]     | 54/57 | Time Travel Collection | = | Deadpool 2 (2018)                                             |
[2024-04-25 05:05:53,415] [builder.py:2265]           [INFO]     | 55/57 | Time Travel Collection | = | Safety Not Guaranteed (2012)                                  |
[2024-04-25 05:05:53,415] [builder.py:2265]           [INFO]     | 56/57 | Time Travel Collection | = | The Adam Project (2022)                                       |
[2024-04-25 05:05:53,415] [builder.py:2265]           [INFO]     | 57/57 | Time Travel Collection | = | Bill & Ted Face the Music (2020)                              |
[2024-04-25 05:05:53,416] [builder.py:2285]           [INFO]     |                                                                                                    |
[2024-04-25 05:05:53,416] [builder.py:2287]           [INFO]     | 57 Movies Processed 0 Movies Added                                                                 |
[2024-04-25 05:05:53,555] [builder.py:2422]           [INFO]     |                                                                                                    |
[2024-04-25 05:05:53,556] [builder.py:2423]           [INFO]     | 49 Movies Missing                                                                                  |
[2024-04-25 05:05:54,296] [builder.py:2623]           [INFO]     |                                                                                                    |
[2024-04-25 05:05:54,297] [builder.py:2624]           [INFO]     |============================ Updating Details of Time Travel Collection ============================|
[2024-04-25 05:05:54,297] [builder.py:2625]           [INFO]     |                                                                                                    |
[2024-04-25 05:05:54,305] [builder.py:2689]           [INFO]     | Collection Metadata Edits                                                                          |
[2024-04-25 05:05:54,308] [util.py:178]               [DEBUG]    | 2 posters found:                                                                                   |
[2024-04-25 05:05:54,308] [util.py:180]               [DEBUG]    | Method: url_poster Poster: https://theposterdb.com/api/assets/160794                               |
[2024-04-25 05:05:54,308] [util.py:180]               [DEBUG]    | Method: asset_directory Poster: {'attribute': 'asset_directory', 'location': '//config/assets/movies/Time Travel/poster.jpg', 'prefix': "Time Travel's ", 'is_poster': True, 'is_url': False, 'compare': 161879, 'message': "Time Travel's poster to [File] //config/assets/movies/Time Travel/poster.jpg"} |
[2024-04-25 05:05:54,309] [library.py:177]            [INFO]     | Detail: Time Travel's poster update not needed                                                     |
[2024-04-25 05:05:54,676] [plex_meta_manager.py:780]  [INFO]     |                                                                                                    |
[2024-04-25 05:05:54,676] [plex_meta_manager.py:781]  [INFO]     |====================================================================================================|
[2024-04-25 05:05:54,676] [plex_meta_manager.py:781]  [INFO]     |                                  Finished Time Travel Collection                                   |
[2024-04-25 05:05:54,676] [plex_meta_manager.py:781]  [INFO]     |                                    Collection Run Time: 0:00:02                                    |
[2024-04-25 05:05:54,676] [plex_meta_manager.py:781]  [INFO]     |====================================================================================================|
